#
# There is insufficient memory for the Java Runtime Environment to continue.
# Native memory allocation (mmap) failed to map 134217728 bytes for G1 virtual space
# Possible reasons:
#   The system is out of physical RAM or swap space
#   The process is running with CompressedOops enabled, and the Java Heap may be blocking the growth of the native heap
# Possible solutions:
#   Reduce memory load on the system
#   Increase physical memory or swap space
#   Check if swap backing store is full
#   Decrease Java heap size (-Xmx/-Xms)
#   Decrease number of Java threads
#   Decrease Java thread stack sizes (-Xss)
#   Set larger code cache with -XX:ReservedCodeCacheSize=
#   JVM is running with Unscaled Compressed Oops mode in which the Java heap is
#     placed in the first 4GB address space. The Java Heap base address is the
#     maximum limit for the native heap growth. Please use -XX:HeapBaseMinAddress
#     to set the Java Heap base and to place the Java Heap above 4GB virtual address.
# This output file may be truncated or incomplete.
#
#  Out of Memory Error (os_windows.cpp:3548), pid=8784, tid=18232
#
# JRE version:  (17.0.11+7) (build )
# Java VM: Java HotSpot(TM) 64-Bit Server VM (17.0.11+7-LTS-207, mixed mode, sharing, tiered, compressed oops, compressed class ptrs, g1 gc, windows-amd64)
# No core dump will be written. Minidumps are not enabled by default on client versions of Windows
#

---------------  S U M M A R Y ------------

Command Line: -Dclassworlds.conf=D:\Maven\apache-maven-3.9.8\bin\m2.conf -Dmaven.home=D:\Maven\apache-maven-3.9.8 -Dlibrary.jansi.path=D:\Maven\apache-maven-3.9.8\lib\jansi-native -Dmaven.multiModuleProjectDirectory=D:\Ecllipse-Projects\AstroGanitApiNew org.codehaus.plexus.classworlds.launcher.Launcher package

Host: Intel(R) Core(TM) i5-5300U CPU @ 2.30GHz, 4 cores, 7G,  Windows 10 , 64 bit Build 19041 (10.0.19041.5915)
Time: Tue Apr 14 13:18:01 2026 India Standard Time elapsed time: 0.080915 seconds (0d 0h 0m 0s)

---------------  T H R E A D  ---------------

Current thread (0x0000014c71b82b00):  JavaThread "Unknown thread" [_thread_in_vm, id=18232, stack(0x0000003c54d00000,0x0000003c54e00000)]

Stack: [0x0000003c54d00000,0x0000003c54e00000]
Native frames: (J=compiled Java code, j=interpreted, Vv=VM code, C=native code)
V  [jvm.dll+0x679cca]
V  [jvm.dll+0x7da13d]
V  [jvm.dll+0x7dba83]
V  [jvm.dll+0x7dc0f3]
V  [jvm.dll+0x2449af]
V  [jvm.dll+0x676ce9]
V  [jvm.dll+0x66b852]
V  [jvm.dll+0x3018d6]
V  [jvm.dll+0x308e76]
V  [jvm.dll+0x3596ee]
V  [jvm.dll+0x35991f]
V  [jvm.dll+0x2d89a8]
V  [jvm.dll+0x2d9914]
V  [jvm.dll+0x7ac6b1]
V  [jvm.dll+0x366f61]
V  [jvm.dll+0x78b609]
V  [jvm.dll+0x3ec22f]
V  [jvm.dll+0x3ede61]
C  [jli.dll+0x5297]
C  [ucrtbase.dll+0x21bb2]
C  [KERNEL32.DLL+0x17374]
C  [ntdll.dll+0x4cc91]


---------------  P R O C E S S  ---------------

Threads class SMR info:
_java_thread_list=0x00007ff9086b7a18, length=0, elements={
}

Java Threads: ( => current thread )

Other Threads:
  0x0000014c71bdde00 GCTaskThread "GC Thread#0" [stack: 0x0000003c54e00000,0x0000003c54f00000] [id=2960]
  0x0000014c71bf0050 ConcurrentGCThread "G1 Main Marker" [stack: 0x0000003c54f00000,0x0000003c55000000] [id=18604]
  0x0000014c71bf1980 ConcurrentGCThread "G1 Conc#0" [stack: 0x0000003c55000000,0x0000003c55100000] [id=17748]

[error occurred during error reporting (printing all threads), id 0xc0000005, EXCEPTION_ACCESS_VIOLATION (0xc0000005) at pc=0x00007ff907ee9497]

VM state: not at safepoint (not fully initialized)

VM Mutex/Monitor currently owned by a thread:  ([mutex/lock_event])
[0x0000014c71b7e100] Heap_lock - owner thread: 0x0000014c71b82b00

Heap address: 0x0000000081e00000, size: 2018 MB, Compressed Oops mode: 32-bit

CDS archive(s) mapped at: [0x0000000000000000-0x0000000000000000-0x0000000000000000), size 0, SharedBaseAddress: 0x0000000800000000, ArchiveRelocationMode: 1.
Narrow klass base: 0x0000000000000000, Narrow klass shift: 0, Narrow klass range: 0x0

GC Precious Log:
<Empty>

Heap:
 garbage-first heap   total 0K, used 0K [0x0000000081e00000, 0x0000000100000000)
  region size 1024K, 0 young (0K), 0 survivors (0K)

[error occurred during error reporting (printing heap information), id 0xc0000005, EXCEPTION_ACCESS_VIOLATION (0xc0000005) at pc=0x00007ff9082d3559]

GC Heap History (0 events):
No events

Deoptimization events (0 events):
No events

Classes unloaded (0 events):
No events

Classes redefined (0 events):
No events

Internal exceptions (0 events):
No events

VM Operations (0 events):
No events

Events (1 events):
Event: 0.045 Loaded shared library C:\Program Files\Java\jdk-17\bin\java.dll


Dynamic libraries:
0x00007ff6f7350000 - 0x00007ff6f7360000 	C:\Program Files\Java\jdk-17\bin\java.exe
0x00007ff94dbd0000 - 0x00007ff94ddc8000 	C:\WINDOWS\SYSTEM32\ntdll.dll
0x00007ff94d280000 - 0x00007ff94d342000 	C:\WINDOWS\System32\KERNEL32.DLL
0x00007ff94b600000 - 0x00007ff94b8f6000 	C:\WINDOWS\System32\KERNELBASE.dll
0x00007ff94b390000 - 0x00007ff94b490000 	C:\WINDOWS\System32\ucrtbase.dll
0x00007ff9357c0000 - 0x00007ff9357d9000 	C:\Program Files\Java\jdk-17\bin\jli.dll
0x00007ff94c4e0000 - 0x00007ff94c591000 	C:\WINDOWS\System32\ADVAPI32.dll
0x00007ff94cd10000 - 0x00007ff94cdae000 	C:\WINDOWS\System32\msvcrt.dll
0x00007ff94d400000 - 0x00007ff94d49f000 	C:\WINDOWS\System32\sechost.dll
0x00007ff94bc50000 - 0x00007ff94bd70000 	C:\WINDOWS\System32\RPCRT4.dll
0x00007ff94b900000 - 0x00007ff94b927000 	C:\WINDOWS\System32\bcrypt.dll
0x00007ff94d8d0000 - 0x00007ff94da71000 	C:\WINDOWS\System32\USER32.dll
0x00007ff94ba90000 - 0x00007ff94bab2000 	C:\WINDOWS\System32\win32u.dll
0x00007ff94bbf0000 - 0x00007ff94bc1b000 	C:\WINDOWS\System32\GDI32.dll
0x00007ff94b4e0000 - 0x00007ff94b5f9000 	C:\WINDOWS\System32\gdi32full.dll
0x00007ff94bb50000 - 0x00007ff94bbed000 	C:\WINDOWS\System32\msvcp_win.dll
0x00007ff941950000 - 0x00007ff94196b000 	C:\Program Files\Java\jdk-17\bin\VCRUNTIME140.dll
0x00007ff93af70000 - 0x00007ff93b20b000 	C:\WINDOWS\WinSxS\amd64_microsoft.windows.common-controls_6595b64144ccf1df_6.0.19041.6456_none_60b8a6cb71f64256\COMCTL32.dll
0x00007ff93a5c0000 - 0x00007ff93a5ca000 	C:\WINDOWS\SYSTEM32\VERSION.dll
0x00007ff94bc20000 - 0x00007ff94bc4f000 	C:\WINDOWS\System32\IMM32.DLL
0x00007ff947e20000 - 0x00007ff947e2c000 	C:\Program Files\Java\jdk-17\bin\vcruntime140_1.dll
0x00007ff923ea0000 - 0x00007ff923f2e000 	C:\Program Files\Java\jdk-17\bin\msvcp140.dll
0x00007ff907c00000 - 0x00007ff9087e0000 	C:\Program Files\Java\jdk-17\bin\server\jvm.dll
0x00007ff93bec0000 - 0x00007ff93bee7000 	C:\WINDOWS\SYSTEM32\WINMM.dll
0x00007ff94cec0000 - 0x00007ff94cec8000 	C:\WINDOWS\System32\PSAPI.DLL
0x00007ff946300000 - 0x00007ff946309000 	C:\WINDOWS\SYSTEM32\WSOCK32.dll
0x00007ff94d500000 - 0x00007ff94d56b000 	C:\WINDOWS\System32\WS2_32.dll
0x00007ff949a70000 - 0x00007ff949a82000 	C:\WINDOWS\SYSTEM32\kernel.appcore.dll
0x00007ff946370000 - 0x00007ff94637a000 	C:\Program Files\Java\jdk-17\bin\jimage.dll
0x00007ff949080000 - 0x00007ff949281000 	C:\WINDOWS\SYSTEM32\DBGHELP.DLL
0x00007ff936950000 - 0x00007ff936984000 	C:\WINDOWS\SYSTEM32\dbgcore.DLL
0x00007ff94bac0000 - 0x00007ff94bb42000 	C:\WINDOWS\System32\bcryptPrimitives.dll
0x00007ff9310f0000 - 0x00007ff931115000 	C:\Program Files\Java\jdk-17\bin\java.dll

dbghelp: loaded successfully - version: 4.0.5 - missing functions: none
symbol engine: initialized successfully - sym options: 0x614 - pdb path: .;C:\Program Files\Java\jdk-17\bin;C:\WINDOWS\SYSTEM32;C:\WINDOWS\WinSxS\amd64_microsoft.windows.common-controls_6595b64144ccf1df_6.0.19041.6456_none_60b8a6cb71f64256;C:\Program Files\Java\jdk-17\bin\server

VM Arguments:
jvm_args: -Dclassworlds.conf=D:\Maven\apache-maven-3.9.8\bin\m2.conf -Dmaven.home=D:\Maven\apache-maven-3.9.8 -Dlibrary.jansi.path=D:\Maven\apache-maven-3.9.8\lib\jansi-native -Dmaven.multiModuleProjectDirectory=D:\Ecllipse-Projects\AstroGanitApiNew 
java_command: org.codehaus.plexus.classworlds.launcher.Launcher package
java_class_path (initial): D:\Maven\apache-maven-3.9.8\boot\plexus-classworlds-2.8.0.jar
Launcher Type: SUN_STANDARD

[Global flags]
     intx CICompilerCount                          = 3                                         {product} {ergonomic}
     uint ConcGCThreads                            = 1                                         {product} {ergonomic}
     uint G1ConcRefinementThreads                  = 4                                         {product} {ergonomic}
   size_t G1HeapRegionSize                         = 1048576                                   {product} {ergonomic}
    uintx GCDrainStackTargetSize                   = 64                                        {product} {ergonomic}
   size_t InitialHeapSize                          = 134217728                                 {product} {ergonomic}
   size_t MarkStackSize                            = 4194304                                   {product} {ergonomic}
   size_t MaxHeapSize                              = 2116026368                                {product} {ergonomic}
   size_t MinHeapDeltaBytes                        = 1048576                                   {product} {ergonomic}
   size_t MinHeapSize                              = 8388608                                   {product} {ergonomic}
    uintx NonNMethodCodeHeapSize                   = 5832780                                {pd product} {ergonomic}
    uintx NonProfiledCodeHeapSize                  = 122912730                              {pd product} {ergonomic}
    uintx ProfiledCodeHeapSize                     = 122912730                              {pd product} {ergonomic}
    uintx ReservedCodeCacheSize                    = 251658240                              {pd product} {ergonomic}
     bool SegmentedCodeCache                       = true                                      {product} {ergonomic}
   size_t SoftMaxHeapSize                          = 2116026368                             {manageable} {ergonomic}
     bool UseCompressedClassPointers               = true                           {product lp64_product} {ergonomic}
     bool UseCompressedOops                        = true                           {product lp64_product} {ergonomic}
     bool UseG1GC                                  = true                                      {product} {ergonomic}
     bool UseLargePagesIndividualAllocation        = false                                  {pd product} {ergonomic}

Logging:
Log output configuration:
 #0: stdout all=warning uptime,level,tags
 #1: stderr all=off uptime,level,tags

Environment Variables:
JAVA_HOME=C:\Program Files\Java\jdk-17
PATH=C:\Program Files\nodejs;C:\Program Files\Git\cmd;C:\Program Files\Git\bin;C:\Program Files\Java\jdk-17\bin;C:\Windows\System32;C:\Windows\System32\OpenSSH;C:\Program Files\MySQL\MySQL Shell 8.0\bin\;C:\Program Files\android-sdk-windows\platform-tools;C:\Users\Amit\AppData\Roaming\npm;C:\Users\Amit\AppData\Local\Programs\Microsoft VS Code\bin;D:\Maven\apache-maven-3.9.8\bin
USERNAME=Amit
OS=Windows_NT
PROCESSOR_IDENTIFIER=Intel64 Family 6 Model 61 Stepping 4, GenuineIntel



---------------  S Y S T E M  ---------------

OS:
 Windows 10 , 64 bit Build 19041 (10.0.19041.5915)
OS uptime: 28 days 11:39 hours

CPU: total 4 (initial active 4) (2 cores per cpu, 2 threads per core) family 6 model 61 stepping 4 microcode 0x2d, cx8, cmov, fxsr, ht, mmx, 3dnowpref, sse, sse2, sse3, ssse3, sse4.1, sse4.2, popcnt, lzcnt, tsc, tscinvbit, avx, avx2, aes, erms, clmul, bmi1, bmi2, rtm, adx, fma, vzeroupper, clflush

Memory: 4k page, system-wide physical 8067M (233M free)
TotalPageFile size 24037M (AvailPageFile size 74M)
current process WorkingSet (physical memory assigned to process): 10M, peak: 10M
current process commit charge ("private bytes"): 51M, peak: 179M

vm_info: Java HotSpot(TM) 64-Bit Server VM (17.0.11+7-LTS-207) for windows-amd64 JRE (17.0.11+7-LTS-207), built on Mar 11 2024 19:01:50 by "mach5one" with MS VC++ 17.6 (VS2022)

END.
