#
# There is insufficient memory for the Java Runtime Environment to continue.
# Native memory allocation (mmap) failed to map 65536 bytes for Failed to commit metaspace.
# Possible reasons:
#   The system is out of physical RAM or swap space
#   The process is running with CompressedOops enabled, and the Java Heap may be blocking the growth of the native heap
# Possible solutions:
#   Reduce memory load on the system
#   Increase physical memory or swap space
#   Check if swap backing store is full
#   Decrease Java heap size (-Xmx/-Xms)
#   Decrease number of Java threads
#   Decrease Java thread stack sizes (-Xss)
#   Set larger code cache with -XX:ReservedCodeCacheSize=
#   JVM is running with Unscaled Compressed Oops mode in which the Java heap is
#     placed in the first 4GB address space. The Java Heap base address is the
#     maximum limit for the native heap growth. Please use -XX:HeapBaseMinAddress
#     to set the Java Heap base and to place the Java Heap above 4GB virtual address.
# This output file may be truncated or incomplete.
#
#  Out of Memory Error (virtualSpaceNode.cpp:110), pid=2448, tid=20240
#
# JRE version: Java(TM) SE Runtime Environment (17.0.11+7) (build 17.0.11+7-LTS-207)
# Java VM: Java HotSpot(TM) 64-Bit Server VM (17.0.11+7-LTS-207, mixed mode, sharing, tiered, compressed oops, compressed class ptrs, g1 gc, windows-amd64)
# No core dump will be written. Minidumps are not enabled by default on client versions of Windows
#

---------------  S U M M A R Y ------------

Command Line: -Dfile.encoding=UTF-8 -XX:+ShowCodeDetailsInExceptionMessages com.astroganit.AstroGanitApiNewApplication

Host: Intel(R) Core(TM) i5-5300U CPU @ 2.30GHz, 4 cores, 7G,  Windows 10 , 64 bit Build 19041 (10.0.19041.5915)
Time: Wed May  6 14:42:44 2026 India Standard Time elapsed time: 2.898541 seconds (0d 0h 0m 2s)

---------------  T H R E A D  ---------------

Current thread (0x000001d4f92c0720):  JavaThread "background-preinit" [_thread_in_vm, id=20240, stack(0x00000022f5200000,0x00000022f5300000)]

Stack: [0x00000022f5200000,0x00000022f5300000]
Native frames: (J=compiled Java code, j=interpreted, Vv=VM code, C=native code)
V  [jvm.dll+0x679cca]
V  [jvm.dll+0x7da13d]
V  [jvm.dll+0x7dba83]
V  [jvm.dll+0x7dc0f3]
V  [jvm.dll+0x2449af]
V  [jvm.dll+0x7d5d0b]
V  [jvm.dll+0x6200b6]
V  [jvm.dll+0x62011a]
V  [jvm.dll+0x62293d]
V  [jvm.dll+0x620a76]
V  [jvm.dll+0x62a967]
V  [jvm.dll+0x1e7e32]
V  [jvm.dll+0x1e8355]
V  [jvm.dll+0x1e8c9b]
V  [jvm.dll+0x1de3c1]
V  [jvm.dll+0x53f19c]
V  [jvm.dll+0x1eed6a]
V  [jvm.dll+0x7543bd]
V  [jvm.dll+0x7557d6]
V  [jvm.dll+0x755b08]
V  [jvm.dll+0x23ca5b]
V  [jvm.dll+0x23ccaf]
V  [jvm.dll+0x55d678]
V  [jvm.dll+0x56055e]
V  [jvm.dll+0x380943]
V  [jvm.dll+0x37ffaf]
C  0x000001d4a3f2a70c

Java frames: (J=compiled Java code, j=interpreted, Vv=VM code)
j  java.lang.Math.ceil(D)D+1 java.base@17.0.11
j  org.springframework.util.CollectionUtils.computeMapInitialCapacity(I)I+6
j  org.springframework.util.CollectionUtils.newHashMap(I)Ljava/util/HashMap;+5
j  org.springframework.util.LinkedCaseInsensitiveMap.<init>(ILjava/util/Locale;)V+26
j  org.springframework.util.MimeType.<init>(Ljava/lang/String;Ljava/lang/String;Ljava/util/Map;)V+68
j  org.springframework.util.MimeType.<init>(Ljava/lang/String;Ljava/lang/String;Ljava/nio/charset/Charset;)V+12
j  org.springframework.http.MediaType.<init>(Ljava/lang/String;Ljava/lang/String;Ljava/nio/charset/Charset;)V+4
j  org.springframework.http.MediaType.<clinit>()V+125
v  ~StubRoutines::call_stub
j  org.springframework.http.converter.FormHttpMessageConverter.<clinit>()V+6
v  ~StubRoutines::call_stub
j  org.springframework.boot.autoconfigure.BackgroundPreinitializer$MessageConverterInitializer.run()V+0
j  org.springframework.boot.autoconfigure.BackgroundPreinitializer$1.runSafely(Ljava/lang/Runnable;)Z+1
j  org.springframework.boot.autoconfigure.BackgroundPreinitializer$1.run()V+32
j  java.lang.Thread.run()V+11 java.base@17.0.11
v  ~StubRoutines::call_stub

---------------  P R O C E S S  ---------------

Threads class SMR info:
_java_thread_list=0x000001d4f9c1a7c0, length=16, elements={
0x000001d4939582e0, 0x000001d4b312abc0, 0x000001d4b312b950, 0x000001d4b313b6b0,
0x000001d4b313f0a0, 0x000001d4b313f970, 0x000001d4b3140240, 0x000001d4b314c350,
0x000001d4b314cd10, 0x000001d4b3157e00, 0x000001d4b338b870, 0x000001d4b339e280,
0x000001d4f99e7b20, 0x000001d4b370fc90, 0x000001d4f92c0720, 0x000001d4f9c701e0
}

Java Threads: ( => current thread )
  0x000001d4939582e0 JavaThread "main" [_thread_blocked, id=19784, stack(0x00000022f3900000,0x00000022f3a00000)]
  0x000001d4b312abc0 JavaThread "Reference Handler" daemon [_thread_blocked, id=13856, stack(0x00000022f4000000,0x00000022f4100000)]
  0x000001d4b312b950 JavaThread "Finalizer" daemon [_thread_blocked, id=20608, stack(0x00000022f4100000,0x00000022f4200000)]
  0x000001d4b313b6b0 JavaThread "Signal Dispatcher" daemon [_thread_blocked, id=20148, stack(0x00000022f4200000,0x00000022f4300000)]
  0x000001d4b313f0a0 JavaThread "Attach Listener" daemon [_thread_blocked, id=15768, stack(0x00000022f4300000,0x00000022f4400000)]
  0x000001d4b313f970 JavaThread "Service Thread" daemon [_thread_blocked, id=7892, stack(0x00000022f4400000,0x00000022f4500000)]
  0x000001d4b3140240 JavaThread "Monitor Deflation Thread" daemon [_thread_blocked, id=18800, stack(0x00000022f4500000,0x00000022f4600000)]
  0x000001d4b314c350 JavaThread "C2 CompilerThread0" daemon [_thread_in_native, id=14716, stack(0x00000022f4600000,0x00000022f4700000)]
  0x000001d4b314cd10 JavaThread "C1 CompilerThread0" daemon [_thread_blocked, id=192, stack(0x00000022f4700000,0x00000022f4800000)]
  0x000001d4b3157e00 JavaThread "Sweeper thread" daemon [_thread_blocked, id=2528, stack(0x00000022f4800000,0x00000022f4900000)]
  0x000001d4b338b870 JavaThread "Notification Thread" daemon [_thread_blocked, id=18808, stack(0x00000022f4900000,0x00000022f4a00000)]
  0x000001d4b339e280 JavaThread "Common-Cleaner" daemon [_thread_blocked, id=16160, stack(0x00000022f4b00000,0x00000022f4c00000)]
  0x000001d4f99e7b20 JavaThread "Thread-0" [_thread_blocked, id=8096, stack(0x00000022f5000000,0x00000022f5100000)]
  0x000001d4b370fc90 JavaThread "restartedMain" [_thread_in_vm, id=19260, stack(0x00000022f5100000,0x00000022f5200000)]
=>0x000001d4f92c0720 JavaThread "background-preinit" [_thread_in_vm, id=20240, stack(0x00000022f5200000,0x00000022f5300000)]
  0x000001d4f9c701e0 JavaThread "C2 CompilerThread1" daemon [_thread_in_native, id=8880, stack(0x00000022f4c00000,0x00000022f4d00000)]

Other Threads:
  0x000001d4b31253e0 VMThread "VM Thread" [stack: 0x00000022f3f00000,0x00000022f4000000] [id=13120]
  0x000001d4b338dd60 WatcherThread [stack: 0x00000022f4a00000,0x00000022f4b00000] [id=18320]
  0x000001d4939b13d0 GCTaskThread "GC Thread#0" [stack: 0x00000022f3a00000,0x00000022f3b00000] [id=11804]
  0x000001d4f9275f80 GCTaskThread "GC Thread#1" [stack: 0x00000022f4d00000,0x00000022f4e00000] [id=20924]
  0x000001d4f9457b90 GCTaskThread "GC Thread#2" [stack: 0x00000022f4e00000,0x00000022f4f00000] [id=15820]
  0x000001d4f9a37870 GCTaskThread "GC Thread#3" [stack: 0x00000022f4f00000,0x00000022f5000000] [id=15040]
  0x000001d4939c1e80 ConcurrentGCThread "G1 Main Marker" [stack: 0x00000022f3b00000,0x00000022f3c00000] [id=19184]
  0x000001d4939c2f40 ConcurrentGCThread "G1 Conc#0" [stack: 0x00000022f3c00000,0x00000022f3d00000] [id=19468]
  0x000001d4b2fe04a0 ConcurrentGCThread "G1 Refine#0" [stack: 0x00000022f3d00000,0x00000022f3e00000] [id=15236]
  0x000001d4b2fe1df0 ConcurrentGCThread "G1 Service" [stack: 0x00000022f3e00000,0x00000022f3f00000] [id=1956]

Threads with active compile tasks:
C2 CompilerThread0     2938 1755       4       jdk.internal.org.objectweb.asm.Frame::execute (2305 bytes)
C2 CompilerThread1     2938 1876   !   4       jdk.internal.loader.URLClassPath$JarLoader::getResource (354 bytes)

VM state: not at safepoint (normal execution)

VM Mutex/Monitor currently owned by a thread:  ([mutex/lock_event])
[0x000001d493950dc0] Metaspace_lock - owner thread: 0x000001d4f92c0720
[0x000001d493952b10] MethodData_lock - owner thread: 0x000001d4b370fc90

Heap address: 0x0000000081e00000, size: 2018 MB, Compressed Oops mode: 32-bit

CDS archive(s) mapped at: [0x000001d4b4000000-0x000001d4b4bd0000-0x000001d4b4bd0000), size 12386304, SharedBaseAddress: 0x000001d4b4000000, ArchiveRelocationMode: 1.
Compressed class space mapped at: 0x000001d4b5000000-0x000001d4f5000000, reserved size: 1073741824
Narrow klass base: 0x000001d4b4000000, Narrow klass shift: 0, Narrow klass range: 0x100000000

GC Precious Log:
 CPUs: 4 total, 4 available
 Memory: 8067M
 Large Page Support: Disabled
 NUMA Support: Disabled
 Compressed Oops: Enabled (32-bit)
 Heap Region Size: 1M
 Heap Min Capacity: 8M
 Heap Initial Capacity: 128M
 Heap Max Capacity: 2018M
 Pre-touch: Disabled
 Parallel Workers: 4
 Concurrent Workers: 1
 Concurrent Refinement Workers: 4
 Periodic GC: Disabled

Heap:
 garbage-first heap   total 131072K, used 24125K [0x0000000081e00000, 0x0000000100000000)
  region size 1024K, 18 young (18432K), 3 survivors (3072K)
 Metaspace       used 13667K, committed 13824K, reserved 1114112K
  class space    used 1840K, committed 1920K, reserved 1048576K

Heap Regions: E=young(eden), S=young(survivor), O=old, HS=humongous(starts), HC=humongous(continues), CS=collection set, F=free, OA=open archive, CA=closed archive, TAMS=top-at-mark-start (previous, next)
|   0|0x0000000081e00000, 0x0000000081f00000, 0x0000000081f00000|100%|HS|  |TAMS 0x0000000081e00000, 0x0000000081e00000| Complete 
|   1|0x0000000081f00000, 0x0000000082000000, 0x0000000082000000|100%| O|  |TAMS 0x0000000081f00000, 0x0000000081f00000| Untracked 
|   2|0x0000000082000000, 0x0000000082100000, 0x0000000082100000|100%| O|  |TAMS 0x0000000082000000, 0x0000000082000000| Untracked 
|   3|0x0000000082100000, 0x0000000082200000, 0x0000000082200000|100%| O|  |TAMS 0x0000000082100000, 0x0000000082100000| Untracked 
|   4|0x0000000082200000, 0x0000000082300000, 0x0000000082300000|100%| O|  |TAMS 0x0000000082200000, 0x0000000082200000| Untracked 
|   5|0x0000000082300000, 0x0000000082400000, 0x0000000082400000|100%| O|  |TAMS 0x0000000082300000, 0x0000000082300000| Untracked 
|   6|0x0000000082400000, 0x0000000082500000, 0x0000000082500000|100%| O|  |TAMS 0x0000000082400000, 0x0000000082400000| Untracked 
|   7|0x0000000082500000, 0x0000000082541a00, 0x0000000082600000| 25%| O|  |TAMS 0x0000000082500000, 0x0000000082500000| Untracked 
|   8|0x0000000082600000, 0x0000000082600000, 0x0000000082700000|  0%| F|  |TAMS 0x0000000082600000, 0x0000000082600000| Untracked 
|   9|0x0000000082700000, 0x0000000082700000, 0x0000000082800000|  0%| F|  |TAMS 0x0000000082700000, 0x0000000082700000| Untracked 
|  10|0x0000000082800000, 0x0000000082800000, 0x0000000082900000|  0%| F|  |TAMS 0x0000000082800000, 0x0000000082800000| Untracked 
|  11|0x0000000082900000, 0x0000000082900000, 0x0000000082a00000|  0%| F|  |TAMS 0x0000000082900000, 0x0000000082900000| Untracked 
|  12|0x0000000082a00000, 0x0000000082a00000, 0x0000000082b00000|  0%| F|  |TAMS 0x0000000082a00000, 0x0000000082a00000| Untracked 
|  13|0x0000000082b00000, 0x0000000082b00000, 0x0000000082c00000|  0%| F|  |TAMS 0x0000000082b00000, 0x0000000082b00000| Untracked 
|  14|0x0000000082c00000, 0x0000000082c00000, 0x0000000082d00000|  0%| F|  |TAMS 0x0000000082c00000, 0x0000000082c00000| Untracked 
|  15|0x0000000082d00000, 0x0000000082d00000, 0x0000000082e00000|  0%| F|  |TAMS 0x0000000082d00000, 0x0000000082d00000| Untracked 
|  16|0x0000000082e00000, 0x0000000082e00000, 0x0000000082f00000|  0%| F|  |TAMS 0x0000000082e00000, 0x0000000082e00000| Untracked 
|  17|0x0000000082f00000, 0x0000000082f00000, 0x0000000083000000|  0%| F|  |TAMS 0x0000000082f00000, 0x0000000082f00000| Untracked 
|  18|0x0000000083000000, 0x0000000083000000, 0x0000000083100000|  0%| F|  |TAMS 0x0000000083000000, 0x0000000083000000| Untracked 
|  19|0x0000000083100000, 0x0000000083100000, 0x0000000083200000|  0%| F|  |TAMS 0x0000000083100000, 0x0000000083100000| Untracked 
|  20|0x0000000083200000, 0x0000000083200000, 0x0000000083300000|  0%| F|  |TAMS 0x0000000083200000, 0x0000000083200000| Untracked 
|  21|0x0000000083300000, 0x0000000083300000, 0x0000000083400000|  0%| F|  |TAMS 0x0000000083300000, 0x0000000083300000| Untracked 
|  22|0x0000000083400000, 0x0000000083400000, 0x0000000083500000|  0%| F|  |TAMS 0x0000000083400000, 0x0000000083400000| Untracked 
|  23|0x0000000083500000, 0x0000000083500000, 0x0000000083600000|  0%| F|  |TAMS 0x0000000083500000, 0x0000000083500000| Untracked 
|  24|0x0000000083600000, 0x0000000083600000, 0x0000000083700000|  0%| F|  |TAMS 0x0000000083600000, 0x0000000083600000| Untracked 
|  25|0x0000000083700000, 0x0000000083700000, 0x0000000083800000|  0%| F|  |TAMS 0x0000000083700000, 0x0000000083700000| Untracked 
|  26|0x0000000083800000, 0x0000000083800000, 0x0000000083900000|  0%| F|  |TAMS 0x0000000083800000, 0x0000000083800000| Untracked 
|  27|0x0000000083900000, 0x0000000083900000, 0x0000000083a00000|  0%| F|  |TAMS 0x0000000083900000, 0x0000000083900000| Untracked 
|  28|0x0000000083a00000, 0x0000000083a00000, 0x0000000083b00000|  0%| F|  |TAMS 0x0000000083a00000, 0x0000000083a00000| Untracked 
|  29|0x0000000083b00000, 0x0000000083b00000, 0x0000000083c00000|  0%| F|  |TAMS 0x0000000083b00000, 0x0000000083b00000| Untracked 
|  30|0x0000000083c00000, 0x0000000083c00000, 0x0000000083d00000|  0%| F|  |TAMS 0x0000000083c00000, 0x0000000083c00000| Untracked 
|  31|0x0000000083d00000, 0x0000000083d00000, 0x0000000083e00000|  0%| F|  |TAMS 0x0000000083d00000, 0x0000000083d00000| Untracked 
|  32|0x0000000083e00000, 0x0000000083e00000, 0x0000000083f00000|  0%| F|  |TAMS 0x0000000083e00000, 0x0000000083e00000| Untracked 
|  33|0x0000000083f00000, 0x0000000083f00000, 0x0000000084000000|  0%| F|  |TAMS 0x0000000083f00000, 0x0000000083f00000| Untracked 
|  34|0x0000000084000000, 0x0000000084000000, 0x0000000084100000|  0%| F|  |TAMS 0x0000000084000000, 0x0000000084000000| Untracked 
|  35|0x0000000084100000, 0x0000000084100000, 0x0000000084200000|  0%| F|  |TAMS 0x0000000084100000, 0x0000000084100000| Untracked 
|  36|0x0000000084200000, 0x0000000084200000, 0x0000000084300000|  0%| F|  |TAMS 0x0000000084200000, 0x0000000084200000| Untracked 
|  37|0x0000000084300000, 0x0000000084300000, 0x0000000084400000|  0%| F|  |TAMS 0x0000000084300000, 0x0000000084300000| Untracked 
|  38|0x0000000084400000, 0x0000000084400000, 0x0000000084500000|  0%| F|  |TAMS 0x0000000084400000, 0x0000000084400000| Untracked 
|  39|0x0000000084500000, 0x0000000084500000, 0x0000000084600000|  0%| F|  |TAMS 0x0000000084500000, 0x0000000084500000| Untracked 
|  40|0x0000000084600000, 0x0000000084600000, 0x0000000084700000|  0%| F|  |TAMS 0x0000000084600000, 0x0000000084600000| Untracked 
|  41|0x0000000084700000, 0x0000000084700000, 0x0000000084800000|  0%| F|  |TAMS 0x0000000084700000, 0x0000000084700000| Untracked 
|  42|0x0000000084800000, 0x0000000084800000, 0x0000000084900000|  0%| F|  |TAMS 0x0000000084800000, 0x0000000084800000| Untracked 
|  43|0x0000000084900000, 0x0000000084900000, 0x0000000084a00000|  0%| F|  |TAMS 0x0000000084900000, 0x0000000084900000| Untracked 
|  44|0x0000000084a00000, 0x0000000084a00000, 0x0000000084b00000|  0%| F|  |TAMS 0x0000000084a00000, 0x0000000084a00000| Untracked 
|  45|0x0000000084b00000, 0x0000000084b00000, 0x0000000084c00000|  0%| F|  |TAMS 0x0000000084b00000, 0x0000000084b00000| Untracked 
|  46|0x0000000084c00000, 0x0000000084c00000, 0x0000000084d00000|  0%| F|  |TAMS 0x0000000084c00000, 0x0000000084c00000| Untracked 
|  47|0x0000000084d00000, 0x0000000084d00000, 0x0000000084e00000|  0%| F|  |TAMS 0x0000000084d00000, 0x0000000084d00000| Untracked 
|  48|0x0000000084e00000, 0x0000000084e00000, 0x0000000084f00000|  0%| F|  |TAMS 0x0000000084e00000, 0x0000000084e00000| Untracked 
|  49|0x0000000084f00000, 0x0000000084f00000, 0x0000000085000000|  0%| F|  |TAMS 0x0000000084f00000, 0x0000000084f00000| Untracked 
|  50|0x0000000085000000, 0x0000000085000000, 0x0000000085100000|  0%| F|  |TAMS 0x0000000085000000, 0x0000000085000000| Untracked 
|  51|0x0000000085100000, 0x0000000085100000, 0x0000000085200000|  0%| F|  |TAMS 0x0000000085100000, 0x0000000085100000| Untracked 
|  52|0x0000000085200000, 0x0000000085200000, 0x0000000085300000|  0%| F|  |TAMS 0x0000000085200000, 0x0000000085200000| Untracked 
|  53|0x0000000085300000, 0x0000000085300000, 0x0000000085400000|  0%| F|  |TAMS 0x0000000085300000, 0x0000000085300000| Untracked 
|  54|0x0000000085400000, 0x0000000085400000, 0x0000000085500000|  0%| F|  |TAMS 0x0000000085400000, 0x0000000085400000| Untracked 
|  55|0x0000000085500000, 0x0000000085500000, 0x0000000085600000|  0%| F|  |TAMS 0x0000000085500000, 0x0000000085500000| Untracked 
|  56|0x0000000085600000, 0x0000000085600000, 0x0000000085700000|  0%| F|  |TAMS 0x0000000085600000, 0x0000000085600000| Untracked 
|  57|0x0000000085700000, 0x0000000085700000, 0x0000000085800000|  0%| F|  |TAMS 0x0000000085700000, 0x0000000085700000| Untracked 
|  58|0x0000000085800000, 0x0000000085800000, 0x0000000085900000|  0%| F|  |TAMS 0x0000000085800000, 0x0000000085800000| Untracked 
|  59|0x0000000085900000, 0x0000000085900000, 0x0000000085a00000|  0%| F|  |TAMS 0x0000000085900000, 0x0000000085900000| Untracked 
|  60|0x0000000085a00000, 0x0000000085a00000, 0x0000000085b00000|  0%| F|  |TAMS 0x0000000085a00000, 0x0000000085a00000| Untracked 
|  61|0x0000000085b00000, 0x0000000085b00000, 0x0000000085c00000|  0%| F|  |TAMS 0x0000000085b00000, 0x0000000085b00000| Untracked 
|  62|0x0000000085c00000, 0x0000000085c00000, 0x0000000085d00000|  0%| F|  |TAMS 0x0000000085c00000, 0x0000000085c00000| Untracked 
|  63|0x0000000085d00000, 0x0000000085d00000, 0x0000000085e00000|  0%| F|  |TAMS 0x0000000085d00000, 0x0000000085d00000| Untracked 
|  64|0x0000000085e00000, 0x0000000085e00000, 0x0000000085f00000|  0%| F|  |TAMS 0x0000000085e00000, 0x0000000085e00000| Untracked 
|  65|0x0000000085f00000, 0x0000000085f00000, 0x0000000086000000|  0%| F|  |TAMS 0x0000000085f00000, 0x0000000085f00000| Untracked 
|  66|0x0000000086000000, 0x0000000086000000, 0x0000000086100000|  0%| F|  |TAMS 0x0000000086000000, 0x0000000086000000| Untracked 
|  67|0x0000000086100000, 0x0000000086100000, 0x0000000086200000|  0%| F|  |TAMS 0x0000000086100000, 0x0000000086100000| Untracked 
|  68|0x0000000086200000, 0x0000000086200000, 0x0000000086300000|  0%| F|  |TAMS 0x0000000086200000, 0x0000000086200000| Untracked 
|  69|0x0000000086300000, 0x0000000086300000, 0x0000000086400000|  0%| F|  |TAMS 0x0000000086300000, 0x0000000086300000| Untracked 
|  70|0x0000000086400000, 0x0000000086400000, 0x0000000086500000|  0%| F|  |TAMS 0x0000000086400000, 0x0000000086400000| Untracked 
|  71|0x0000000086500000, 0x0000000086500000, 0x0000000086600000|  0%| F|  |TAMS 0x0000000086500000, 0x0000000086500000| Untracked 
|  72|0x0000000086600000, 0x0000000086600000, 0x0000000086700000|  0%| F|  |TAMS 0x0000000086600000, 0x0000000086600000| Untracked 
|  73|0x0000000086700000, 0x0000000086700000, 0x0000000086800000|  0%| F|  |TAMS 0x0000000086700000, 0x0000000086700000| Untracked 
|  74|0x0000000086800000, 0x0000000086800000, 0x0000000086900000|  0%| F|  |TAMS 0x0000000086800000, 0x0000000086800000| Untracked 
|  75|0x0000000086900000, 0x0000000086900000, 0x0000000086a00000|  0%| F|  |TAMS 0x0000000086900000, 0x0000000086900000| Untracked 
|  76|0x0000000086a00000, 0x0000000086a00000, 0x0000000086b00000|  0%| F|  |TAMS 0x0000000086a00000, 0x0000000086a00000| Untracked 
|  77|0x0000000086b00000, 0x0000000086b00000, 0x0000000086c00000|  0%| F|  |TAMS 0x0000000086b00000, 0x0000000086b00000| Untracked 
|  78|0x0000000086c00000, 0x0000000086c00000, 0x0000000086d00000|  0%| F|  |TAMS 0x0000000086c00000, 0x0000000086c00000| Untracked 
|  79|0x0000000086d00000, 0x0000000086d00000, 0x0000000086e00000|  0%| F|  |TAMS 0x0000000086d00000, 0x0000000086d00000| Untracked 
|  80|0x0000000086e00000, 0x0000000086e00000, 0x0000000086f00000|  0%| F|  |TAMS 0x0000000086e00000, 0x0000000086e00000| Untracked 
|  81|0x0000000086f00000, 0x0000000086f00000, 0x0000000087000000|  0%| F|  |TAMS 0x0000000086f00000, 0x0000000086f00000| Untracked 
|  82|0x0000000087000000, 0x0000000087000000, 0x0000000087100000|  0%| F|  |TAMS 0x0000000087000000, 0x0000000087000000| Untracked 
|  83|0x0000000087100000, 0x0000000087100000, 0x0000000087200000|  0%| F|  |TAMS 0x0000000087100000, 0x0000000087100000| Untracked 
|  84|0x0000000087200000, 0x0000000087200000, 0x0000000087300000|  0%| F|  |TAMS 0x0000000087200000, 0x0000000087200000| Untracked 
|  85|0x0000000087300000, 0x0000000087300000, 0x0000000087400000|  0%| F|  |TAMS 0x0000000087300000, 0x0000000087300000| Untracked 
|  86|0x0000000087400000, 0x0000000087400000, 0x0000000087500000|  0%| F|  |TAMS 0x0000000087400000, 0x0000000087400000| Untracked 
|  87|0x0000000087500000, 0x0000000087500000, 0x0000000087600000|  0%| F|  |TAMS 0x0000000087500000, 0x0000000087500000| Untracked 
|  88|0x0000000087600000, 0x0000000087600000, 0x0000000087700000|  0%| F|  |TAMS 0x0000000087600000, 0x0000000087600000| Untracked 
|  89|0x0000000087700000, 0x0000000087700000, 0x0000000087800000|  0%| F|  |TAMS 0x0000000087700000, 0x0000000087700000| Untracked 
|  90|0x0000000087800000, 0x0000000087800000, 0x0000000087900000|  0%| F|  |TAMS 0x0000000087800000, 0x0000000087800000| Untracked 
|  91|0x0000000087900000, 0x0000000087900000, 0x0000000087a00000|  0%| F|  |TAMS 0x0000000087900000, 0x0000000087900000| Untracked 
|  92|0x0000000087a00000, 0x0000000087a00000, 0x0000000087b00000|  0%| F|  |TAMS 0x0000000087a00000, 0x0000000087a00000| Untracked 
|  93|0x0000000087b00000, 0x0000000087b00000, 0x0000000087c00000|  0%| F|  |TAMS 0x0000000087b00000, 0x0000000087b00000| Untracked 
|  94|0x0000000087c00000, 0x0000000087c00000, 0x0000000087d00000|  0%| F|  |TAMS 0x0000000087c00000, 0x0000000087c00000| Untracked 
|  95|0x0000000087d00000, 0x0000000087d00000, 0x0000000087e00000|  0%| F|  |TAMS 0x0000000087d00000, 0x0000000087d00000| Untracked 
|  96|0x0000000087e00000, 0x0000000087e00000, 0x0000000087f00000|  0%| F|  |TAMS 0x0000000087e00000, 0x0000000087e00000| Untracked 
|  97|0x0000000087f00000, 0x0000000087f00000, 0x0000000088000000|  0%| F|  |TAMS 0x0000000087f00000, 0x0000000087f00000| Untracked 
|  98|0x0000000088000000, 0x0000000088000000, 0x0000000088100000|  0%| F|  |TAMS 0x0000000088000000, 0x0000000088000000| Untracked 
|  99|0x0000000088100000, 0x0000000088100000, 0x0000000088200000|  0%| F|  |TAMS 0x0000000088100000, 0x0000000088100000| Untracked 
| 100|0x0000000088200000, 0x0000000088200000, 0x0000000088300000|  0%| F|  |TAMS 0x0000000088200000, 0x0000000088200000| Untracked 
| 101|0x0000000088300000, 0x000000008834dd60, 0x0000000088400000| 30%| S|CS|TAMS 0x0000000088300000, 0x0000000088300000| Complete 
| 102|0x0000000088400000, 0x0000000088500000, 0x0000000088500000|100%| S|CS|TAMS 0x0000000088400000, 0x0000000088400000| Complete 
| 103|0x0000000088500000, 0x0000000088600000, 0x0000000088600000|100%| S|CS|TAMS 0x0000000088500000, 0x0000000088500000| Complete 
| 104|0x0000000088600000, 0x0000000088600000, 0x0000000088700000|  0%| F|  |TAMS 0x0000000088600000, 0x0000000088600000| Untracked 
| 105|0x0000000088700000, 0x0000000088700000, 0x0000000088800000|  0%| F|  |TAMS 0x0000000088700000, 0x0000000088700000| Untracked 
| 106|0x0000000088800000, 0x0000000088800000, 0x0000000088900000|  0%| F|  |TAMS 0x0000000088800000, 0x0000000088800000| Untracked 
| 107|0x0000000088900000, 0x0000000088900000, 0x0000000088a00000|  0%| F|  |TAMS 0x0000000088900000, 0x0000000088900000| Untracked 
| 108|0x0000000088a00000, 0x0000000088a00000, 0x0000000088b00000|  0%| F|  |TAMS 0x0000000088a00000, 0x0000000088a00000| Untracked 
| 109|0x0000000088b00000, 0x0000000088b00000, 0x0000000088c00000|  0%| F|  |TAMS 0x0000000088b00000, 0x0000000088b00000| Untracked 
| 110|0x0000000088c00000, 0x0000000088c00000, 0x0000000088d00000|  0%| F|  |TAMS 0x0000000088c00000, 0x0000000088c00000| Untracked 
| 111|0x0000000088d00000, 0x0000000088d00000, 0x0000000088e00000|  0%| F|  |TAMS 0x0000000088d00000, 0x0000000088d00000| Untracked 
| 112|0x0000000088e00000, 0x0000000088e00000, 0x0000000088f00000|  0%| F|  |TAMS 0x0000000088e00000, 0x0000000088e00000| Untracked 
| 113|0x0000000088f00000, 0x0000000088f80800, 0x0000000089000000| 50%| E|  |TAMS 0x0000000088f00000, 0x0000000088f00000| Complete 
| 114|0x0000000089000000, 0x0000000089100000, 0x0000000089100000|100%| E|CS|TAMS 0x0000000089000000, 0x0000000089000000| Complete 
| 115|0x0000000089100000, 0x0000000089200000, 0x0000000089200000|100%| E|CS|TAMS 0x0000000089100000, 0x0000000089100000| Complete 
| 116|0x0000000089200000, 0x0000000089300000, 0x0000000089300000|100%| E|CS|TAMS 0x0000000089200000, 0x0000000089200000| Complete 
| 117|0x0000000089300000, 0x0000000089400000, 0x0000000089400000|100%| E|CS|TAMS 0x0000000089300000, 0x0000000089300000| Complete 
| 118|0x0000000089400000, 0x0000000089500000, 0x0000000089500000|100%| E|CS|TAMS 0x0000000089400000, 0x0000000089400000| Complete 
| 119|0x0000000089500000, 0x0000000089600000, 0x0000000089600000|100%| E|CS|TAMS 0x0000000089500000, 0x0000000089500000| Complete 
| 120|0x0000000089600000, 0x0000000089700000, 0x0000000089700000|100%| E|CS|TAMS 0x0000000089600000, 0x0000000089600000| Complete 
| 121|0x0000000089700000, 0x0000000089800000, 0x0000000089800000|100%| E|CS|TAMS 0x0000000089700000, 0x0000000089700000| Complete 
| 122|0x0000000089800000, 0x0000000089900000, 0x0000000089900000|100%| E|CS|TAMS 0x0000000089800000, 0x0000000089800000| Complete 
| 123|0x0000000089900000, 0x0000000089a00000, 0x0000000089a00000|100%| E|CS|TAMS 0x0000000089900000, 0x0000000089900000| Complete 
| 124|0x0000000089a00000, 0x0000000089b00000, 0x0000000089b00000|100%| E|CS|TAMS 0x0000000089a00000, 0x0000000089a00000| Complete 
| 125|0x0000000089b00000, 0x0000000089c00000, 0x0000000089c00000|100%| E|CS|TAMS 0x0000000089b00000, 0x0000000089b00000| Complete 
| 126|0x0000000089c00000, 0x0000000089d00000, 0x0000000089d00000|100%| E|CS|TAMS 0x0000000089c00000, 0x0000000089c00000| Complete 
| 127|0x0000000089d00000, 0x0000000089e00000, 0x0000000089e00000|100%| E|CS|TAMS 0x0000000089d00000, 0x0000000089d00000| Complete 

Card table byte_map: [0x000001d4ac410000,0x000001d4ac810000] _byte_map_base: 0x000001d4ac001000

Marking Bits (Prev, Next): (CMBitMap*) 0x000001d4939b1900, (CMBitMap*) 0x000001d4939b1940
 Prev Bits: [0x000001d4acc10000, 0x000001d4aeb98000)
 Next Bits: [0x000001d4aeba0000, 0x000001d4b0b28000)

Polling page: 0x000001d493a20000

Metaspace:

Usage:
  Non-class:     11.55 MB used.
      Class:      1.80 MB used.
       Both:     13.35 MB used.

Virtual space:
  Non-class space:       64.00 MB reserved,      11.62 MB ( 18%) committed,  1 nodes.
      Class space:        1.00 GB reserved,       1.88 MB ( <1%) committed,  1 nodes.
             Both:        1.06 GB reserved,      13.50 MB (  1%) committed. 

Chunk freelists:
   Non-Class:  4.25 MB
       Class:  14.06 MB
        Both:  18.31 MB

MaxMetaspaceSize: unlimited
CompressedClassSpaceSize: 1.00 GB
Initial GC threshold: 21.00 MB
Current GC threshold: 21.00 MB
CDS: on
MetaspaceReclaimPolicy: balanced
 - commit_granule_bytes: 65536.
 - commit_granule_words: 8192.
 - virtual_space_node_default_size: 8388608.
 - enlarge_chunks_in_place: 1.
 - new_chunks_are_fully_committed: 0.
 - uncommit_free_chunks: 1.
 - use_allocation_guard: 0.
 - handle_deallocations: 1.


Internal statistics:

num_allocs_failed_limit: 0.
num_arena_births: 192.
num_arena_deaths: 0.
num_vsnodes_births: 2.
num_vsnodes_deaths: 0.
num_space_committed: 216.
num_space_uncommitted: 0.
num_chunks_returned_to_freelist: 0.
num_chunks_taken_from_freelist: 612.
num_chunk_merges: 0.
num_chunk_splits: 413.
num_chunks_enlarged: 329.
num_inconsistent_stats: 0.

CodeHeap 'non-profiled nmethods': size=120000Kb used=741Kb max_used=741Kb free=119258Kb
 bounds [0x000001d4a44b0000, 0x000001d4a4720000, 0x000001d4ab9e0000]
CodeHeap 'profiled nmethods': size=120000Kb used=3842Kb max_used=3842Kb free=116157Kb
 bounds [0x000001d49c9e0000, 0x000001d49cdb0000, 0x000001d4a3f10000]
CodeHeap 'non-nmethods': size=5760Kb used=1183Kb max_used=1200Kb free=4576Kb
 bounds [0x000001d4a3f10000, 0x000001d4a4180000, 0x000001d4a44b0000]
 total_blobs=2441 nmethods=1968 adapters=385
 compilation: enabled
              stopped_count=0, restarted_count=0
 full_count=0

Compilation events (20 events):
Event: 2.868 Thread 0x000001d4b314cd10 1971       1       java.nio.file.FileTreeWalker$DirectoryNode::skipped (5 bytes)
Event: 2.869 Thread 0x000001d4b314cd10 nmethod 1971 0x000001d4a4567e10 code [0x000001d4a4567fa0, 0x000001d4a4568078]
Event: 2.869 Thread 0x000001d4b314cd10 1972       1       java.nio.file.FileTreeWalker$DirectoryNode::iterator (5 bytes)
Event: 2.869 Thread 0x000001d4b314cd10 nmethod 1972 0x000001d4a4568110 code [0x000001d4a45682a0, 0x000001d4a4568378]
Event: 2.869 Thread 0x000001d4b314cd10 1968       1       sun.nio.fs.WindowsPath::toString (5 bytes)
Event: 2.869 Thread 0x000001d4b314cd10 nmethod 1968 0x000001d4a4568410 code [0x000001d4a45685a0, 0x000001d4a4568678]
Event: 2.869 Thread 0x000001d4b314cd10 1969       1       java.nio.file.FileTreeWalker$Event::ioeException (5 bytes)
Event: 2.869 Thread 0x000001d4b314cd10 nmethod 1969 0x000001d4a4568710 code [0x000001d4a45688a0, 0x000001d4a4568978]
Event: 2.869 Thread 0x000001d4b314cd10 1973       1       java.nio.file.FileTreeWalker$Event::type (5 bytes)
Event: 2.869 Thread 0x000001d4b314cd10 nmethod 1973 0x000001d4a4568a10 code [0x000001d4a4568ba0, 0x000001d4a4568c78]
Event: 2.869 Thread 0x000001d4b314cd10 1974       1       org.springframework.core.io.support.PathMatchingResourcePatternResolver::getPathMatcher (5 bytes)
Event: 2.869 Thread 0x000001d4b314cd10 nmethod 1974 0x000001d4a4568d10 code [0x000001d4a4568ea0, 0x000001d4a4568f78]
Event: 2.869 Thread 0x000001d4b314cd10 1975       1       java.nio.file.FileTreeWalker$Event::file (5 bytes)
Event: 2.869 Thread 0x000001d4b314cd10 nmethod 1975 0x000001d4a4569010 code [0x000001d4a45691a0, 0x000001d4a4569278]
Event: 2.869 Thread 0x000001d4b314cd10 1976       1       java.nio.file.Files$AcceptAllFilter::accept (2 bytes)
Event: 2.869 Thread 0x000001d4b314cd10 nmethod 1976 0x000001d4a4569310 code [0x000001d4a45694a0, 0x000001d4a4569578]
Event: 2.870 Thread 0x000001d4b314cd10 1977       3       java.util.regex.Pattern$CharPropertyGreedy::match (160 bytes)
Event: 2.871 Thread 0x000001d4b314cd10 nmethod 1977 0x000001d49cd9d910 code [0x000001d49cd9db40, 0x000001d49cd9e508]
Event: 2.871 Thread 0x000001d4b314cd10 1978       3       sun.nio.fs.WindowsPath::compareTo (118 bytes)
Event: 2.874 Thread 0x000001d4b314cd10 nmethod 1978 0x000001d49cd9e810 code [0x000001d49cd9eb40, 0x000001d49cd9ffa8]

GC Heap History (6 events):
Event: 0.811 GC heap before
{Heap before GC invocations=0 (full 0):
 garbage-first heap   total 131072K, used 13312K [0x0000000081e00000, 0x0000000100000000)
  region size 1024K, 13 young (13312K), 0 survivors (0K)
 Metaspace       used 2702K, committed 2816K, reserved 1114112K
  class space    used 262K, committed 320K, reserved 1048576K
}
Event: 0.817 GC heap after
{Heap after GC invocations=1 (full 0):
 garbage-first heap   total 131072K, used 7430K [0x0000000081e00000, 0x0000000100000000)
  region size 1024K, 2 young (2048K), 2 survivors (2048K)
 Metaspace       used 2702K, committed 2816K, reserved 1114112K
  class space    used 262K, committed 320K, reserved 1048576K
}
Event: 1.249 GC heap before
{Heap before GC invocations=1 (full 0):
 garbage-first heap   total 131072K, used 16646K [0x0000000081e00000, 0x0000000100000000)
  region size 1024K, 12 young (12288K), 2 survivors (2048K)
 Metaspace       used 4778K, committed 4992K, reserved 1114112K
  class space    used 539K, committed 640K, reserved 1048576K
}
Event: 1.252 GC heap after
{Heap after GC invocations=2 (full 0):
 garbage-first heap   total 131072K, used 8043K [0x0000000081e00000, 0x0000000100000000)
  region size 1024K, 1 young (1024K), 1 survivors (1024K)
 Metaspace       used 4778K, committed 4992K, reserved 1114112K
  class space    used 539K, committed 640K, reserved 1048576K
}
Event: 2.404 GC heap before
{Heap before GC invocations=2 (full 0):
 garbage-first heap   total 131072K, used 30571K [0x0000000081e00000, 0x0000000100000000)
  region size 1024K, 24 young (24576K), 1 survivors (1024K)
 Metaspace       used 10673K, committed 10944K, reserved 1114112K
  class space    used 1350K, committed 1472K, reserved 1048576K
}
Event: 2.411 GC heap after
{Heap after GC invocations=3 (full 0):
 garbage-first heap   total 131072K, used 9789K [0x0000000081e00000, 0x0000000100000000)
  region size 1024K, 3 young (3072K), 3 survivors (3072K)
 Metaspace       used 10673K, committed 10944K, reserved 1114112K
  class space    used 1350K, committed 1472K, reserved 1048576K
}

Deoptimization events (20 events):
Event: 2.804 Thread 0x000001d4f92c0720 Uncommon trap: trap_request=0xffffffc6 fr.pc=0x000001d4a452fbdc relative=0x00000000000007dc
Event: 2.804 Thread 0x000001d4f92c0720 Uncommon trap: reason=bimorphic_or_optimized_type_check action=maybe_recompile pc=0x000001d4a452fbdc method=java.util.HashMap.putVal(ILjava/lang/Object;Ljava/lang/Object;ZZ)Ljava/lang/Object; @ 91 c2
Event: 2.804 Thread 0x000001d4f92c0720 DEOPT PACKING pc=0x000001d4a452fbdc sp=0x00000022f52fe9a0
Event: 2.804 Thread 0x000001d4f92c0720 DEOPT UNPACKING pc=0x000001d4a3f623a3 sp=0x00000022f52fe960 mode 2
Event: 2.812 Thread 0x000001d4b370fc90 Uncommon trap: trap_request=0xffffff45 fr.pc=0x000001d4a44f3574 relative=0x0000000000000e94
Event: 2.812 Thread 0x000001d4b370fc90 Uncommon trap: reason=unstable_if action=reinterpret pc=0x000001d4a44f3574 method=java.util.zip.ZipCoder.hash(Ljava/lang/String;)I @ 23 c2
Event: 2.812 Thread 0x000001d4b370fc90 DEOPT PACKING pc=0x000001d4a44f3574 sp=0x00000022f51fd6a0
Event: 2.812 Thread 0x000001d4b370fc90 DEOPT UNPACKING pc=0x000001d4a3f623a3 sp=0x00000022f51fd548 mode 2
Event: 2.812 Thread 0x000001d4b370fc90 Uncommon trap: trap_request=0xffffff45 fr.pc=0x000001d4a44ed01c relative=0x00000000000005bc
Event: 2.812 Thread 0x000001d4b370fc90 Uncommon trap: reason=unstable_if action=reinterpret pc=0x000001d4a44ed01c method=java.util.zip.ZipCoder.hash(Ljava/lang/String;)I @ 23 c2
Event: 2.812 Thread 0x000001d4b370fc90 DEOPT PACKING pc=0x000001d4a44ed01c sp=0x00000022f51fd610
Event: 2.812 Thread 0x000001d4b370fc90 DEOPT UNPACKING pc=0x000001d4a3f623a3 sp=0x00000022f51fd538 mode 2
Event: 2.812 Thread 0x000001d4b370fc90 Uncommon trap: trap_request=0xffffff45 fr.pc=0x000001d4a44ca9a0 relative=0x0000000000000200
Event: 2.812 Thread 0x000001d4b370fc90 Uncommon trap: reason=unstable_if action=reinterpret pc=0x000001d4a44ca9a0 method=java.util.zip.ZipCoder.hash(Ljava/lang/String;)I @ 23 c2
Event: 2.812 Thread 0x000001d4b370fc90 DEOPT PACKING pc=0x000001d4a44ca9a0 sp=0x00000022f51fd5a0
Event: 2.812 Thread 0x000001d4b370fc90 DEOPT UNPACKING pc=0x000001d4a3f623a3 sp=0x00000022f51fd538 mode 2
Event: 2.815 Thread 0x000001d4b370fc90 Uncommon trap: trap_request=0xffffff45 fr.pc=0x000001d4a44bf240 relative=0x0000000000000040
Event: 2.815 Thread 0x000001d4b370fc90 Uncommon trap: reason=unstable_if action=reinterpret pc=0x000001d4a44bf240 method=sun.nio.fs.WindowsPathParser.isSlash(C)Z @ 9 c2
Event: 2.815 Thread 0x000001d4b370fc90 DEOPT PACKING pc=0x000001d4a44bf240 sp=0x00000022f51fd7f0
Event: 2.815 Thread 0x000001d4b370fc90 DEOPT UNPACKING pc=0x000001d4a3f623a3 sp=0x00000022f51fd778 mode 2

Classes unloaded (0 events):
No events

Classes redefined (0 events):
No events

Internal exceptions (20 events):
Event: 1.699 Thread 0x000001d4b370fc90 Exception <a 'java/lang/NoSuchMethodError'{0x00000000894fae00}: 'java.lang.Object java.lang.invoke.DirectMethodHandle$Holder.invokeSpecial(java.lang.Object, java.lang.Object, java.lang.Object, int, java.lang.Object)'> (0x00000000894fae00) 
thrown [s\open\src\hotspot\share\interpreter\linkResolver.cpp, line 759]
Event: 1.700 Thread 0x000001d4b370fc90 Exception <a 'java/lang/NoSuchMethodError'{0x0000000089203a38}: 'java.lang.Object java.lang.invoke.DirectMethodHandle$Holder.newInvokeSpecial(java.lang.Object, java.lang.Object, java.lang.Object, int, java.lang.Object)'> (0x0000000089203a38) 
thrown [s\open\src\hotspot\share\interpreter\linkResolver.cpp, line 759]
Event: 1.701 Thread 0x000001d4b370fc90 Exception <a 'java/lang/NoSuchMethodError'{0x000000008920b408}: 'java.lang.Object java.lang.invoke.Invokers$Holder.linkToTargetMethod(java.lang.Object, java.lang.Object, int, java.lang.Object, java.lang.Object)'> (0x000000008920b408) 
thrown [s\open\src\hotspot\share\interpreter\linkResolver.cpp, line 759]
Event: 1.703 Thread 0x000001d4b370fc90 Exception <a 'java/lang/NoSuchMethodError'{0x000000008921aae0}: 'java.lang.Object java.lang.invoke.DirectMethodHandle$Holder.newInvokeSpecial(java.lang.Object, int, java.lang.Object)'> (0x000000008921aae0) 
thrown [s\open\src\hotspot\share\interpreter\linkResolver.cpp, line 759]
Event: 1.703 Thread 0x000001d4b370fc90 Exception <a 'java/lang/NoSuchMethodError'{0x000000008921f7c0}: 'int java.lang.invoke.DirectMethodHandle$Holder.invokeSpecialIFC(java.lang.Object, java.lang.Object, java.lang.Object, java.lang.Object)'> (0x000000008921f7c0) 
thrown [s\open\src\hotspot\share\interpreter\linkResolver.cpp, line 759]
Event: 1.775 Thread 0x000001d4b370fc90 Exception <a 'java/lang/NoSuchMethodError'{0x00000000891b9508}: 'void java.lang.invoke.DirectMethodHandle$Holder.invokeInterface(java.lang.Object, java.lang.Object, java.lang.Object)'> (0x00000000891b9508) 
thrown [s\open\src\hotspot\share\interpreter\linkResolver.cpp, line 759]
Event: 1.815 Thread 0x000001d4b370fc90 Exception <a 'java/lang/NoSuchMethodError'{0x0000000089084030}: 'void java.lang.invoke.DirectMethodHandle$Holder.invokeStaticInit(java.lang.Object, java.lang.Object, java.lang.Object)'> (0x0000000089084030) 
thrown [s\open\src\hotspot\share\interpreter\linkResolver.cpp, line 759]
Event: 1.823 Thread 0x000001d4b370fc90 Exception <a 'java/lang/NoSuchMethodError'{0x00000000890ca870}: 'java.lang.Object java.lang.invoke.DirectMethodHandle$Holder.invokeStatic(java.lang.Object, java.lang.Object, long, java.lang.Object)'> (0x00000000890ca870) 
thrown [s\open\src\hotspot\share\interpreter\linkResolver.cpp, line 759]
Event: 1.831 Thread 0x000001d4b370fc90 Exception <a 'java/lang/NoSuchMethodError'{0x00000000890ce308}: 'java.lang.Object java.lang.invoke.DirectMethodHandle$Holder.invokeStaticInit(java.lang.Object, java.lang.Object, long, java.lang.Object)'> (0x00000000890ce308) 
thrown [s\open\src\hotspot\share\interpreter\linkResolver.cpp, line 759]
Event: 1.831 Thread 0x000001d4b370fc90 Exception <a 'java/lang/NoSuchMethodError'{0x00000000890d4a50}: 'java.lang.Object java.lang.invoke.DirectMethodHandle$Holder.newInvokeSpecial(java.lang.Object, java.lang.Object, long)'> (0x00000000890d4a50) 
thrown [s\open\src\hotspot\share\interpreter\linkResolver.cpp, line 759]
Event: 1.832 Thread 0x000001d4b370fc90 Exception <a 'java/lang/NoSuchMethodError'{0x00000000890d85c0}: 'java.lang.Object java.lang.invoke.Invokers$Holder.linkToTargetMethod(java.lang.Object, long, java.lang.Object)'> (0x00000000890d85c0) 
thrown [s\open\src\hotspot\share\interpreter\linkResolver.cpp, line 759]
Event: 1.851 Thread 0x000001d4b370fc90 Exception <a 'java/lang/NoSuchMethodError'{0x0000000088f2d080}: 'void java.lang.invoke.DirectMethodHandle$Holder.invokeSpecial(java.lang.Object, java.lang.Object, java.lang.Object, java.lang.Object, java.lang.Object)'> (0x0000000088f2d080) 
thrown [s\open\src\hotspot\share\interpreter\linkResolver.cpp, line 759]
Event: 1.852 Thread 0x000001d4b370fc90 Exception <a 'java/lang/NoSuchMethodError'{0x0000000088f35610}: 'void java.lang.invoke.DirectMethodHandle$Holder.invokeVirtual(java.lang.Object, java.lang.Object, java.lang.Object, java.lang.Object)'> (0x0000000088f35610) 
thrown [s\open\src\hotspot\share\interpreter\linkResolver.cpp, line 759]
Event: 1.917 Thread 0x000001d4b370fc90 Exception <a 'java/lang/NoSuchMethodError'{0x0000000088e93f20}: 'void java.lang.invoke.DirectMethodHandle$Holder.invokeSpecial(java.lang.Object, java.lang.Object, java.lang.Object)'> (0x0000000088e93f20) 
thrown [s\open\src\hotspot\share\interpreter\linkResolver.cpp, line 759]
Event: 1.920 Thread 0x000001d4b370fc90 Exception <a 'java/lang/NoSuchMethodError'{0x0000000088ea2ad0}: 'java.lang.Object java.lang.invoke.DirectMethodHandle$Holder.invokeVirtual(java.lang.Object, java.lang.Object, java.lang.Object)'> (0x0000000088ea2ad0) 
thrown [s\open\src\hotspot\share\interpreter\linkResolver.cpp, line 759]
Event: 1.935 Thread 0x000001d4b370fc90 Exception <a 'java/lang/NoSuchMethodError'{0x0000000088edace8}: 'void java.lang.invoke.DirectMethodHandle$Holder.invokeStatic(java.lang.Object, java.lang.Object, int)'> (0x0000000088edace8) 
thrown [s\open\src\hotspot\share\interpreter\linkResolver.cpp, line 759]
Event: 1.950 Thread 0x000001d4b370fc90 Exception <a 'java/lang/IncompatibleClassChangeError'{0x0000000088d302e0}: Found class java.lang.Object, but interface was expected> (0x0000000088d302e0) 
thrown [s\open\src\hotspot\share\interpreter\linkResolver.cpp, line 826]
Event: 2.818 Thread 0x000001d4b370fc90 Exception <a 'sun/nio/fs/WindowsException'{0x000000008915fe80}> (0x000000008915fe80) 
thrown [s\open\src\hotspot\share\prims\jni.cpp, line 516]
Event: 2.820 Thread 0x000001d4b370fc90 Exception <a 'java/lang/NoSuchMethodError'{0x00000000891616e8}: 'int java.lang.invoke.DirectMethodHandle$Holder.invokeSpecial(java.lang.Object, java.lang.Object, java.lang.Object, java.lang.Object, java.lang.Object)'> (0x00000000891616e8) 
thrown [s\open\src\hotspot\share\interpreter\linkResolver.cpp, line 759]
Event: 2.832 Thread 0x000001d4b370fc90 Exception <a 'java/lang/NoSuchMethodError'{0x000000008916a3a0}: 'void java.lang.invoke.DirectMethodHandle$Holder.invokeVirtual(java.lang.Object, java.lang.Object)'> (0x000000008916a3a0) 
thrown [s\open\src\hotspot\share\interpreter\linkResolver.cpp, line 759]

VM Operations (20 events):
Event: 1.249 Executing VM operation: G1CollectForAllocation
Event: 1.252 Executing VM operation: G1CollectForAllocation done
Event: 1.314 Executing VM operation: HandshakeAllThreads
Event: 1.314 Executing VM operation: HandshakeAllThreads done
Event: 1.650 Executing VM operation: HandshakeAllThreads
Event: 1.651 Executing VM operation: HandshakeAllThreads done
Event: 1.913 Executing VM operation: HandshakeAllThreads
Event: 1.913 Executing VM operation: HandshakeAllThreads done
Event: 1.913 Executing VM operation: HandshakeAllThreads
Event: 1.913 Executing VM operation: HandshakeAllThreads done
Event: 1.944 Executing VM operation: ICBufferFull
Event: 1.944 Executing VM operation: ICBufferFull done
Event: 2.404 Executing VM operation: G1CollectForAllocation
Event: 2.411 Executing VM operation: G1CollectForAllocation done
Event: 2.665 Executing VM operation: HandshakeAllThreads
Event: 2.665 Executing VM operation: HandshakeAllThreads done
Event: 2.764 Executing VM operation: HandshakeAllThreads
Event: 2.764 Executing VM operation: HandshakeAllThreads done
Event: 2.836 Executing VM operation: HandshakeAllThreads
Event: 2.836 Executing VM operation: HandshakeAllThreads done

Events (20 events):
Event: 2.831 loading class java/nio/file/Files$AcceptAllFilter done
Event: 2.831 loading class java/nio/file/FileTreeWalker$DirectoryNode
Event: 2.831 loading class java/nio/file/FileTreeWalker$DirectoryNode done
Event: 2.831 loading class sun/nio/fs/WindowsDirectoryStream$WindowsDirectoryIterator
Event: 2.832 loading class sun/nio/fs/WindowsDirectoryStream$WindowsDirectoryIterator done
Event: 2.832 loading class java/nio/file/FileTreeWalker$Event
Event: 2.832 loading class java/nio/file/FileTreeWalker$Event done
Event: 2.832 loading class java/nio/file/FileTreeWalker$EventType
Event: 2.832 loading class java/nio/file/FileTreeWalker$EventType done
Event: 2.835 loading class sun/nio/fs/WindowsPath$WindowsPathWithAttributes
Event: 2.835 loading class sun/nio/fs/BasicFileAttributesHolder
Event: 2.836 loading class sun/nio/fs/BasicFileAttributesHolder done
Event: 2.836 loading class sun/nio/fs/WindowsPath$WindowsPathWithAttributes done
Event: 2.838 loading class java/util/regex/Pattern$LazyLoop
Event: 2.838 loading class java/util/regex/Pattern$Loop
Event: 2.838 loading class java/util/regex/Pattern$Loop done
Event: 2.838 loading class java/util/regex/Pattern$LazyLoop done
Event: 2.838 loading class java/util/regex/Pattern$Prolog
Event: 2.839 loading class java/util/regex/Pattern$Prolog done
Event: 2.871 loading class java/lang/StrictMath


Dynamic libraries:
0x00007ff7f92a0000 - 0x00007ff7f92b0000 	C:\Program Files\Java\jdk-17\bin\javaw.exe
0x00007ffd8d9d0000 - 0x00007ffd8dbc8000 	C:\WINDOWS\SYSTEM32\ntdll.dll
0x00007ffd8d7a0000 - 0x00007ffd8d862000 	C:\WINDOWS\System32\KERNEL32.DLL
0x00007ffd8b350000 - 0x00007ffd8b646000 	C:\WINDOWS\System32\KERNELBASE.dll
0x00007ffd8b060000 - 0x00007ffd8b160000 	C:\WINDOWS\System32\ucrtbase.dll
0x00007ffd65980000 - 0x00007ffd6599b000 	C:\Program Files\Java\jdk-17\bin\VCRUNTIME140.dll
0x00007ffd649a0000 - 0x00007ffd649b9000 	C:\Program Files\Java\jdk-17\bin\jli.dll
0x00007ffd8cd90000 - 0x00007ffd8ce41000 	C:\WINDOWS\System32\ADVAPI32.dll
0x00007ffd8c1b0000 - 0x00007ffd8c24e000 	C:\WINDOWS\System32\msvcrt.dll
0x00007ffd8bb90000 - 0x00007ffd8bc2f000 	C:\WINDOWS\System32\sechost.dll
0x00007ffd8d870000 - 0x00007ffd8d990000 	C:\WINDOWS\System32\RPCRT4.dll
0x00007ffd8b280000 - 0x00007ffd8b2a7000 	C:\WINDOWS\System32\bcrypt.dll
0x00007ffd8caf0000 - 0x00007ffd8cc91000 	C:\WINDOWS\System32\USER32.dll
0x00007ffd8b9c0000 - 0x00007ffd8b9e2000 	C:\WINDOWS\System32\win32u.dll
0x00007ffd7aef0000 - 0x00007ffd7b18b000 	C:\WINDOWS\WinSxS\amd64_microsoft.windows.common-controls_6595b64144ccf1df_6.0.19041.6456_none_60b8a6cb71f64256\COMCTL32.dll
0x00007ffd8d390000 - 0x00007ffd8d3bb000 	C:\WINDOWS\System32\GDI32.dll
0x00007ffd8b160000 - 0x00007ffd8b279000 	C:\WINDOWS\System32\gdi32full.dll
0x00007ffd8b2b0000 - 0x00007ffd8b34d000 	C:\WINDOWS\System32\msvcp_win.dll
0x00007ffd7a7d0000 - 0x00007ffd7a7da000 	C:\WINDOWS\SYSTEM32\VERSION.dll
0x00007ffd8bc30000 - 0x00007ffd8bc5f000 	C:\WINDOWS\System32\IMM32.DLL
0x00007ffd85170000 - 0x00007ffd8517c000 	C:\Program Files\Java\jdk-17\bin\vcruntime140_1.dll
0x00007ffd61080000 - 0x00007ffd6110e000 	C:\Program Files\Java\jdk-17\bin\msvcp140.dll
0x00007ffd3b2b0000 - 0x00007ffd3be90000 	C:\Program Files\Java\jdk-17\bin\server\jvm.dll
0x00007ffd8d3d0000 - 0x00007ffd8d3d8000 	C:\WINDOWS\System32\PSAPI.DLL
0x00007ffd874c0000 - 0x00007ffd874c9000 	C:\WINDOWS\SYSTEM32\WSOCK32.dll
0x00007ffd8d320000 - 0x00007ffd8d38b000 	C:\WINDOWS\System32\WS2_32.dll
0x00007ffd7bc10000 - 0x00007ffd7bc37000 	C:\WINDOWS\SYSTEM32\WINMM.dll
0x00007ffd89870000 - 0x00007ffd89882000 	C:\WINDOWS\SYSTEM32\kernel.appcore.dll
0x00007ffd87900000 - 0x00007ffd8790a000 	C:\Program Files\Java\jdk-17\bin\jimage.dll
0x00007ffd89630000 - 0x00007ffd89831000 	C:\WINDOWS\SYSTEM32\DBGHELP.DLL
0x00007ffd772f0000 - 0x00007ffd77324000 	C:\WINDOWS\SYSTEM32\dbgcore.DLL
0x00007ffd8b6a0000 - 0x00007ffd8b722000 	C:\WINDOWS\System32\bcryptPrimitives.dll
0x00007ffd70a90000 - 0x00007ffd70ab5000 	C:\Program Files\Java\jdk-17\bin\java.dll
0x00007ffd5ea00000 - 0x00007ffd5ead7000 	C:\Program Files\Java\jdk-17\bin\jsvml.dll
0x00007ffd8c250000 - 0x00007ffd8c9c0000 	C:\WINDOWS\System32\SHELL32.dll
0x00007ffd88e80000 - 0x00007ffd89625000 	C:\WINDOWS\SYSTEM32\windows.storage.dll
0x00007ffd8be50000 - 0x00007ffd8c1a4000 	C:\WINDOWS\System32\combase.dll
0x00007ffd8aa90000 - 0x00007ffd8aabb000 	C:\WINDOWS\SYSTEM32\Wldp.dll
0x00007ffd8bd80000 - 0x00007ffd8be4d000 	C:\WINDOWS\System32\OLEAUT32.dll
0x00007ffd8c9c0000 - 0x00007ffd8ca6d000 	C:\WINDOWS\System32\SHCORE.dll
0x00007ffd8d3e0000 - 0x00007ffd8d43b000 	C:\WINDOWS\System32\shlwapi.dll
0x00007ffd8af90000 - 0x00007ffd8afb4000 	C:\WINDOWS\SYSTEM32\profapi.dll
0x00007ffd70b80000 - 0x00007ffd70b99000 	C:\Program Files\Java\jdk-17\bin\net.dll
0x00007ffd80fa0000 - 0x00007ffd810aa000 	C:\WINDOWS\SYSTEM32\WINHTTP.dll
0x00007ffd8a7f0000 - 0x00007ffd8a85a000 	C:\WINDOWS\system32\mswsock.dll
0x00007ffd70a70000 - 0x00007ffd70a86000 	C:\Program Files\Java\jdk-17\bin\nio.dll
0x00007ffd70840000 - 0x00007ffd70858000 	C:\Program Files\Java\jdk-17\bin\zip.dll
0x00007ffd75640000 - 0x00007ffd7564a000 	C:\Program Files\Java\jdk-17\bin\management.dll
0x00007ffd75550000 - 0x00007ffd7555b000 	C:\Program Files\Java\jdk-17\bin\management_ext.dll

dbghelp: loaded successfully - version: 4.0.5 - missing functions: none
symbol engine: initialized successfully - sym options: 0x614 - pdb path: .;C:\Program Files\Java\jdk-17\bin;C:\WINDOWS\SYSTEM32;C:\WINDOWS\WinSxS\amd64_microsoft.windows.common-controls_6595b64144ccf1df_6.0.19041.6456_none_60b8a6cb71f64256;C:\Program Files\Java\jdk-17\bin\server

VM Arguments:
jvm_args: -Dfile.encoding=UTF-8 -XX:+ShowCodeDetailsInExceptionMessages 
java_command: com.astroganit.AstroGanitApiNewApplication
java_class_path (initial): D:\Ecllipse-Projects\AstroGanitApiNew\target\classes;C:\Users\Amit\.m2\repository\org\springframework\boot\spring-boot-starter-data-jpa\3.2.4\spring-boot-starter-data-jpa-3.2.4.jar;C:\Users\Amit\.m2\repository\org\springframework\boot\spring-boot-starter-aop\3.2.4\spring-boot-starter-aop-3.2.4.jar;C:\Users\Amit\.m2\repository\org\aspectj\aspectjweaver\1.9.21\aspectjweaver-1.9.21.jar;C:\Users\Amit\.m2\repository\org\springframework\boot\spring-boot-starter-jdbc\3.2.4\spring-boot-starter-jdbc-3.2.4.jar;C:\Users\Amit\.m2\repository\com\zaxxer\HikariCP\5.0.1\HikariCP-5.0.1.jar;C:\Users\Amit\.m2\repository\org\springframework\spring-jdbc\6.1.5\spring-jdbc-6.1.5.jar;C:\Users\Amit\.m2\repository\org\hibernate\orm\hibernate-core\6.4.4.Final\hibernate-core-6.4.4.Final.jar;C:\Users\Amit\.m2\repository\jakarta\persistence\jakarta.persistence-api\3.1.0\jakarta.persistence-api-3.1.0.jar;C:\Users\Amit\.m2\repository\jakarta\transaction\jakarta.transaction-api\2.0.1\jakarta.transaction-api-2.0.1.jar;C:\Users\Amit\.m2\repository\org\jboss\logging\jboss-logging\3.5.3.Final\jboss-logging-3.5.3.Final.jar;C:\Users\Amit\.m2\repository\org\hibernate\common\hibernate-commons-annotations\6.0.6.Final\hibernate-commons-annotations-6.0.6.Final.jar;C:\Users\Amit\.m2\repository\io\smallrye\jandex\3.1.2\jandex-3.1.2.jar;C:\Users\Amit\.m2\repository\net\bytebuddy\byte-buddy\1.14.12\byte-buddy-1.14.12.jar;C:\Users\Amit\.m2\repository\jakarta\inject\jakarta.inject-api\2.0.1\jakarta.inject-api-2.0.1.jar;C:\Users\Amit\.m2\repository\org\antlr\antlr4-runtime\4.13.0\antlr4-runtime-4.13.0.jar;C:\Users\Amit\.m2\repository\org\springframework\data\spring-data-jpa\3.2.4\spring-data-jpa-3.2.4.jar;C:\Users\Amit\.m2\repository\org\springframework\data\spring-data-commons\3.2.4\spring-data-commons-3.2.4.jar;C:\Users\Amit\.m2\repository\org\springframework\spring-orm\6.1.5\spring-orm-6.1.5.jar;C:\Users\Amit\.m2\repository\org\springframework\spring-context\6.1.5\spring-context-6.1.5
Launcher Type: SUN_STANDARD

[Global flags]
     intx CICompilerCount                          = 3                                         {product} {ergonomic}
     uint ConcGCThreads                            = 1                                         {product} {ergonomic}
     uint G1ConcRefinementThreads                  = 4                                         {product} {ergonomic}
   size_t G1HeapRegionSize                         = 1048576                                   {product} {ergonomic}
    uintx GCDrainStackTargetSize                   = 64                                        {product} {ergonomic}
   size_t InitialHeapSize                          = 134217728                                 {product} {ergonomic}
   size_t MarkStackSize                            = 4194304                                   {product} {ergonomic}
   size_t MaxHeapSize                              = 2116026368                                {product} {ergonomic}
   size_t MaxNewSize                               = 1268776960                                {product} {ergonomic}
   size_t MinHeapDeltaBytes                        = 1048576                                   {product} {ergonomic}
   size_t MinHeapSize                              = 8388608                                   {product} {ergonomic}
    uintx NonNMethodCodeHeapSize                   = 5832780                                {pd product} {ergonomic}
    uintx NonProfiledCodeHeapSize                  = 122912730                              {pd product} {ergonomic}
    uintx ProfiledCodeHeapSize                     = 122912730                              {pd product} {ergonomic}
    uintx ReservedCodeCacheSize                    = 251658240                              {pd product} {ergonomic}
     bool SegmentedCodeCache                       = true                                      {product} {ergonomic}
     bool ShowCodeDetailsInExceptionMessages       = true                                   {manageable} {command line}
   size_t SoftMaxHeapSize                          = 2116026368                             {manageable} {ergonomic}
     bool UseCompressedClassPointers               = true                           {product lp64_product} {ergonomic}
     bool UseCompressedOops                        = true                           {product lp64_product} {ergonomic}
     bool UseG1GC                                  = true                                      {product} {ergonomic}
     bool UseLargePagesIndividualAllocation        = false                                  {pd product} {ergonomic}

Logging:
Log output configuration:
 #0: stdout all=warning uptime,level,tags
 #1: stderr all=off uptime,level,tags

Environment Variables:
JAVA_HOME=C:\Program Files\Java\jdk-17
PATH=C:/Program Files/Java/jdk-17/bin/server;C:/Program Files/Java/jdk-17/bin;C:\Program Files\nodejs;C:\Program Files\Git\cmd;C:\Program Files\Git\bin;C:\Program Files\Java\jdk-17\bin;C:\Windows\System32;C:\Windows\System32\OpenSSH;C:\Program Files\MySQL\MySQL Shell 8.0\bin\;C:\Program Files\nodejs;C:\Program Files\Git\cmd;C:\Program Files\Git\bin;C:\Program Files\Java\jdk-17\bin;C:\Windows\System32;C:\Windows\System32\OpenSSH;;C:\Program Files\android-sdk-windows\platform-tools;C:\Users\Amit\AppData\Roaming\npm;C:\Users\Amit\AppData\Local\Programs\Microsoft VS Code\bin;D:\Maven\apache-maven-3.9.8\bin;;C:\WINDOWS\system32;
USERNAME=Amit
OS=Windows_NT
PROCESSOR_IDENTIFIER=Intel64 Family 6 Model 61 Stepping 4, GenuineIntel



---------------  S Y S T E M  ---------------

OS:
 Windows 10 , 64 bit Build 19041 (10.0.19041.5915)
OS uptime: 4 days 20:14 hours

CPU: total 4 (initial active 4) (2 cores per cpu, 2 threads per core) family 6 model 61 stepping 4 microcode 0x2d, cx8, cmov, fxsr, ht, mmx, 3dnowpref, sse, sse2, sse3, ssse3, sse4.1, sse4.2, popcnt, lzcnt, tsc, tscinvbit, avx, avx2, aes, erms, clmul, bmi1, bmi2, rtm, adx, fma, vzeroupper, clflush

Memory: 4k page, system-wide physical 8067M (564M free)
TotalPageFile size 24037M (AvailPageFile size 6M)
current process WorkingSet (physical memory assigned to process): 117M, peak: 120M
current process commit charge ("private bytes"): 251M, peak: 253M

vm_info: Java HotSpot(TM) 64-Bit Server VM (17.0.11+7-LTS-207) for windows-amd64 JRE (17.0.11+7-LTS-207), built on Mar 11 2024 19:01:50 by "mach5one" with MS VC++ 17.6 (VS2022)

END.
