#
# There is insufficient memory for the Java Runtime Environment to continue.
# Native memory allocation (malloc) failed to allocate 1709136 bytes for Chunk::new
# Possible reasons:
#   The system is out of physical RAM or swap space
#   The process is running with CompressedOops enabled, and the Java Heap may be blocking the growth of the native heap
# Possible solutions:
#   Reduce memory load on the system
#   Increase physical memory or swap space
#   Check if swap backing store is full
#   Decrease Java heap size (-Xmx/-Xms)
#   Decrease number of Java threads
#   Decrease Java thread stack sizes (-Xss)
#   Set larger code cache with -XX:ReservedCodeCacheSize=
#   JVM is running with Unscaled Compressed Oops mode in which the Java heap is
#     placed in the first 4GB address space. The Java Heap base address is the
#     maximum limit for the native heap growth. Please use -XX:HeapBaseMinAddress
#     to set the Java Heap base and to place the Java Heap above 4GB virtual address.
# This output file may be truncated or incomplete.
#
#  Out of Memory Error (arena.cpp:189), pid=10996, tid=12044
#
# JRE version: Java(TM) SE Runtime Environment (17.0.11+7) (build 17.0.11+7-LTS-207)
# Java VM: Java HotSpot(TM) 64-Bit Server VM (17.0.11+7-LTS-207, mixed mode, sharing, tiered, compressed oops, compressed class ptrs, g1 gc, windows-amd64)
# No core dump will be written. Minidumps are not enabled by default on client versions of Windows
#

---------------  S U M M A R Y ------------

Command Line: C:\Users\Amit\AppData\Local\Temp\surefire11533996256854592796\surefirebooter-20251206214555416_3.jar C:\Users\Amit\AppData\Local\Temp\surefire11533996256854592796 2025-12-06T21-45-55_092-jvmRun1 surefire-20251206214555416_1tmp surefire_0-20251206214555416_2tmp

Host: Intel(R) Core(TM) i5-5300U CPU @ 2.30GHz, 4 cores, 7G,  Windows 10 , 64 bit Build 19041 (10.0.19041.5915)
Time: Sat Dec  6 21:46:38 2025 India Standard Time elapsed time: 42.999380 seconds (0d 0h 0m 42s)

---------------  T H R E A D  ---------------

Current thread (0x0000021b552a3f10):  JavaThread "C2 CompilerThread0" daemon [_thread_in_native, id=12044, stack(0x000000d514c00000,0x000000d514d00000)]


Current CompileTask:
C2:  42999 6870   !   4       org.springframework.core.annotation.AnnotationsScanner::processClassHierarchy (234 bytes)

Stack: [0x000000d514c00000,0x000000d514d00000]
Native frames: (J=compiled Java code, j=interpreted, Vv=VM code, C=native code)
V  [jvm.dll+0x679cca]
V  [jvm.dll+0x7da13d]
V  [jvm.dll+0x7dba83]
V  [jvm.dll+0x7dc0f3]
V  [jvm.dll+0x2449af]
V  [jvm.dll+0xab83b]
V  [jvm.dll+0xabe1c]
V  [jvm.dll+0x36155f]
V  [jvm.dll+0x32bd61]
V  [jvm.dll+0x32b1fa]
V  [jvm.dll+0x2161df]
V  [jvm.dll+0x21560f]
V  [jvm.dll+0x1a2040]
V  [jvm.dll+0x225a2b]
V  [jvm.dll+0x223bcb]
V  [jvm.dll+0x7903ec]
V  [jvm.dll+0x78a85a]
V  [jvm.dll+0x678bb5]
C  [ucrtbase.dll+0x21bb2]
C  [KERNEL32.DLL+0x17374]
C  [ntdll.dll+0x4cc91]


---------------  P R O C E S S  ---------------

Threads class SMR info:
_java_thread_list=0x0000021b9d7f97b0, length=17, elements={
0x0000021b35a94de0, 0x0000021b55288ca0, 0x0000021b55289a30, 0x0000021b5529e380,
0x0000021b552a2170, 0x0000021b552a2a40, 0x0000021b552a3310, 0x0000021b552a3f10,
0x0000021b552a48d0, 0x0000021b552cf980, 0x0000021b554e22f0, 0x0000021b554e18d0,
0x0000021b554e0eb0, 0x0000021b554e3730, 0x0000021b554e2d10, 0x0000021b554e09a0,
0x0000021b554e2800
}

Java Threads: ( => current thread )
  0x0000021b35a94de0 JavaThread "main" [_thread_in_Java, id=18636, stack(0x000000d513f00000,0x000000d514000000)]
  0x0000021b55288ca0 JavaThread "Reference Handler" daemon [_thread_blocked, id=15356, stack(0x000000d514600000,0x000000d514700000)]
  0x0000021b55289a30 JavaThread "Finalizer" daemon [_thread_blocked, id=16964, stack(0x000000d514700000,0x000000d514800000)]
  0x0000021b5529e380 JavaThread "Signal Dispatcher" daemon [_thread_blocked, id=19236, stack(0x000000d514800000,0x000000d514900000)]
  0x0000021b552a2170 JavaThread "Attach Listener" daemon [_thread_blocked, id=3348, stack(0x000000d514900000,0x000000d514a00000)]
  0x0000021b552a2a40 JavaThread "Service Thread" daemon [_thread_blocked, id=2636, stack(0x000000d514a00000,0x000000d514b00000)]
  0x0000021b552a3310 JavaThread "Monitor Deflation Thread" daemon [_thread_blocked, id=14720, stack(0x000000d514b00000,0x000000d514c00000)]
=>0x0000021b552a3f10 JavaThread "C2 CompilerThread0" daemon [_thread_in_native, id=12044, stack(0x000000d514c00000,0x000000d514d00000)]
  0x0000021b552a48d0 JavaThread "C1 CompilerThread0" daemon [_thread_blocked, id=10964, stack(0x000000d514d00000,0x000000d514e00000)]
  0x0000021b552cf980 JavaThread "Sweeper thread" daemon [_thread_blocked, id=8820, stack(0x000000d514e00000,0x000000d514f00000)]
  0x0000021b554e22f0 JavaThread "Notification Thread" daemon [_thread_blocked, id=13076, stack(0x000000d514f00000,0x000000d515000000)]
  0x0000021b554e18d0 JavaThread "Common-Cleaner" daemon [_thread_blocked, id=4588, stack(0x000000d515100000,0x000000d515200000)]
  0x0000021b554e0eb0 JavaThread "surefire-forkedjvm-stream-flusher" daemon [_thread_blocked, id=8356, stack(0x000000d515200000,0x000000d515300000)]
  0x0000021b554e3730 JavaThread "surefire-forkedjvm-command-thread" daemon [_thread_in_native, id=8788, stack(0x000000d515300000,0x000000d515400000)]
  0x0000021b554e2d10 JavaThread "mysql-cj-abandoned-connection-cleanup" daemon [_thread_blocked, id=1268, stack(0x000000d515800000,0x000000d515900000)]
  0x0000021b554e09a0 JavaThread "HikariPool-1 housekeeper" daemon [_thread_blocked, id=7788, stack(0x000000d513c00000,0x000000d513d00000)]
  0x0000021b554e2800 JavaThread "HikariPool-1 connection adder" daemon [_thread_in_native, id=18804, stack(0x000000d515a00000,0x000000d515b00000)]

Other Threads:
  0x0000021b5527dd60 VMThread "VM Thread" [stack: 0x000000d514500000,0x000000d514600000] [id=12932]
  0x0000021b554e5f50 WatcherThread [stack: 0x000000d515000000,0x000000d515100000] [id=17520]
  0x0000021b35aeddd0 GCTaskThread "GC Thread#0" [stack: 0x000000d514000000,0x000000d514100000] [id=8792]
  0x0000021b9b519090 GCTaskThread "GC Thread#1" [stack: 0x000000d515400000,0x000000d515500000] [id=18716]
  0x0000021b9b2c9770 GCTaskThread "GC Thread#2" [stack: 0x000000d515500000,0x000000d515600000] [id=12460]
  0x0000021b9b310270 GCTaskThread "GC Thread#3" [stack: 0x000000d515600000,0x000000d515700000] [id=3000]
  0x0000021b35afe870 ConcurrentGCThread "G1 Main Marker" [stack: 0x000000d514100000,0x000000d514200000] [id=7976]
  0x0000021b35aff930 ConcurrentGCThread "G1 Conc#0" [stack: 0x000000d514200000,0x000000d514300000] [id=10232]
  0x0000021b35b67ee0 ConcurrentGCThread "G1 Refine#0" [stack: 0x000000d514300000,0x000000d514400000] [id=3732]
  0x0000021b556ed670 ConcurrentGCThread "G1 Refine#1" [stack: 0x000000d515700000,0x000000d515800000] [id=9896]
  0x0000021b35b68820 ConcurrentGCThread "G1 Service" [stack: 0x000000d514400000,0x000000d514500000] [id=14204]

Threads with active compile tasks:
C2 CompilerThread0    43034 6870   !   4       org.springframework.core.annotation.AnnotationsScanner::processClassHierarchy (234 bytes)

VM state: not at safepoint (normal execution)

VM Mutex/Monitor currently owned by a thread: None

Heap address: 0x0000000081e00000, size: 2018 MB, Compressed Oops mode: 32-bit

CDS archive(s) mapped at: [0x0000021b56000000-0x0000021b56bd0000-0x0000021b56bd0000), size 12386304, SharedBaseAddress: 0x0000021b56000000, ArchiveRelocationMode: 1.
Compressed class space mapped at: 0x0000021b57000000-0x0000021b97000000, reserved size: 1073741824
Narrow klass base: 0x0000021b56000000, Narrow klass shift: 0, Narrow klass range: 0x100000000

GC Precious Log:
 CPUs: 4 total, 4 available
 Memory: 8067M
 Large Page Support: Disabled
 NUMA Support: Disabled
 Compressed Oops: Enabled (32-bit)
 Heap Region Size: 1M
 Heap Min Capacity: 8M
 Heap Initial Capacity: 128M
 Heap Max Capacity: 2018M
 Pre-touch: Disabled
 Parallel Workers: 4
 Concurrent Workers: 1
 Concurrent Refinement Workers: 4
 Periodic GC: Disabled

Heap:
 garbage-first heap   total 79872K, used 41826K [0x0000000081e00000, 0x0000000100000000)
  region size 1024K, 12 young (12288K), 4 survivors (4096K)
 Metaspace       used 70821K, committed 71296K, reserved 1114112K
  class space    used 9964K, committed 10176K, reserved 1048576K

Heap Regions: E=young(eden), S=young(survivor), O=old, HS=humongous(starts), HC=humongous(continues), CS=collection set, F=free, OA=open archive, CA=closed archive, TAMS=top-at-mark-start (previous, next)
|   0|0x0000000081e00000, 0x0000000081f00000, 0x0000000081f00000|100%|HS|  |TAMS 0x0000000081f00000, 0x0000000081e00000| Complete 
|   1|0x0000000081f00000, 0x0000000082000000, 0x0000000082000000|100%| O|  |TAMS 0x0000000082000000, 0x0000000081f00000| Untracked 
|   2|0x0000000082000000, 0x0000000082100000, 0x0000000082100000|100%| O|  |TAMS 0x0000000082100000, 0x0000000082000000| Untracked 
|   3|0x0000000082100000, 0x0000000082200000, 0x0000000082200000|100%| O|  |TAMS 0x0000000082200000, 0x0000000082100000| Untracked 
|   4|0x0000000082200000, 0x0000000082300000, 0x0000000082300000|100%| O|  |TAMS 0x0000000082300000, 0x0000000082200000| Untracked 
|   5|0x0000000082300000, 0x0000000082400000, 0x0000000082400000|100%| O|  |TAMS 0x0000000082400000, 0x0000000082300000| Untracked 
|   6|0x0000000082400000, 0x0000000082500000, 0x0000000082500000|100%| O|  |TAMS 0x0000000082500000, 0x0000000082400000| Untracked 
|   7|0x0000000082500000, 0x0000000082600000, 0x0000000082600000|100%| O|  |TAMS 0x0000000082600000, 0x0000000082500000| Untracked 
|   8|0x0000000082600000, 0x00000000826bec00, 0x0000000082700000| 74%| O|  |TAMS 0x00000000826bec00, 0x0000000082600000| Untracked 
|   9|0x0000000082700000, 0x0000000082800000, 0x0000000082800000|100%| O|  |TAMS 0x0000000082800000, 0x0000000082700000| Untracked 
|  10|0x0000000082800000, 0x0000000082900000, 0x0000000082900000|100%| O|  |TAMS 0x0000000082900000, 0x0000000082800000| Untracked 
|  11|0x0000000082900000, 0x0000000082a00000, 0x0000000082a00000|100%| O|  |TAMS 0x0000000082a00000, 0x0000000082900000| Untracked 
|  12|0x0000000082a00000, 0x0000000082b00000, 0x0000000082b00000|100%| O|  |TAMS 0x0000000082b00000, 0x0000000082a00000| Untracked 
|  13|0x0000000082b00000, 0x0000000082c00000, 0x0000000082c00000|100%| O|  |TAMS 0x0000000082c00000, 0x0000000082b00000| Untracked 
|  14|0x0000000082c00000, 0x0000000082d00000, 0x0000000082d00000|100%| O|  |TAMS 0x0000000082d00000, 0x0000000082c00000| Untracked 
|  15|0x0000000082d00000, 0x0000000082e00000, 0x0000000082e00000|100%| O|  |TAMS 0x0000000082e00000, 0x0000000082d00000| Untracked 
|  16|0x0000000082e00000, 0x0000000082f00000, 0x0000000082f00000|100%| O|  |TAMS 0x0000000082f00000, 0x0000000082e00000| Untracked 
|  17|0x0000000082f00000, 0x0000000083000000, 0x0000000083000000|100%| O|  |TAMS 0x0000000083000000, 0x0000000082f00000| Untracked 
|  18|0x0000000083000000, 0x0000000083100000, 0x0000000083100000|100%| O|  |TAMS 0x0000000083100000, 0x0000000083000000| Untracked 
|  19|0x0000000083100000, 0x0000000083200000, 0x0000000083200000|100%| O|  |TAMS 0x0000000083200000, 0x0000000083100000| Untracked 
|  20|0x0000000083200000, 0x0000000083300000, 0x0000000083300000|100%| O|  |TAMS 0x0000000083300000, 0x0000000083200000| Untracked 
|  21|0x0000000083300000, 0x0000000083400000, 0x0000000083400000|100%| O|  |TAMS 0x0000000083400000, 0x0000000083300000| Untracked 
|  22|0x0000000083400000, 0x0000000083500000, 0x0000000083500000|100%| O|  |TAMS 0x0000000083500000, 0x0000000083400000| Untracked 
|  23|0x0000000083500000, 0x0000000083600000, 0x0000000083600000|100%| O|  |TAMS 0x0000000083600000, 0x0000000083500000| Untracked 
|  24|0x0000000083600000, 0x0000000083700000, 0x0000000083700000|100%| O|  |TAMS 0x0000000083700000, 0x0000000083600000| Untracked 
|  25|0x0000000083700000, 0x0000000083800000, 0x0000000083800000|100%| O|  |TAMS 0x00000000837b1e00, 0x0000000083700000| Untracked 
|  26|0x0000000083800000, 0x0000000083900000, 0x0000000083900000|100%| O|  |TAMS 0x0000000083800000, 0x0000000083800000| Untracked 
|  27|0x0000000083900000, 0x0000000083a00000, 0x0000000083a00000|100%| O|  |TAMS 0x0000000083900000, 0x0000000083900000| Untracked 
|  28|0x0000000083a00000, 0x0000000083b00000, 0x0000000083b00000|100%| O|  |TAMS 0x0000000083a00000, 0x0000000083a00000| Untracked 
|  29|0x0000000083b00000, 0x0000000083c00000, 0x0000000083c00000|100%| O|  |TAMS 0x0000000083b00000, 0x0000000083b00000| Untracked 
|  30|0x0000000083c00000, 0x0000000083cc6a00, 0x0000000083d00000| 77%| O|  |TAMS 0x0000000083c00000, 0x0000000083c00000| Untracked 
|  31|0x0000000083d00000, 0x0000000083d00000, 0x0000000083e00000|  0%| F|  |TAMS 0x0000000083d00000, 0x0000000083d00000| Untracked 
|  32|0x0000000083e00000, 0x0000000083e00000, 0x0000000083f00000|  0%| F|  |TAMS 0x0000000083e00000, 0x0000000083e00000| Untracked 
|  33|0x0000000083f00000, 0x0000000083f00000, 0x0000000084000000|  0%| F|  |TAMS 0x0000000083f00000, 0x0000000083f00000| Untracked 
|  34|0x0000000084000000, 0x0000000084000000, 0x0000000084100000|  0%| F|  |TAMS 0x0000000084000000, 0x0000000084000000| Untracked 
|  35|0x0000000084100000, 0x0000000084100000, 0x0000000084200000|  0%| F|  |TAMS 0x0000000084100000, 0x0000000084100000| Untracked 
|  36|0x0000000084200000, 0x0000000084200000, 0x0000000084300000|  0%| F|  |TAMS 0x0000000084200000, 0x0000000084200000| Untracked 
|  37|0x0000000084300000, 0x0000000084300000, 0x0000000084400000|  0%| F|  |TAMS 0x0000000084300000, 0x0000000084300000| Untracked 
|  38|0x0000000084400000, 0x0000000084400000, 0x0000000084500000|  0%| F|  |TAMS 0x0000000084400000, 0x0000000084400000| Untracked 
|  39|0x0000000084500000, 0x0000000084553338, 0x0000000084600000| 32%| S|CS|TAMS 0x0000000084500000, 0x0000000084500000| Complete 
|  40|0x0000000084600000, 0x0000000084700000, 0x0000000084700000|100%| S|CS|TAMS 0x0000000084600000, 0x0000000084600000| Complete 
|  41|0x0000000084700000, 0x0000000084800000, 0x0000000084800000|100%| S|CS|TAMS 0x0000000084700000, 0x0000000084700000| Complete 
|  42|0x0000000084800000, 0x0000000084800000, 0x0000000084900000|  0%| F|  |TAMS 0x0000000084800000, 0x0000000084800000| Untracked 
|  43|0x0000000084900000, 0x0000000084900000, 0x0000000084a00000|  0%| F|  |TAMS 0x0000000084900000, 0x0000000084900000| Untracked 
|  44|0x0000000084a00000, 0x0000000084a00000, 0x0000000084b00000|  0%| F|  |TAMS 0x0000000084a00000, 0x0000000084a00000| Untracked 
|  45|0x0000000084b00000, 0x0000000084b00000, 0x0000000084c00000|  0%| F|  |TAMS 0x0000000084b00000, 0x0000000084b00000| Untracked 
|  46|0x0000000084c00000, 0x0000000084d00000, 0x0000000084d00000|100%| S|CS|TAMS 0x0000000084c00000, 0x0000000084c00000| Complete 
|  47|0x0000000084d00000, 0x0000000084d00000, 0x0000000084e00000|  0%| F|  |TAMS 0x0000000084d00000, 0x0000000084d00000| Untracked 
|  48|0x0000000084e00000, 0x0000000084e00000, 0x0000000084f00000|  0%| F|  |TAMS 0x0000000084e00000, 0x0000000084e00000| Untracked 
|  49|0x0000000084f00000, 0x0000000084f00000, 0x0000000085000000|  0%| F|  |TAMS 0x0000000084f00000, 0x0000000084f00000| Untracked 
|  50|0x0000000085000000, 0x0000000085000000, 0x0000000085100000|  0%| F|  |TAMS 0x0000000085000000, 0x0000000085000000| Untracked 
|  51|0x0000000085100000, 0x0000000085100000, 0x0000000085200000|  0%| F|  |TAMS 0x0000000085100000, 0x0000000085100000| Untracked 
|  52|0x0000000085200000, 0x0000000085200000, 0x0000000085300000|  0%| F|  |TAMS 0x0000000085200000, 0x0000000085200000| Untracked 
|  53|0x0000000085300000, 0x0000000085300000, 0x0000000085400000|  0%| F|  |TAMS 0x0000000085300000, 0x0000000085300000| Untracked 
|  54|0x0000000085400000, 0x0000000085400000, 0x0000000085500000|  0%| F|  |TAMS 0x0000000085400000, 0x0000000085400000| Untracked 
|  55|0x0000000085500000, 0x0000000085500000, 0x0000000085600000|  0%| F|  |TAMS 0x0000000085500000, 0x0000000085500000| Untracked 
|  56|0x0000000085600000, 0x0000000085600000, 0x0000000085700000|  0%| F|  |TAMS 0x0000000085600000, 0x0000000085600000| Untracked 
|  57|0x0000000085700000, 0x0000000085700000, 0x0000000085800000|  0%| F|  |TAMS 0x0000000085700000, 0x0000000085700000| Untracked 
|  58|0x0000000085800000, 0x0000000085800000, 0x0000000085900000|  0%| F|  |TAMS 0x0000000085800000, 0x0000000085800000| Untracked 
|  59|0x0000000085900000, 0x0000000085900000, 0x0000000085a00000|  0%| F|  |TAMS 0x0000000085900000, 0x0000000085900000| Untracked 
|  60|0x0000000085a00000, 0x0000000085a00000, 0x0000000085b00000|  0%| F|  |TAMS 0x0000000085a00000, 0x0000000085a00000| Untracked 
|  61|0x0000000085b00000, 0x0000000085b00000, 0x0000000085c00000|  0%| F|  |TAMS 0x0000000085b00000, 0x0000000085b00000| Untracked 
|  62|0x0000000085c00000, 0x0000000085c00000, 0x0000000085d00000|  0%| F|  |TAMS 0x0000000085c00000, 0x0000000085c00000| Untracked 
|  63|0x0000000085d00000, 0x0000000085d00000, 0x0000000085e00000|  0%| F|  |TAMS 0x0000000085d00000, 0x0000000085d00000| Untracked 
|  64|0x0000000085e00000, 0x0000000085e00000, 0x0000000085f00000|  0%| F|  |TAMS 0x0000000085e00000, 0x0000000085e00000| Untracked 
|  65|0x0000000085f00000, 0x0000000085f00000, 0x0000000086000000|  0%| F|  |TAMS 0x0000000085f00000, 0x0000000085f00000| Untracked 
|  66|0x0000000086000000, 0x0000000086000000, 0x0000000086100000|  0%| F|  |TAMS 0x0000000086000000, 0x0000000086000000| Untracked 
|  67|0x0000000086100000, 0x0000000086100000, 0x0000000086200000|  0%| F|  |TAMS 0x0000000086100000, 0x0000000086100000| Untracked 
|  68|0x0000000086200000, 0x0000000086200000, 0x0000000086300000|  0%| F|  |TAMS 0x0000000086200000, 0x0000000086200000| Untracked 
|  69|0x0000000086300000, 0x0000000086380800, 0x0000000086400000| 50%| E|  |TAMS 0x0000000086300000, 0x0000000086300000| Complete 
|  70|0x0000000086400000, 0x0000000086500000, 0x0000000086500000|100%| E|CS|TAMS 0x0000000086400000, 0x0000000086400000| Complete 
|  71|0x0000000086500000, 0x0000000086600000, 0x0000000086600000|100%| E|CS|TAMS 0x0000000086500000, 0x0000000086500000| Complete 
|  72|0x0000000086600000, 0x0000000086700000, 0x0000000086700000|100%| E|CS|TAMS 0x0000000086600000, 0x0000000086600000| Complete 
|  73|0x0000000086700000, 0x0000000086800000, 0x0000000086800000|100%| E|CS|TAMS 0x0000000086700000, 0x0000000086700000| Complete 
|  74|0x0000000086800000, 0x0000000086900000, 0x0000000086900000|100%| E|CS|TAMS 0x0000000086800000, 0x0000000086800000| Complete 
|  75|0x0000000086900000, 0x0000000086a00000, 0x0000000086a00000|100%| E|CS|TAMS 0x0000000086900000, 0x0000000086900000| Complete 
|  76|0x0000000086a00000, 0x0000000086b00000, 0x0000000086b00000|100%| E|CS|TAMS 0x0000000086a00000, 0x0000000086a00000| Complete 
| 127|0x0000000089d00000, 0x0000000089e00000, 0x0000000089e00000|100%| E|CS|TAMS 0x0000000089d00000, 0x0000000089d00000| Complete 

Card table byte_map: [0x0000021b4e570000,0x0000021b4e970000] _byte_map_base: 0x0000021b4e161000

Marking Bits (Prev, Next): (CMBitMap*) 0x0000021b35aee300, (CMBitMap*) 0x0000021b35aee340
 Prev Bits: [0x0000021b4ed70000, 0x0000021b50cf8000)
 Next Bits: [0x0000021b50d00000, 0x0000021b52c88000)

Polling page: 0x0000021b35960000

Metaspace:

Usage:
  Non-class:     59.43 MB used.
      Class:      9.73 MB used.
       Both:     69.16 MB used.

Virtual space:
  Non-class space:       64.00 MB reserved,      59.69 MB ( 93%) committed,  1 nodes.
      Class space:        1.00 GB reserved,       9.94 MB ( <1%) committed,  1 nodes.
             Both:        1.06 GB reserved,      69.62 MB (  6%) committed. 

Chunk freelists:
   Non-Class:  4.30 MB
       Class:  6.00 MB
        Both:  10.30 MB

MaxMetaspaceSize: unlimited
CompressedClassSpaceSize: 1.00 GB
Initial GC threshold: 21.00 MB
Current GC threshold: 105.94 MB
CDS: on
MetaspaceReclaimPolicy: balanced
 - commit_granule_bytes: 65536.
 - commit_granule_words: 8192.
 - virtual_space_node_default_size: 8388608.
 - enlarge_chunks_in_place: 1.
 - new_chunks_are_fully_committed: 0.
 - uncommit_free_chunks: 1.
 - use_allocation_guard: 0.
 - handle_deallocations: 1.


Internal statistics:

num_allocs_failed_limit: 12.
num_arena_births: 688.
num_arena_deaths: 0.
num_vsnodes_births: 2.
num_vsnodes_deaths: 0.
num_space_committed: 1114.
num_space_uncommitted: 0.
num_chunks_returned_to_freelist: 12.
num_chunks_taken_from_freelist: 3222.
num_chunk_merges: 6.
num_chunk_splits: 2317.
num_chunks_enlarged: 1825.
num_inconsistent_stats: 0.

CodeHeap 'non-profiled nmethods': size=120000Kb used=3062Kb max_used=3062Kb free=116937Kb
 bounds [0x0000021b46610000, 0x0000021b46910000, 0x0000021b4db40000]
CodeHeap 'profiled nmethods': size=120000Kb used=11686Kb max_used=11686Kb free=108313Kb
 bounds [0x0000021b3eb40000, 0x0000021b3f6b0000, 0x0000021b46070000]
CodeHeap 'non-nmethods': size=5760Kb used=1359Kb max_used=1409Kb free=4401Kb
 bounds [0x0000021b46070000, 0x0000021b462e0000, 0x0000021b46610000]
 total_blobs=7439 nmethods=6749 adapters=601
 compilation: enabled
              stopped_count=0, restarted_count=0
 full_count=0

Compilation events (20 events):
Event: 42.886 Thread 0x0000021b552a48d0 7651 %     3       java.util.ArrayList::hashCodeRange @ 25 (68 bytes)
Event: 42.886 Thread 0x0000021b552a48d0 nmethod 7651% 0x0000021b3f6a1c90 code [0x0000021b3f6a1e60, 0x0000021b3f6a2318]
Event: 42.888 Thread 0x0000021b552a48d0 7652       2       java.util.BitSet::or (105 bytes)
Event: 42.889 Thread 0x0000021b552a48d0 nmethod 7652 0x0000021b3f6a2510 code [0x0000021b3f6a26e0, 0x0000021b3f6a2a28]
Event: 42.889 Thread 0x0000021b552a48d0 7653       3       java.util.Arrays::equals (43 bytes)
Event: 42.889 Thread 0x0000021b552a48d0 nmethod 7653 0x0000021b3f6a2c10 code [0x0000021b3f6a2de0, 0x0000021b3f6a30c8]
Event: 42.889 Thread 0x0000021b552a48d0 7654       2       org.antlr.v4.runtime.atn.ParserATNSimulator::computeReachSet (575 bytes)
Event: 42.893 Thread 0x0000021b552a48d0 nmethod 7654 0x0000021b3f6a3190 code [0x0000021b3f6a3660, 0x0000021b3f6a4f38]
Event: 42.893 Thread 0x0000021b552a48d0 7655 %     3       org.antlr.v4.runtime.misc.Array2DHashSet::expand @ 102 (247 bytes)
Event: 42.895 Thread 0x0000021b552a48d0 nmethod 7655% 0x0000021b3f6a5e10 code [0x0000021b3f6a60c0, 0x0000021b3f6a7228]
Event: 42.895 Thread 0x0000021b552a48d0 7656       1       org.antlr.v4.runtime.atn.PlusLoopbackState::getStateType (3 bytes)
Event: 42.895 Thread 0x0000021b552a48d0 nmethod 7656 0x0000021b4690d010 code [0x0000021b4690d1a0, 0x0000021b4690d278]
Event: 42.896 Thread 0x0000021b552a48d0 7658       2       org.antlr.v4.runtime.dfa.DFAState::<init> (31 bytes)
Event: 42.897 Thread 0x0000021b552a48d0 nmethod 7658 0x0000021b3f6a7890 code [0x0000021b3f6a7a40, 0x0000021b3f6a7ca8]
Event: 42.922 Thread 0x0000021b552a48d0 7660       2       org.antlr.v4.runtime.ParserRuleContext::addAnyChild (31 bytes)
Event: 42.923 Thread 0x0000021b552a48d0 nmethod 7660 0x0000021b3f6a7d90 code [0x0000021b3f6a7f40, 0x0000021b3f6a81c8]
Event: 42.923 Thread 0x0000021b552a48d0 7661       1       org.antlr.v4.runtime.BufferedTokenStream::index (5 bytes)
Event: 42.923 Thread 0x0000021b552a48d0 nmethod 7661 0x0000021b4690d310 code [0x0000021b4690d4a0, 0x0000021b4690d578]
Event: 42.923 Thread 0x0000021b552a48d0 7662       1       org.antlr.v4.runtime.BufferedTokenStream::mark (2 bytes)
Event: 42.923 Thread 0x0000021b552a48d0 nmethod 7662 0x0000021b4690d610 code [0x0000021b4690d7a0, 0x0000021b4690d878]

GC Heap History (20 events):
Event: 6.994 GC heap before
{Heap before GC invocations=8 (full 0):
 garbage-first heap   total 66560K, used 49076K [0x0000000081e00000, 0x0000000100000000)
  region size 1024K, 31 young (31744K), 3 survivors (3072K)
 Metaspace       used 33174K, committed 33536K, reserved 1114112K
  class space    used 4456K, committed 4608K, reserved 1048576K
}
Event: 7.009 GC heap after
{Heap after GC invocations=9 (full 0):
 garbage-first heap   total 66560K, used 22557K [0x0000000081e00000, 0x0000000100000000)
  region size 1024K, 4 young (4096K), 4 survivors (4096K)
 Metaspace       used 33174K, committed 33536K, reserved 1114112K
  class space    used 4456K, committed 4608K, reserved 1048576K
}
Event: 7.475 GC heap before
{Heap before GC invocations=9 (full 0):
 garbage-first heap   total 66560K, used 32797K [0x0000000081e00000, 0x0000000100000000)
  region size 1024K, 15 young (15360K), 4 survivors (4096K)
 Metaspace       used 35712K, committed 36096K, reserved 1114112K
  class space    used 4832K, committed 5056K, reserved 1048576K
}
Event: 7.484 GC heap after
{Heap after GC invocations=10 (full 0):
 garbage-first heap   total 66560K, used 23032K [0x0000000081e00000, 0x0000000100000000)
  region size 1024K, 1 young (1024K), 1 survivors (1024K)
 Metaspace       used 35712K, committed 36096K, reserved 1114112K
  class space    used 4832K, committed 5056K, reserved 1048576K
}
Event: 30.484 GC heap before
{Heap before GC invocations=11 (full 0):
 garbage-first heap   total 66560K, used 49656K [0x0000000081e00000, 0x0000000100000000)
  region size 1024K, 28 young (28672K), 1 survivors (1024K)
 Metaspace       used 42442K, committed 42944K, reserved 1114112K
  class space    used 5819K, committed 6080K, reserved 1048576K
}
Event: 30.490 GC heap after
{Heap after GC invocations=12 (full 0):
 garbage-first heap   total 66560K, used 24572K [0x0000000081e00000, 0x0000000100000000)
  region size 1024K, 3 young (3072K), 3 survivors (3072K)
 Metaspace       used 42442K, committed 42944K, reserved 1114112K
  class space    used 5819K, committed 6080K, reserved 1048576K
}
Event: 31.202 GC heap before
{Heap before GC invocations=12 (full 0):
 garbage-first heap   total 66560K, used 49148K [0x0000000081e00000, 0x0000000100000000)
  region size 1024K, 28 young (28672K), 3 survivors (3072K)
 Metaspace       used 46719K, committed 47232K, reserved 1114112K
  class space    used 6347K, committed 6592K, reserved 1048576K
}
Event: 31.212 GC heap after
{Heap after GC invocations=13 (full 0):
 garbage-first heap   total 66560K, used 26013K [0x0000000081e00000, 0x0000000100000000)
  region size 1024K, 4 young (4096K), 4 survivors (4096K)
 Metaspace       used 46719K, committed 47232K, reserved 1114112K
  class space    used 6347K, committed 6592K, reserved 1048576K
}
Event: 31.987 GC heap before
{Heap before GC invocations=13 (full 0):
 garbage-first heap   total 66560K, used 50589K [0x0000000081e00000, 0x0000000100000000)
  region size 1024K, 29 young (29696K), 4 survivors (4096K)
 Metaspace       used 52405K, committed 52864K, reserved 1114112K
  class space    used 7297K, committed 7552K, reserved 1048576K
}
Event: 31.997 GC heap after
{Heap after GC invocations=14 (full 0):
 garbage-first heap   total 66560K, used 26796K [0x0000000081e00000, 0x0000000100000000)
  region size 1024K, 3 young (3072K), 3 survivors (3072K)
 Metaspace       used 52405K, committed 52864K, reserved 1114112K
  class space    used 7297K, committed 7552K, reserved 1048576K
}
Event: 32.623 GC heap before
{Heap before GC invocations=14 (full 0):
 garbage-first heap   total 66560K, used 52396K [0x0000000081e00000, 0x0000000100000000)
  region size 1024K, 28 young (28672K), 3 survivors (3072K)
 Metaspace       used 55838K, committed 56320K, reserved 1114112K
  class space    used 7784K, committed 8000K, reserved 1048576K
}
Event: 32.632 GC heap after
{Heap after GC invocations=15 (full 0):
 garbage-first heap   total 79872K, used 28039K [0x0000000081e00000, 0x0000000100000000)
  region size 1024K, 2 young (2048K), 2 survivors (2048K)
 Metaspace       used 55838K, committed 56320K, reserved 1114112K
  class space    used 7784K, committed 8000K, reserved 1048576K
}
Event: 33.866 GC heap before
{Heap before GC invocations=15 (full 0):
 garbage-first heap   total 79872K, used 34183K [0x0000000081e00000, 0x0000000100000000)
  region size 1024K, 9 young (9216K), 2 survivors (2048K)
 Metaspace       used 60250K, committed 60736K, reserved 1114112K
  class space    used 8338K, committed 8576K, reserved 1048576K
}
Event: 33.876 GC heap after
{Heap after GC invocations=16 (full 0):
 garbage-first heap   total 79872K, used 29008K [0x0000000081e00000, 0x0000000100000000)
  region size 1024K, 3 young (3072K), 3 survivors (3072K)
 Metaspace       used 60250K, committed 60736K, reserved 1114112K
  class space    used 8338K, committed 8576K, reserved 1048576K
}
Event: 41.772 GC heap before
{Heap before GC invocations=17 (full 0):
 garbage-first heap   total 79872K, used 64848K [0x0000000081e00000, 0x0000000100000000)
  region size 1024K, 38 young (38912K), 3 survivors (3072K)
 Metaspace       used 64455K, committed 64960K, reserved 1114112K
  class space    used 8840K, committed 9088K, reserved 1048576K
}
Event: 41.786 GC heap after
{Heap after GC invocations=18 (full 0):
 garbage-first heap   total 79872K, used 31372K [0x0000000081e00000, 0x0000000100000000)
  region size 1024K, 5 young (5120K), 5 survivors (5120K)
 Metaspace       used 64455K, committed 64960K, reserved 1114112K
  class space    used 8840K, committed 9088K, reserved 1048576K
}
Event: 42.294 GC heap before
{Heap before GC invocations=19 (full 0):
 garbage-first heap   total 79872K, used 64140K [0x0000000081e00000, 0x0000000100000000)
  region size 1024K, 37 young (37888K), 5 survivors (5120K)
 Metaspace       used 66154K, committed 66688K, reserved 1114112K
  class space    used 9117K, committed 9344K, reserved 1048576K
}
Event: 42.305 GC heap after
{Heap after GC invocations=20 (full 0):
 garbage-first heap   total 79872K, used 32328K [0x0000000081e00000, 0x0000000100000000)
  region size 1024K, 4 young (4096K), 4 survivors (4096K)
 Metaspace       used 66154K, committed 66688K, reserved 1114112K
  class space    used 9117K, committed 9344K, reserved 1048576K
}
Event: 42.899 GC heap before
{Heap before GC invocations=20 (full 0):
 garbage-first heap   total 79872K, used 64072K [0x0000000081e00000, 0x0000000100000000)
  region size 1024K, 35 young (35840K), 4 survivors (4096K)
 Metaspace       used 69523K, committed 70016K, reserved 1114112K
  class space    used 9794K, committed 10048K, reserved 1048576K
}
Event: 42.911 GC heap after
{Heap after GC invocations=21 (full 0):
 garbage-first heap   total 79872K, used 34658K [0x0000000081e00000, 0x0000000100000000)
  region size 1024K, 4 young (4096K), 4 survivors (4096K)
 Metaspace       used 69523K, committed 70016K, reserved 1114112K
  class space    used 9794K, committed 10048K, reserved 1048576K
}

Deoptimization events (20 events):
Event: 42.182 Thread 0x0000021b35a94de0 DEOPT PACKING pc=0x0000021b46816234 sp=0x000000d513ff98b0
Event: 42.182 Thread 0x0000021b35a94de0 DEOPT UNPACKING pc=0x0000021b460c23a3 sp=0x000000d513ff9830 mode 2
Event: 42.326 Thread 0x0000021b35a94de0 Uncommon trap: trap_request=0xffffff54 fr.pc=0x0000021b467e2e94 relative=0x0000000000000254
Event: 42.326 Thread 0x0000021b35a94de0 Uncommon trap: reason=speculate_null_assert action=make_not_entrant pc=0x0000021b467e2e94 method=org.springframework.util.ClassUtils.isAssignable(Ljava/lang/Class;Ljava/lang/Class;)Z @ 67 c2
Event: 42.326 Thread 0x0000021b35a94de0 DEOPT PACKING pc=0x0000021b467e2e94 sp=0x000000d513ff9cf0
Event: 42.326 Thread 0x0000021b35a94de0 DEOPT UNPACKING pc=0x0000021b460c23a3 sp=0x000000d513ff9c98 mode 2
Event: 42.397 Thread 0x0000021b35a94de0 DEOPT PACKING pc=0x0000021b3eba10ee sp=0x000000d513ff8fc0
Event: 42.397 Thread 0x0000021b35a94de0 DEOPT UNPACKING pc=0x0000021b460c2b43 sp=0x000000d513ff84d8 mode 0
Event: 42.398 Thread 0x0000021b35a94de0 DEOPT PACKING pc=0x0000021b3eba10ee sp=0x000000d513ff8fc0
Event: 42.398 Thread 0x0000021b35a94de0 DEOPT UNPACKING pc=0x0000021b460c2b43 sp=0x000000d513ff84d8 mode 0
Event: 42.572 Thread 0x0000021b35a94de0 Uncommon trap: trap_request=0xffffff45 fr.pc=0x0000021b46755958 relative=0x0000000000000398
Event: 42.572 Thread 0x0000021b35a94de0 Uncommon trap: reason=unstable_if action=reinterpret pc=0x0000021b46755958 method=java.util.HashMap.getNode(Ljava/lang/Object;)Ljava/util/HashMap$Node; @ 66 c2
Event: 42.572 Thread 0x0000021b35a94de0 DEOPT PACKING pc=0x0000021b46755958 sp=0x000000d513ff3170
Event: 42.572 Thread 0x0000021b35a94de0 DEOPT UNPACKING pc=0x0000021b460c23a3 sp=0x000000d513ff3090 mode 2
Event: 42.591 Thread 0x0000021b35a94de0 DEOPT PACKING pc=0x0000021b3f1dd3f5 sp=0x000000d513ff5980
Event: 42.591 Thread 0x0000021b35a94de0 DEOPT UNPACKING pc=0x0000021b460c2b43 sp=0x000000d513ff4e68 mode 0
Event: 42.685 Thread 0x0000021b35a94de0 Uncommon trap: trap_request=0xffffff45 fr.pc=0x0000021b466500d0 relative=0x00000000000019f0
Event: 42.685 Thread 0x0000021b35a94de0 Uncommon trap: reason=unstable_if action=reinterpret pc=0x0000021b466500d0 method=java.lang.String.<init>([BIILjava/nio/charset/Charset;)V @ 329 c2
Event: 42.685 Thread 0x0000021b35a94de0 DEOPT PACKING pc=0x0000021b466500d0 sp=0x000000d513ff8d90
Event: 42.685 Thread 0x0000021b35a94de0 DEOPT UNPACKING pc=0x0000021b460c23a3 sp=0x000000d513ff8d78 mode 2

Classes unloaded (0 events):
No events

Classes redefined (0 events):
No events

Internal exceptions (20 events):
Event: 41.593 Thread 0x0000021b35a94de0 Exception <a 'java/lang/IncompatibleClassChangeError'{0x0000000085066d10}: Found class java.lang.Object, but interface was expected> (0x0000000085066d10) 
thrown [s\open\src\hotspot\share\interpreter\linkResolver.cpp, line 826]
Event: 41.759 Thread 0x0000021b35a94de0 Implicit null exception at 0x0000021b4677e4ba to 0x0000021b4677e6a8
Event: 41.901 Thread 0x0000021b35a94de0 Exception <a 'java/lang/reflect/InvocationTargetException'{0x00000000863d29d8}> (0x00000000863d29d8) 
thrown [s\open\src\hotspot\share\runtime\reflection.cpp, line 1121]
Event: 41.914 Thread 0x0000021b35a94de0 Exception <a 'java/lang/NoSuchMethodError'{0x00000000862394a8}: 'int java.lang.invoke.DirectMethodHandle$Holder.invokeStatic(java.lang.Object, java.lang.Object, int)'> (0x00000000862394a8) 
thrown [s\open\src\hotspot\share\interpreter\linkResolver.cpp, line 759]
Event: 41.923 Thread 0x0000021b35a94de0 Exception <a 'java/lang/IncompatibleClassChangeError'{0x00000000862809e8}: Found class java.lang.Object, but interface was expected> (0x00000000862809e8) 
thrown [s\open\src\hotspot\share\interpreter\linkResolver.cpp, line 826]
Event: 41.982 Thread 0x0000021b35a94de0 Exception <a 'java/lang/NoSuchMethodError'{0x0000000086037258}: 'java.lang.Object java.lang.invoke.DirectMethodHandle$Holder.invokeStatic(java.lang.Object, int, java.lang.Object)'> (0x0000000086037258) 
thrown [s\open\src\hotspot\share\interpreter\linkResolver.cpp, line 759]
Event: 41.989 Thread 0x0000021b35a94de0 Exception <a 'java/lang/reflect/InvocationTargetException'{0x000000008606e498}> (0x000000008606e498) 
thrown [s\open\src\hotspot\share\runtime\reflection.cpp, line 1121]
Event: 41.991 Thread 0x0000021b35a94de0 Exception <a 'java/lang/reflect/InvocationTargetException'{0x000000008607b4b0}> (0x000000008607b4b0) 
thrown [s\open\src\hotspot\share\runtime\reflection.cpp, line 1121]
Event: 41.994 Thread 0x0000021b35a94de0 Exception <a 'java/lang/reflect/InvocationTargetException'{0x000000008608d580}> (0x000000008608d580) 
thrown [s\open\src\hotspot\share\runtime\reflection.cpp, line 1121]
Event: 41.998 Thread 0x0000021b35a94de0 Exception <a 'java/lang/reflect/InvocationTargetException'{0x00000000860a83f8}> (0x00000000860a83f8) 
thrown [s\open\src\hotspot\share\runtime\reflection.cpp, line 1121]
Event: 42.158 Thread 0x0000021b35a94de0 Exception <a 'java/lang/NoSuchMethodError'{0x000000008590e7a8}: 'java.lang.Object java.lang.invoke.Invokers$Holder.invoker(java.lang.Object, java.lang.Object, java.lang.Object, java.lang.Object)'> (0x000000008590e7a8) 
thrown [s\open\src\hotspot\share\interpreter\linkResolver.cpp, line 759]
Event: 42.160 Thread 0x0000021b35a94de0 Exception <a 'java/lang/NoSuchMethodError'{0x00000000859188a8}: 'int java.lang.invoke.DirectMethodHandle$Holder.invokeSpecial(java.lang.Object, java.lang.Object, java.lang.Object, int)'> (0x00000000859188a8) 
thrown [s\open\src\hotspot\share\interpreter\linkResolver.cpp, line 759]
Event: 42.163 Thread 0x0000021b35a94de0 Exception <a 'java/lang/NoSuchMethodError'{0x000000008592a958}: 'java.lang.Object java.lang.invoke.DirectMethodHandle$Holder.invokeStatic(java.lang.Object, java.lang.Object, java.lang.Object, java.lang.Object, int)'> (0x000000008592a958) 
thrown [s\open\src\hotspot\share\interpreter\linkResolver.cpp, line 759]
Event: 42.164 Thread 0x0000021b35a94de0 Exception <a 'java/lang/NoSuchMethodError'{0x00000000859358d8}: 'void java.lang.invoke.DelegatingMethodHandle$Holder.reinvoke_L(java.lang.Object, java.lang.Object, int)'> (0x00000000859358d8) 
thrown [s\open\src\hotspot\share\interpreter\linkResolver.cpp, line 759]
Event: 42.165 Thread 0x0000021b35a94de0 Exception <a 'java/lang/NoSuchMethodError'{0x0000000085943f60}: 'java.lang.Object java.lang.invoke.Invokers$Holder.invokeExact_MT(java.lang.Object, java.lang.Object, java.lang.Object, java.lang.Object)'> (0x0000000085943f60) 
thrown [s\open\src\hotspot\share\interpreter\linkResolver.cpp, line 759]
Event: 42.226 Thread 0x0000021b35a94de0 Exception <a 'java/lang/reflect/InvocationTargetException'{0x00000000853f5dc8}> (0x00000000853f5dc8) 
thrown [s\open\src\hotspot\share\runtime\reflection.cpp, line 1121]
Event: 42.230 Thread 0x0000021b35a94de0 Exception <a 'java/lang/reflect/InvocationTargetException'{0x0000000085204e80}> (0x0000000085204e80) 
thrown [s\open\src\hotspot\share\runtime\reflection.cpp, line 1121]
Event: 42.314 Thread 0x0000021b35a94de0 Exception <a 'java/lang/reflect/InvocationTargetException'{0x0000000086a85d20}> (0x0000000086a85d20) 
thrown [s\open\src\hotspot\share\runtime\reflection.cpp, line 1121]
Event: 42.323 Thread 0x0000021b35a94de0 Exception <a 'java/lang/reflect/InvocationTargetException'{0x0000000086ab6c68}> (0x0000000086ab6c68) 
thrown [s\open\src\hotspot\share\runtime\reflection.cpp, line 1121]
Event: 42.699 Thread 0x0000021b35a94de0 Exception <a 'java/lang/reflect/InvocationTargetException'{0x0000000085c45a20}> (0x0000000085c45a20) 
thrown [s\open\src\hotspot\share\runtime\reflection.cpp, line 1121]

VM Operations (20 events):
Event: 41.772 Executing VM operation: G1CollectForAllocation
Event: 41.786 Executing VM operation: G1CollectForAllocation done
Event: 41.870 Executing VM operation: G1Concurrent
Event: 41.877 Executing VM operation: G1Concurrent done
Event: 41.902 Executing VM operation: G1Concurrent
Event: 41.902 Executing VM operation: G1Concurrent done
Event: 42.294 Executing VM operation: G1CollectForAllocation
Event: 42.305 Executing VM operation: G1CollectForAllocation done
Event: 42.391 Executing VM operation: HandshakeAllThreads
Event: 42.391 Executing VM operation: HandshakeAllThreads done
Event: 42.593 Executing VM operation: ICBufferFull
Event: 42.594 Executing VM operation: ICBufferFull done
Event: 42.610 Executing VM operation: HandshakeAllThreads
Event: 42.610 Executing VM operation: HandshakeAllThreads done
Event: 42.898 Executing VM operation: G1CollectForAllocation
Event: 42.911 Executing VM operation: G1CollectForAllocation done
Event: 42.960 Executing VM operation: HandshakeAllThreads
Event: 42.960 Executing VM operation: HandshakeAllThreads done
Event: 42.984 Executing VM operation: HandshakeAllThreads
Event: 42.984 Executing VM operation: HandshakeAllThreads done

Events (20 events):
Event: 42.157 loading class jdk/internal/access/JavaAWTFontAccess
Event: 42.158 loading class jdk/internal/access/JavaAWTFontAccess done
Event: 42.158 loading class jdk/internal/access/JavaObjectInputStreamReadString
Event: 42.158 loading class jdk/internal/access/JavaObjectInputStreamReadString done
Event: 42.158 loading class jdk/internal/access/JavaObjectInputFilterAccess
Event: 42.158 loading class jdk/internal/access/JavaObjectInputFilterAccess done
Event: 42.158 loading class jdk/internal/access/JavaxCryptoSealedObjectAccess
Event: 42.158 loading class jdk/internal/access/JavaxCryptoSealedObjectAccess done
Event: 42.160 loading class sun/invoke/util/ValueConversions$1
Event: 42.160 loading class sun/invoke/util/ValueConversions$1 done
Event: 42.161 loading class java/lang/invoke/BoundMethodHandle$Species_LI
Event: 42.161 loading class java/lang/invoke/BoundMethodHandle$Species_LI done
Event: 42.165 loading class sun/nio/ch/Interruptible
Event: 42.166 loading class sun/nio/ch/Interruptible done
Event: 42.166 loading class jdk/internal/reflect/ConstantPool$Tag
Event: 42.167 loading class jdk/internal/reflect/ConstantPool$Tag done
Event: 42.365 loading class java/util/EmptyStackException
Event: 42.365 loading class java/util/EmptyStackException done
Event: 42.372 loading class java/io/InvalidClassException
Event: 42.372 loading class java/io/InvalidClassException done


Dynamic libraries:
0x00007ff7f2070000 - 0x00007ff7f2080000 	C:\Program Files\Java\jdk-17\bin\java.exe
0x00007ffbfd1f0000 - 0x00007ffbfd3e8000 	C:\WINDOWS\SYSTEM32\ntdll.dll
0x00007ffbfc320000 - 0x00007ffbfc3e2000 	C:\WINDOWS\System32\KERNEL32.DLL
0x00007ffbfaec0000 - 0x00007ffbfb1b6000 	C:\WINDOWS\System32\KERNELBASE.dll
0x00007ffbfad00000 - 0x00007ffbfae00000 	C:\WINDOWS\System32\ucrtbase.dll
0x00007ffbf46f0000 - 0x00007ffbf470b000 	C:\Program Files\Java\jdk-17\bin\VCRUNTIME140.dll
0x00007ffbf1940000 - 0x00007ffbf1959000 	C:\Program Files\Java\jdk-17\bin\jli.dll
0x00007ffbfc610000 - 0x00007ffbfc6c1000 	C:\WINDOWS\System32\ADVAPI32.dll
0x00007ffbfd110000 - 0x00007ffbfd1ae000 	C:\WINDOWS\System32\msvcrt.dll
0x00007ffbfcaa0000 - 0x00007ffbfcb3f000 	C:\WINDOWS\System32\sechost.dll
0x00007ffbfc0d0000 - 0x00007ffbfc1f0000 	C:\WINDOWS\System32\RPCRT4.dll
0x00007ffbfae00000 - 0x00007ffbfae27000 	C:\WINDOWS\System32\bcrypt.dll
0x00007ffbfc460000 - 0x00007ffbfc601000 	C:\WINDOWS\System32\USER32.dll
0x00007ffbfab70000 - 0x00007ffbfab92000 	C:\WINDOWS\System32\win32u.dll
0x00007ffbea440000 - 0x00007ffbea6db000 	C:\WINDOWS\WinSxS\amd64_microsoft.windows.common-controls_6595b64144ccf1df_6.0.19041.6456_none_60b8a6cb71f64256\COMCTL32.dll
0x00007ffbfc760000 - 0x00007ffbfc78b000 	C:\WINDOWS\System32\GDI32.dll
0x00007ffbfa880000 - 0x00007ffbfa999000 	C:\WINDOWS\System32\gdi32full.dll
0x00007ffbfa9a0000 - 0x00007ffbfaa3d000 	C:\WINDOWS\System32\msvcp_win.dll
0x00007ffbe9790000 - 0x00007ffbe979a000 	C:\WINDOWS\SYSTEM32\VERSION.dll
0x00007ffbfd030000 - 0x00007ffbfd05f000 	C:\WINDOWS\System32\IMM32.DLL
0x00007ffbf47a0000 - 0x00007ffbf47ac000 	C:\Program Files\Java\jdk-17\bin\vcruntime140_1.dll
0x00007ffbd0860000 - 0x00007ffbd08ee000 	C:\Program Files\Java\jdk-17\bin\msvcp140.dll
0x00007ffb73b60000 - 0x00007ffb74740000 	C:\Program Files\Java\jdk-17\bin\server\jvm.dll
0x00007ffbfca90000 - 0x00007ffbfca98000 	C:\WINDOWS\System32\PSAPI.DLL
0x00007ffbe8b00000 - 0x00007ffbe8b09000 	C:\WINDOWS\SYSTEM32\WSOCK32.dll
0x00007ffbeaa20000 - 0x00007ffbeaa47000 	C:\WINDOWS\SYSTEM32\WINMM.dll
0x00007ffbfc3f0000 - 0x00007ffbfc45b000 	C:\WINDOWS\System32\WS2_32.dll
0x00007ffbf9090000 - 0x00007ffbf90a2000 	C:\WINDOWS\SYSTEM32\kernel.appcore.dll
0x00007ffbe40c0000 - 0x00007ffbe40ca000 	C:\Program Files\Java\jdk-17\bin\jimage.dll
0x00007ffbf86a0000 - 0x00007ffbf88a1000 	C:\WINDOWS\SYSTEM32\DBGHELP.DLL
0x00007ffbf3290000 - 0x00007ffbf32c4000 	C:\WINDOWS\SYSTEM32\dbgcore.DLL
0x00007ffbfae30000 - 0x00007ffbfaeb2000 	C:\WINDOWS\System32\bcryptPrimitives.dll
0x00007ffbe4090000 - 0x00007ffbe40b5000 	C:\Program Files\Java\jdk-17\bin\java.dll
0x00007ffbb5270000 - 0x00007ffbb5347000 	C:\Program Files\Java\jdk-17\bin\jsvml.dll
0x00007ffbfb900000 - 0x00007ffbfc070000 	C:\WINDOWS\System32\SHELL32.dll
0x00007ffbf88d0000 - 0x00007ffbf9075000 	C:\WINDOWS\SYSTEM32\windows.storage.dll
0x00007ffbfb3d0000 - 0x00007ffbfb724000 	C:\WINDOWS\System32\combase.dll
0x00007ffbfa2b0000 - 0x00007ffbfa2db000 	C:\WINDOWS\SYSTEM32\Wldp.dll
0x00007ffbfc9c0000 - 0x00007ffbfca8d000 	C:\WINDOWS\System32\OLEAUT32.dll
0x00007ffbfd060000 - 0x00007ffbfd10d000 	C:\WINDOWS\System32\SHCORE.dll
0x00007ffbfc790000 - 0x00007ffbfc7eb000 	C:\WINDOWS\System32\shlwapi.dll
0x00007ffbfa7b0000 - 0x00007ffbfa7d4000 	C:\WINDOWS\SYSTEM32\profapi.dll
0x00007ffbd8e20000 - 0x00007ffbd8e39000 	C:\Program Files\Java\jdk-17\bin\net.dll
0x00007ffbf02c0000 - 0x00007ffbf03ca000 	C:\WINDOWS\SYSTEM32\WINHTTP.dll
0x00007ffbfa010000 - 0x00007ffbfa07a000 	C:\WINDOWS\system32\mswsock.dll
0x00007ffbbfba0000 - 0x00007ffbbfbb6000 	C:\Program Files\Java\jdk-17\bin\nio.dll
0x00007ffbbfb80000 - 0x00007ffbbfb98000 	C:\Program Files\Java\jdk-17\bin\zip.dll
0x00007ffbf7370000 - 0x00007ffbf737a000 	C:\Program Files\Java\jdk-17\bin\management.dll
0x00007ffbf4d90000 - 0x00007ffbf4d9b000 	C:\Program Files\Java\jdk-17\bin\management_ext.dll
0x00007ffbf3710000 - 0x00007ffbf371e000 	C:\Program Files\Java\jdk-17\bin\sunmscapi.dll
0x00007ffbfaba0000 - 0x00007ffbfacfd000 	C:\WINDOWS\System32\CRYPT32.dll
0x00007ffbfa320000 - 0x00007ffbfa347000 	C:\WINDOWS\SYSTEM32\ncrypt.dll
0x00007ffbfa2e0000 - 0x00007ffbfa31b000 	C:\WINDOWS\SYSTEM32\NTASN1.dll
0x00007ffbfa200000 - 0x00007ffbfa218000 	C:\WINDOWS\SYSTEM32\CRYPTSP.dll
0x00007ffbf98c0000 - 0x00007ffbf98f8000 	C:\WINDOWS\system32\rsaenh.dll
0x00007ffbfa770000 - 0x00007ffbfa79e000 	C:\WINDOWS\SYSTEM32\USERENV.dll
0x00007ffbfa220000 - 0x00007ffbfa22c000 	C:\WINDOWS\SYSTEM32\CRYPTBASE.dll
0x00007ffbf9ca0000 - 0x00007ffbf9cdb000 	C:\WINDOWS\SYSTEM32\IPHLPAPI.DLL
0x00007ffbfb3c0000 - 0x00007ffbfb3c8000 	C:\WINDOWS\System32\NSI.dll
0x00007ffbf2f20000 - 0x00007ffbf2f37000 	C:\WINDOWS\SYSTEM32\dhcpcsvc6.DLL
0x00007ffbf2ea0000 - 0x00007ffbf2ebd000 	C:\WINDOWS\SYSTEM32\dhcpcsvc.DLL
0x00007ffbf9ce0000 - 0x00007ffbf9daa000 	C:\WINDOWS\SYSTEM32\DNSAPI.dll
0x00007ffbe4080000 - 0x00007ffbe4090000 	C:\Program Files\Java\jdk-17\bin\verify.dll

dbghelp: loaded successfully - version: 4.0.5 - missing functions: none
symbol engine: initialized successfully - sym options: 0x614 - pdb path: .;C:\Program Files\Java\jdk-17\bin;C:\WINDOWS\SYSTEM32;C:\WINDOWS\WinSxS\amd64_microsoft.windows.common-controls_6595b64144ccf1df_6.0.19041.6456_none_60b8a6cb71f64256;C:\Program Files\Java\jdk-17\bin\server

VM Arguments:
java_command: C:\Users\Amit\AppData\Local\Temp\surefire11533996256854592796\surefirebooter-20251206214555416_3.jar C:\Users\Amit\AppData\Local\Temp\surefire11533996256854592796 2025-12-06T21-45-55_092-jvmRun1 surefire-20251206214555416_1tmp surefire_0-20251206214555416_2tmp
java_class_path (initial): C:\Users\Amit\AppData\Local\Temp\surefire11533996256854592796\surefirebooter-20251206214555416_3.jar
Launcher Type: SUN_STANDARD

[Global flags]
     intx CICompilerCount                          = 3                                         {product} {ergonomic}
     uint ConcGCThreads                            = 1                                         {product} {ergonomic}
     uint G1ConcRefinementThreads                  = 4                                         {product} {ergonomic}
   size_t G1HeapRegionSize                         = 1048576                                   {product} {ergonomic}
    uintx GCDrainStackTargetSize                   = 64                                        {product} {ergonomic}
   size_t InitialHeapSize                          = 134217728                                 {product} {ergonomic}
   size_t MarkStackSize                            = 4194304                                   {product} {ergonomic}
   size_t MaxHeapSize                              = 2116026368                                {product} {ergonomic}
   size_t MaxNewSize                               = 1268776960                                {product} {ergonomic}
   size_t MinHeapDeltaBytes                        = 1048576                                   {product} {ergonomic}
   size_t MinHeapSize                              = 8388608                                   {product} {ergonomic}
    uintx NonNMethodCodeHeapSize                   = 5832780                                {pd product} {ergonomic}
    uintx NonProfiledCodeHeapSize                  = 122912730                              {pd product} {ergonomic}
    uintx ProfiledCodeHeapSize                     = 122912730                              {pd product} {ergonomic}
    uintx ReservedCodeCacheSize                    = 251658240                              {pd product} {ergonomic}
     bool SegmentedCodeCache                       = true                                      {product} {ergonomic}
   size_t SoftMaxHeapSize                          = 2116026368                             {manageable} {ergonomic}
     bool UseCompressedClassPointers               = true                           {product lp64_product} {ergonomic}
     bool UseCompressedOops                        = true                           {product lp64_product} {ergonomic}
     bool UseG1GC                                  = true                                      {product} {ergonomic}
     bool UseLargePagesIndividualAllocation        = false                                  {pd product} {ergonomic}

Logging:
Log output configuration:
 #0: stdout all=warning uptime,level,tags
 #1: stderr all=off uptime,level,tags

Environment Variables:
JAVA_HOME=C:\Program Files\Java\jdk-17
PATH=C:\Program Files\nodejs;C:\Program Files\Git\cmd;C:\Program Files\Git\bin;C:\Program Files\Java\jdk-17\bin;C:\Windows\System32;C:\Windows\System32\OpenSSH;C:\Program Files\MySQL\MySQL Shell 8.0\bin\;C:\Program Files\android-sdk-windows\platform-tools;C:\Users\Amit\AppData\Roaming\npm;C:\Users\Amit\AppData\Local\Programs\Microsoft VS Code\bin;D:\Maven\apache-maven-3.9.8\bin
USERNAME=Amit
OS=Windows_NT
PROCESSOR_IDENTIFIER=Intel64 Family 6 Model 61 Stepping 4, GenuineIntel



---------------  S Y S T E M  ---------------

OS:
 Windows 10 , 64 bit Build 19041 (10.0.19041.5915)
OS uptime: 16 days 12:59 hours

CPU: total 4 (initial active 4) (2 cores per cpu, 2 threads per core) family 6 model 61 stepping 4 microcode 0x2d, cx8, cmov, fxsr, ht, mmx, 3dnowpref, sse, sse2, sse3, ssse3, sse4.1, sse4.2, popcnt, lzcnt, tsc, tscinvbit, avx, avx2, aes, erms, clmul, bmi1, bmi2, rtm, adx, fma, vzeroupper, clflush

Memory: 4k page, system-wide physical 8067M (270M free)
TotalPageFile size 24037M (AvailPageFile size 6M)
current process WorkingSet (physical memory assigned to process): 262M, peak: 262M
current process commit charge ("private bytes"): 293M, peak: 295M

vm_info: Java HotSpot(TM) 64-Bit Server VM (17.0.11+7-LTS-207) for windows-amd64 JRE (17.0.11+7-LTS-207), built on Mar 11 2024 19:01:50 by "mach5one" with MS VC++ 17.6 (VS2022)

END.
