#
# There is insufficient memory for the Java Runtime Environment to continue.
# Native memory allocation (malloc) failed to allocate 805296 bytes for Chunk::new
# Possible reasons:
#   The system is out of physical RAM or swap space
#   The process is running with CompressedOops enabled, and the Java Heap may be blocking the growth of the native heap
# Possible solutions:
#   Reduce memory load on the system
#   Increase physical memory or swap space
#   Check if swap backing store is full
#   Decrease Java heap size (-Xmx/-Xms)
#   Decrease number of Java threads
#   Decrease Java thread stack sizes (-Xss)
#   Set larger code cache with -XX:ReservedCodeCacheSize=
#   JVM is running with Unscaled Compressed Oops mode in which the Java heap is
#     placed in the first 4GB address space. The Java Heap base address is the
#     maximum limit for the native heap growth. Please use -XX:HeapBaseMinAddress
#     to set the Java Heap base and to place the Java Heap above 4GB virtual address.
# This output file may be truncated or incomplete.
#
#  Out of Memory Error (arena.cpp:189), pid=4796, tid=7492
#
# JRE version: Java(TM) SE Runtime Environment (17.0.11+7) (build 17.0.11+7-LTS-207)
# Java VM: Java HotSpot(TM) 64-Bit Server VM (17.0.11+7-LTS-207, mixed mode, sharing, tiered, compressed oops, compressed class ptrs, g1 gc, windows-amd64)
# No core dump will be written. Minidumps are not enabled by default on client versions of Windows
#

---------------  S U M M A R Y ------------

Command Line: -Dmaven.multiModuleProjectDirectory=D:\Ecllipse-Projects\AstroGanitApiNew org.apache.maven.wrapper.MavenWrapperMain package

Host: Intel(R) Core(TM) i5-5300U CPU @ 2.30GHz, 4 cores, 7G,  Windows 10 , 64 bit Build 19041 (10.0.19041.5915)
Time: Tue Apr 14 13:19:09 2026 India Standard Time elapsed time: 20.246008 seconds (0d 0h 0m 20s)

---------------  T H R E A D  ---------------

Current thread (0x0000026737edf270):  JavaThread "C2 CompilerThread0" daemon [_thread_in_native, id=7492, stack(0x000000799f900000,0x000000799fa00000)]


Current CompileTask:
C2:  20246 5075       4       jdk.internal.org.objectweb.asm.Frame::execute (2305 bytes)

Stack: [0x000000799f900000,0x000000799fa00000]
Native frames: (J=compiled Java code, j=interpreted, Vv=VM code, C=native code)
V  [jvm.dll+0x679cca]
V  [jvm.dll+0x7da13d]
V  [jvm.dll+0x7dba83]
V  [jvm.dll+0x7dc0f3]
V  [jvm.dll+0x2449af]
V  [jvm.dll+0xab83b]
V  [jvm.dll+0xabe1c]
V  [jvm.dll+0x2a9e6f]
V  [jvm.dll+0x5818d9]
V  [jvm.dll+0x21ed62]
V  [jvm.dll+0x21f13f]
V  [jvm.dll+0x218331]
V  [jvm.dll+0x215505]
V  [jvm.dll+0x1a2040]
V  [jvm.dll+0x225a2b]
V  [jvm.dll+0x223bcb]
V  [jvm.dll+0x7903ec]
V  [jvm.dll+0x78a85a]
V  [jvm.dll+0x678bb5]
C  [ucrtbase.dll+0x21bb2]
C  [KERNEL32.DLL+0x17374]
C  [ntdll.dll+0x4cc91]


---------------  P R O C E S S  ---------------

Threads class SMR info:
_java_thread_list=0x000002677d1a2cc0, length=12, elements={
0x000002671a653bb0, 0x0000026737ec2fe0, 0x0000026737ec4880, 0x0000026737ed8f80,
0x0000026737edd200, 0x0000026737eddbc0, 0x0000026737ede580, 0x0000026737edf270,
0x0000026737ee50a0, 0x0000026737f01210, 0x000002677d19ee70, 0x000002677d1a9fe0
}

Java Threads: ( => current thread )
  0x000002671a653bb0 JavaThread "main" [_thread_in_Java, id=14460, stack(0x000000799ec00000,0x000000799ed00000)]
  0x0000026737ec2fe0 JavaThread "Reference Handler" daemon [_thread_blocked, id=4124, stack(0x000000799f300000,0x000000799f400000)]
  0x0000026737ec4880 JavaThread "Finalizer" daemon [_thread_blocked, id=4428, stack(0x000000799f400000,0x000000799f500000)]
  0x0000026737ed8f80 JavaThread "Signal Dispatcher" daemon [_thread_blocked, id=5984, stack(0x000000799f500000,0x000000799f600000)]
  0x0000026737edd200 JavaThread "Attach Listener" daemon [_thread_blocked, id=7444, stack(0x000000799f600000,0x000000799f700000)]
  0x0000026737eddbc0 JavaThread "Service Thread" daemon [_thread_blocked, id=11280, stack(0x000000799f700000,0x000000799f800000)]
  0x0000026737ede580 JavaThread "Monitor Deflation Thread" daemon [_thread_blocked, id=12124, stack(0x000000799f800000,0x000000799f900000)]
=>0x0000026737edf270 JavaThread "C2 CompilerThread0" daemon [_thread_in_native, id=7492, stack(0x000000799f900000,0x000000799fa00000)]
  0x0000026737ee50a0 JavaThread "C1 CompilerThread0" daemon [_thread_blocked, id=6272, stack(0x000000799fa00000,0x000000799fb00000)]
  0x0000026737f01210 JavaThread "Sweeper thread" daemon [_thread_blocked, id=17688, stack(0x000000799fb00000,0x000000799fc00000)]
  0x000002677d19ee70 JavaThread "Notification Thread" daemon [_thread_blocked, id=18320, stack(0x000000799fc00000,0x000000799fd00000)]
  0x000002677d1a9fe0 JavaThread "Common-Cleaner" daemon [_thread_blocked, id=2564, stack(0x000000799fe00000,0x000000799ff00000)]

Other Threads:
  0x0000026737ebb360 VMThread "VM Thread" [stack: 0x000000799f200000,0x000000799f300000] [id=17088]
  0x000002677d1a7b90 WatcherThread [stack: 0x000000799fd00000,0x000000799fe00000] [id=13504]
  0x000002671a6acc90 GCTaskThread "GC Thread#0" [stack: 0x000000799ed00000,0x000000799ee00000] [id=14056]
  0x000002677da05750 GCTaskThread "GC Thread#1" [stack: 0x000000799ff00000,0x00000079a0000000] [id=7964]
  0x000002677d9eb020 GCTaskThread "GC Thread#2" [stack: 0x00000079a0000000,0x00000079a0100000] [id=13692]
  0x000002677d957360 GCTaskThread "GC Thread#3" [stack: 0x00000079a0100000,0x00000079a0200000] [id=13900]
  0x000002671a6bd820 ConcurrentGCThread "G1 Main Marker" [stack: 0x000000799ee00000,0x000000799ef00000] [id=6052]
  0x000002671a6be230 ConcurrentGCThread "G1 Conc#0" [stack: 0x000000799ef00000,0x000000799f000000] [id=4660]
  0x000002671a726130 ConcurrentGCThread "G1 Refine#0" [stack: 0x000000799f000000,0x000000799f100000] [id=14724]
  0x000002671a727440 ConcurrentGCThread "G1 Service" [stack: 0x000000799f100000,0x000000799f200000] [id=14464]

Threads with active compile tasks:
C2 CompilerThread0    20287 5075       4       jdk.internal.org.objectweb.asm.Frame::execute (2305 bytes)

VM state: not at safepoint (normal execution)

VM Mutex/Monitor currently owned by a thread: None

Heap address: 0x0000000081e00000, size: 2018 MB, Compressed Oops mode: 32-bit

CDS archive(s) mapped at: [0x0000026738000000-0x0000026738bd0000-0x0000026738bd0000), size 12386304, SharedBaseAddress: 0x0000026738000000, ArchiveRelocationMode: 1.
Compressed class space mapped at: 0x0000026739000000-0x0000026779000000, reserved size: 1073741824
Narrow klass base: 0x0000026738000000, Narrow klass shift: 0, Narrow klass range: 0x100000000

GC Precious Log:
 CPUs: 4 total, 4 available
 Memory: 8067M
 Large Page Support: Disabled
 NUMA Support: Disabled
 Compressed Oops: Enabled (32-bit)
 Heap Region Size: 1M
 Heap Min Capacity: 8M
 Heap Initial Capacity: 128M
 Heap Max Capacity: 2018M
 Pre-touch: Disabled
 Parallel Workers: 4
 Concurrent Workers: 1
 Concurrent Refinement Workers: 4
 Periodic GC: Disabled

Heap:
 garbage-first heap   total 131072K, used 83174K [0x0000000081e00000, 0x0000000100000000)
  region size 1024K, 35 young (35840K), 5 survivors (5120K)
 Metaspace       used 19899K, committed 20160K, reserved 1114112K
  class space    used 2270K, committed 2368K, reserved 1048576K

Heap Regions: E=young(eden), S=young(survivor), O=old, HS=humongous(starts), HC=humongous(continues), CS=collection set, F=free, OA=open archive, CA=closed archive, TAMS=top-at-mark-start (previous, next)
|   0|0x0000000081e00000, 0x0000000081f00000, 0x0000000081f00000|100%| O|  |TAMS 0x0000000081e00000, 0x0000000081f00000| Untracked 
|   1|0x0000000081f00000, 0x0000000082000000, 0x0000000082000000|100%| O|  |TAMS 0x0000000081f00000, 0x0000000082000000| Untracked 
|   2|0x0000000082000000, 0x0000000082100000, 0x0000000082100000|100%| O|  |TAMS 0x0000000082000000, 0x0000000082100000| Untracked 
|   3|0x0000000082100000, 0x0000000082200000, 0x0000000082200000|100%| O|  |TAMS 0x0000000082100000, 0x0000000082200000| Untracked 
|   4|0x0000000082200000, 0x0000000082300000, 0x0000000082300000|100%| O|  |TAMS 0x0000000082200000, 0x0000000082300000| Untracked 
|   5|0x0000000082300000, 0x0000000082400000, 0x0000000082400000|100%| O|  |TAMS 0x0000000082300000, 0x0000000082400000| Untracked 
|   6|0x0000000082400000, 0x0000000082500000, 0x0000000082500000|100%| O|  |TAMS 0x0000000082400000, 0x0000000082500000| Untracked 
|   7|0x0000000082500000, 0x0000000082600000, 0x0000000082600000|100%| O|  |TAMS 0x0000000082500000, 0x0000000082600000| Untracked 
|   8|0x0000000082600000, 0x0000000082700000, 0x0000000082700000|100%| O|  |TAMS 0x0000000082600000, 0x0000000082700000| Untracked 
|   9|0x0000000082700000, 0x0000000082800000, 0x0000000082800000|100%| O|  |TAMS 0x0000000082700000, 0x0000000082800000| Untracked 
|  10|0x0000000082800000, 0x0000000082900000, 0x0000000082900000|100%| O|  |TAMS 0x0000000082800000, 0x0000000082900000| Untracked 
|  11|0x0000000082900000, 0x00000000829f4400, 0x0000000082a00000| 95%| O|  |TAMS 0x0000000082900000, 0x00000000829f4400| Untracked 
|  12|0x0000000082a00000, 0x0000000082b00000, 0x0000000082b00000|100%|HS|  |TAMS 0x0000000082a00000, 0x0000000082a00000| Complete 
|  13|0x0000000082b00000, 0x0000000082c00000, 0x0000000082c00000|100%|HC|  |TAMS 0x0000000082b00000, 0x0000000082b00000| Complete 
|  14|0x0000000082c00000, 0x0000000082d00000, 0x0000000082d00000|100%|HC|  |TAMS 0x0000000082c00000, 0x0000000082c00000| Complete 
|  15|0x0000000082d00000, 0x0000000082e00000, 0x0000000082e00000|100%|HC|  |TAMS 0x0000000082d00000, 0x0000000082d00000| Complete 
|  16|0x0000000082e00000, 0x0000000082f00000, 0x0000000082f00000|100%|HC|  |TAMS 0x0000000082e00000, 0x0000000082e00000| Complete 
|  17|0x0000000082f00000, 0x0000000083000000, 0x0000000083000000|100%|HC|  |TAMS 0x0000000082f00000, 0x0000000082f00000| Complete 
|  18|0x0000000083000000, 0x0000000083100000, 0x0000000083100000|100%|HC|  |TAMS 0x0000000083000000, 0x0000000083000000| Complete 
|  19|0x0000000083100000, 0x0000000083200000, 0x0000000083200000|100%|HC|  |TAMS 0x0000000083100000, 0x0000000083100000| Complete 
|  20|0x0000000083200000, 0x0000000083300000, 0x0000000083300000|100%|HC|  |TAMS 0x0000000083200000, 0x0000000083200000| Complete 
|  21|0x0000000083300000, 0x0000000083400000, 0x0000000083400000|100%|HC|  |TAMS 0x0000000083300000, 0x0000000083300000| Complete 
|  22|0x0000000083400000, 0x0000000083500000, 0x0000000083500000|100%|HC|  |TAMS 0x0000000083400000, 0x0000000083400000| Complete 
|  23|0x0000000083500000, 0x0000000083600000, 0x0000000083600000|100%|HC|  |TAMS 0x0000000083500000, 0x0000000083500000| Complete 
|  24|0x0000000083600000, 0x0000000083700000, 0x0000000083700000|100%|HS|  |TAMS 0x0000000083600000, 0x0000000083600000| Complete 
|  25|0x0000000083700000, 0x0000000083800000, 0x0000000083800000|100%|HC|  |TAMS 0x0000000083700000, 0x0000000083700000| Complete 
|  26|0x0000000083800000, 0x0000000083900000, 0x0000000083900000|100%|HC|  |TAMS 0x0000000083800000, 0x0000000083800000| Complete 
|  27|0x0000000083900000, 0x0000000083a00000, 0x0000000083a00000|100%|HC|  |TAMS 0x0000000083900000, 0x0000000083900000| Complete 
|  28|0x0000000083a00000, 0x0000000083b00000, 0x0000000083b00000|100%|HC|  |TAMS 0x0000000083a00000, 0x0000000083a00000| Complete 
|  29|0x0000000083b00000, 0x0000000083c00000, 0x0000000083c00000|100%|HC|  |TAMS 0x0000000083b00000, 0x0000000083b00000| Complete 
|  30|0x0000000083c00000, 0x0000000083d00000, 0x0000000083d00000|100%|HC|  |TAMS 0x0000000083c00000, 0x0000000083c00000| Complete 
|  31|0x0000000083d00000, 0x0000000083e00000, 0x0000000083e00000|100%|HC|  |TAMS 0x0000000083d00000, 0x0000000083d00000| Complete 
|  32|0x0000000083e00000, 0x0000000083f00000, 0x0000000083f00000|100%|HC|  |TAMS 0x0000000083e00000, 0x0000000083e00000| Complete 
|  33|0x0000000083f00000, 0x0000000084000000, 0x0000000084000000|100%|HC|  |TAMS 0x0000000083f00000, 0x0000000083f00000| Complete 
|  34|0x0000000084000000, 0x0000000084100000, 0x0000000084100000|100%|HC|  |TAMS 0x0000000084000000, 0x0000000084000000| Complete 
|  35|0x0000000084100000, 0x0000000084200000, 0x0000000084200000|100%|HC|  |TAMS 0x0000000084100000, 0x0000000084100000| Complete 
|  36|0x0000000084200000, 0x0000000084300000, 0x0000000084300000|100%|HS|  |TAMS 0x0000000084200000, 0x0000000084300000| Complete 
|  37|0x0000000084300000, 0x0000000084400000, 0x0000000084400000|100%|HC|  |TAMS 0x0000000084300000, 0x0000000084400000| Complete 
|  38|0x0000000084400000, 0x0000000084500000, 0x0000000084500000|100%|HC|  |TAMS 0x0000000084400000, 0x0000000084500000| Complete 
|  39|0x0000000084500000, 0x0000000084600000, 0x0000000084600000|100%|HC|  |TAMS 0x0000000084500000, 0x0000000084600000| Complete 
|  40|0x0000000084600000, 0x0000000084700000, 0x0000000084700000|100%|HC|  |TAMS 0x0000000084600000, 0x0000000084700000| Complete 
|  41|0x0000000084700000, 0x0000000084800000, 0x0000000084800000|100%|HC|  |TAMS 0x0000000084700000, 0x0000000084800000| Complete 
|  42|0x0000000084800000, 0x0000000084900000, 0x0000000084900000|100%|HC|  |TAMS 0x0000000084800000, 0x0000000084900000| Complete 
|  43|0x0000000084900000, 0x0000000084a00000, 0x0000000084a00000|100%|HC|  |TAMS 0x0000000084900000, 0x0000000084a00000| Complete 
|  44|0x0000000084a00000, 0x0000000084b00000, 0x0000000084b00000|100%|HS|  |TAMS 0x0000000084a00000, 0x0000000084a00000| Complete 
|  45|0x0000000084b00000, 0x0000000084c00000, 0x0000000084c00000|100%|HC|  |TAMS 0x0000000084b00000, 0x0000000084b00000| Complete 
|  46|0x0000000084c00000, 0x0000000084d00000, 0x0000000084d00000|100%|HS|  |TAMS 0x0000000084c00000, 0x0000000084c00000| Complete 
|  47|0x0000000084d00000, 0x0000000084e00000, 0x0000000084e00000|100%|HC|  |TAMS 0x0000000084d00000, 0x0000000084d00000| Complete 
|  48|0x0000000084e00000, 0x0000000084e00000, 0x0000000084f00000|  0%| F|  |TAMS 0x0000000084e00000, 0x0000000084e00000| Untracked 
|  49|0x0000000084f00000, 0x0000000084f00000, 0x0000000085000000|  0%| F|  |TAMS 0x0000000084f00000, 0x0000000084f00000| Untracked 
|  50|0x0000000085000000, 0x0000000085000000, 0x0000000085100000|  0%| F|  |TAMS 0x0000000085000000, 0x0000000085000000| Untracked 
|  51|0x0000000085100000, 0x0000000085100000, 0x0000000085200000|  0%| F|  |TAMS 0x0000000085100000, 0x0000000085100000| Untracked 
|  52|0x0000000085200000, 0x0000000085200000, 0x0000000085300000|  0%| F|  |TAMS 0x0000000085200000, 0x0000000085200000| Untracked 
|  53|0x0000000085300000, 0x0000000085300000, 0x0000000085400000|  0%| F|  |TAMS 0x0000000085300000, 0x0000000085300000| Untracked 
|  54|0x0000000085400000, 0x0000000085400000, 0x0000000085500000|  0%| F|  |TAMS 0x0000000085400000, 0x0000000085400000| Untracked 
|  55|0x0000000085500000, 0x0000000085500000, 0x0000000085600000|  0%| F|  |TAMS 0x0000000085500000, 0x0000000085500000| Untracked 
|  56|0x0000000085600000, 0x0000000085600000, 0x0000000085700000|  0%| F|  |TAMS 0x0000000085600000, 0x0000000085600000| Untracked 
|  57|0x0000000085700000, 0x0000000085700000, 0x0000000085800000|  0%| F|  |TAMS 0x0000000085700000, 0x0000000085700000| Untracked 
|  58|0x0000000085800000, 0x0000000085800000, 0x0000000085900000|  0%| F|  |TAMS 0x0000000085800000, 0x0000000085800000| Untracked 
|  59|0x0000000085900000, 0x0000000085900000, 0x0000000085a00000|  0%| F|  |TAMS 0x0000000085900000, 0x0000000085900000| Untracked 
|  60|0x0000000085a00000, 0x0000000085a00000, 0x0000000085b00000|  0%| F|  |TAMS 0x0000000085a00000, 0x0000000085a00000| Untracked 
|  61|0x0000000085b00000, 0x0000000085b00000, 0x0000000085c00000|  0%| F|  |TAMS 0x0000000085b00000, 0x0000000085b00000| Untracked 
|  62|0x0000000085c00000, 0x0000000085c00000, 0x0000000085d00000|  0%| F|  |TAMS 0x0000000085c00000, 0x0000000085c00000| Untracked 
|  63|0x0000000085d00000, 0x0000000085d00000, 0x0000000085e00000|  0%| F|  |TAMS 0x0000000085d00000, 0x0000000085d00000| Untracked 
|  64|0x0000000085e00000, 0x0000000085e00000, 0x0000000085f00000|  0%| F|  |TAMS 0x0000000085e00000, 0x0000000085e00000| Untracked 
|  65|0x0000000085f00000, 0x0000000085f00000, 0x0000000086000000|  0%| F|  |TAMS 0x0000000085f00000, 0x0000000085f00000| Untracked 
|  66|0x0000000086000000, 0x0000000086000000, 0x0000000086100000|  0%| F|  |TAMS 0x0000000086000000, 0x0000000086000000| Untracked 
|  67|0x0000000086100000, 0x0000000086100000, 0x0000000086200000|  0%| F|  |TAMS 0x0000000086100000, 0x0000000086100000| Untracked 
|  68|0x0000000086200000, 0x0000000086200000, 0x0000000086300000|  0%| F|  |TAMS 0x0000000086200000, 0x0000000086200000| Untracked 
|  69|0x0000000086300000, 0x0000000086300000, 0x0000000086400000|  0%| F|  |TAMS 0x0000000086300000, 0x0000000086300000| Untracked 
|  70|0x0000000086400000, 0x0000000086400000, 0x0000000086500000|  0%| F|  |TAMS 0x0000000086400000, 0x0000000086400000| Untracked 
|  71|0x0000000086500000, 0x0000000086500000, 0x0000000086600000|  0%| F|  |TAMS 0x0000000086500000, 0x0000000086500000| Untracked 
|  72|0x0000000086600000, 0x0000000086600000, 0x0000000086700000|  0%| F|  |TAMS 0x0000000086600000, 0x0000000086600000| Untracked 
|  73|0x0000000086700000, 0x0000000086700000, 0x0000000086800000|  0%| F|  |TAMS 0x0000000086700000, 0x0000000086700000| Untracked 
|  74|0x0000000086800000, 0x0000000086800000, 0x0000000086900000|  0%| F|  |TAMS 0x0000000086800000, 0x0000000086800000| Untracked 
|  75|0x0000000086900000, 0x0000000086900000, 0x0000000086a00000|  0%| F|  |TAMS 0x0000000086900000, 0x0000000086900000| Untracked 
|  76|0x0000000086a00000, 0x0000000086a00000, 0x0000000086b00000|  0%| F|  |TAMS 0x0000000086a00000, 0x0000000086a00000| Untracked 
|  77|0x0000000086b00000, 0x0000000086b00000, 0x0000000086c00000|  0%| F|  |TAMS 0x0000000086b00000, 0x0000000086b00000| Untracked 
|  78|0x0000000086c00000, 0x0000000086c00000, 0x0000000086d00000|  0%| F|  |TAMS 0x0000000086c00000, 0x0000000086c00000| Untracked 
|  79|0x0000000086d00000, 0x0000000086d00000, 0x0000000086e00000|  0%| F|  |TAMS 0x0000000086d00000, 0x0000000086d00000| Untracked 
|  80|0x0000000086e00000, 0x0000000086e00000, 0x0000000086f00000|  0%| F|  |TAMS 0x0000000086e00000, 0x0000000086e00000| Untracked 
|  81|0x0000000086f00000, 0x0000000086f00000, 0x0000000087000000|  0%| F|  |TAMS 0x0000000086f00000, 0x0000000086f00000| Untracked 
|  82|0x0000000087000000, 0x0000000087000000, 0x0000000087100000|  0%| F|  |TAMS 0x0000000087000000, 0x0000000087000000| Untracked 
|  83|0x0000000087100000, 0x0000000087100000, 0x0000000087200000|  0%| F|  |TAMS 0x0000000087100000, 0x0000000087100000| Untracked 
|  84|0x0000000087200000, 0x0000000087200000, 0x0000000087300000|  0%| F|  |TAMS 0x0000000087200000, 0x0000000087200000| Untracked 
|  85|0x0000000087300000, 0x0000000087300000, 0x0000000087400000|  0%| F|  |TAMS 0x0000000087300000, 0x0000000087300000| Untracked 
|  86|0x0000000087400000, 0x0000000087400000, 0x0000000087500000|  0%| F|  |TAMS 0x0000000087400000, 0x0000000087400000| Untracked 
|  87|0x0000000087500000, 0x0000000087500000, 0x0000000087600000|  0%| F|  |TAMS 0x0000000087500000, 0x0000000087500000| Untracked 
|  88|0x0000000087600000, 0x0000000087600000, 0x0000000087700000|  0%| F|  |TAMS 0x0000000087600000, 0x0000000087600000| Untracked 
|  89|0x0000000087700000, 0x0000000087700000, 0x0000000087800000|  0%| F|  |TAMS 0x0000000087700000, 0x0000000087700000| Untracked 
|  90|0x0000000087800000, 0x0000000087800000, 0x0000000087900000|  0%| F|  |TAMS 0x0000000087800000, 0x0000000087800000| Untracked 
|  91|0x0000000087900000, 0x0000000087900000, 0x0000000087a00000|  0%| F|  |TAMS 0x0000000087900000, 0x0000000087900000| Untracked 
|  92|0x0000000087a00000, 0x0000000087a80800, 0x0000000087b00000| 50%| E|  |TAMS 0x0000000087a00000, 0x0000000087a00000| Complete 
|  93|0x0000000087b00000, 0x0000000087c00000, 0x0000000087c00000|100%| E|CS|TAMS 0x0000000087b00000, 0x0000000087b00000| Complete 
|  94|0x0000000087c00000, 0x0000000087d00000, 0x0000000087d00000|100%| E|CS|TAMS 0x0000000087c00000, 0x0000000087c00000| Complete 
|  95|0x0000000087d00000, 0x0000000087e00000, 0x0000000087e00000|100%| E|CS|TAMS 0x0000000087d00000, 0x0000000087d00000| Complete 
|  96|0x0000000087e00000, 0x0000000087f00000, 0x0000000087f00000|100%| E|CS|TAMS 0x0000000087e00000, 0x0000000087e00000| Complete 
|  97|0x0000000087f00000, 0x0000000088000000, 0x0000000088000000|100%| E|CS|TAMS 0x0000000087f00000, 0x0000000087f00000| Complete 
|  98|0x0000000088000000, 0x0000000088100000, 0x0000000088100000|100%| E|CS|TAMS 0x0000000088000000, 0x0000000088000000| Complete 
|  99|0x0000000088100000, 0x0000000088200000, 0x0000000088200000|100%| E|CS|TAMS 0x0000000088100000, 0x0000000088100000| Complete 
| 100|0x0000000088200000, 0x0000000088300000, 0x0000000088300000|100%| E|CS|TAMS 0x0000000088200000, 0x0000000088200000| Complete 
| 101|0x0000000088300000, 0x0000000088400000, 0x0000000088400000|100%| E|CS|TAMS 0x0000000088300000, 0x0000000088300000| Complete 
| 102|0x0000000088400000, 0x0000000088500000, 0x0000000088500000|100%| E|CS|TAMS 0x0000000088400000, 0x0000000088400000| Complete 
| 103|0x0000000088500000, 0x0000000088600000, 0x0000000088600000|100%| E|CS|TAMS 0x0000000088500000, 0x0000000088500000| Complete 
| 104|0x0000000088600000, 0x0000000088700000, 0x0000000088700000|100%| E|CS|TAMS 0x0000000088600000, 0x0000000088600000| Complete 
| 105|0x0000000088700000, 0x0000000088800000, 0x0000000088800000|100%| E|CS|TAMS 0x0000000088700000, 0x0000000088700000| Complete 
| 106|0x0000000088800000, 0x0000000088900000, 0x0000000088900000|100%| E|CS|TAMS 0x0000000088800000, 0x0000000088800000| Complete 
| 107|0x0000000088900000, 0x0000000088a00000, 0x0000000088a00000|100%| E|CS|TAMS 0x0000000088900000, 0x0000000088900000| Complete 
| 108|0x0000000088a00000, 0x0000000088b00000, 0x0000000088b00000|100%| E|CS|TAMS 0x0000000088a00000, 0x0000000088a00000| Complete 
| 109|0x0000000088b00000, 0x0000000088c00000, 0x0000000088c00000|100%| E|CS|TAMS 0x0000000088b00000, 0x0000000088b00000| Complete 
| 110|0x0000000088c00000, 0x0000000088d00000, 0x0000000088d00000|100%| E|CS|TAMS 0x0000000088c00000, 0x0000000088c00000| Complete 
| 111|0x0000000088d00000, 0x0000000088e00000, 0x0000000088e00000|100%| E|CS|TAMS 0x0000000088d00000, 0x0000000088d00000| Complete 
| 112|0x0000000088e00000, 0x0000000088f00000, 0x0000000088f00000|100%| E|CS|TAMS 0x0000000088e00000, 0x0000000088e00000| Complete 
| 113|0x0000000088f00000, 0x0000000089000000, 0x0000000089000000|100%| E|CS|TAMS 0x0000000088f00000, 0x0000000088f00000| Complete 
| 114|0x0000000089000000, 0x0000000089100000, 0x0000000089100000|100%| E|CS|TAMS 0x0000000089000000, 0x0000000089000000| Complete 
| 115|0x0000000089100000, 0x0000000089200000, 0x0000000089200000|100%| E|CS|TAMS 0x0000000089100000, 0x0000000089100000| Complete 
| 116|0x0000000089200000, 0x0000000089300000, 0x0000000089300000|100%| E|CS|TAMS 0x0000000089200000, 0x0000000089200000| Complete 
| 117|0x0000000089300000, 0x0000000089400000, 0x0000000089400000|100%| E|CS|TAMS 0x0000000089300000, 0x0000000089300000| Complete 
| 118|0x0000000089400000, 0x0000000089445650, 0x0000000089500000| 27%| S|CS|TAMS 0x0000000089400000, 0x0000000089400000| Complete 
| 119|0x0000000089500000, 0x0000000089600000, 0x0000000089600000|100%| S|CS|TAMS 0x0000000089500000, 0x0000000089500000| Complete 
| 120|0x0000000089600000, 0x0000000089700000, 0x0000000089700000|100%| S|CS|TAMS 0x0000000089600000, 0x0000000089600000| Complete 
| 121|0x0000000089700000, 0x0000000089800000, 0x0000000089800000|100%| S|CS|TAMS 0x0000000089700000, 0x0000000089700000| Complete 
| 122|0x0000000089800000, 0x0000000089900000, 0x0000000089900000|100%| E|CS|TAMS 0x0000000089800000, 0x0000000089800000| Complete 
| 123|0x0000000089900000, 0x0000000089a00000, 0x0000000089a00000|100%| E|CS|TAMS 0x0000000089900000, 0x0000000089900000| Complete 
| 124|0x0000000089a00000, 0x0000000089b00000, 0x0000000089b00000|100%| E|CS|TAMS 0x0000000089a00000, 0x0000000089a00000| Complete 
| 125|0x0000000089b00000, 0x0000000089c00000, 0x0000000089c00000|100%| E|CS|TAMS 0x0000000089b00000, 0x0000000089b00000| Complete 
| 126|0x0000000089c00000, 0x0000000089d00000, 0x0000000089d00000|100%| S|CS|TAMS 0x0000000089c00000, 0x0000000089c00000| Complete 
| 127|0x0000000089d00000, 0x0000000089e00000, 0x0000000089e00000|100%| E|CS|TAMS 0x0000000089d00000, 0x0000000089d00000| Complete 

Card table byte_map: [0x0000026731320000,0x0000026731720000] _byte_map_base: 0x0000026730f11000

Marking Bits (Prev, Next): (CMBitMap*) 0x000002671a6ad2b0, (CMBitMap*) 0x000002671a6ad2f0
 Prev Bits: [0x0000026731b20000, 0x0000026733aa8000)
 Next Bits: [0x0000026733ab0000, 0x0000026735a38000)

Polling page: 0x00000267185c0000

Metaspace:

Usage:
  Non-class:     17.22 MB used.
      Class:      2.22 MB used.
       Both:     19.43 MB used.

Virtual space:
  Non-class space:       64.00 MB reserved,      17.38 MB ( 27%) committed,  1 nodes.
      Class space:        1.00 GB reserved,       2.31 MB ( <1%) committed,  1 nodes.
             Both:        1.06 GB reserved,      19.69 MB (  2%) committed. 

Chunk freelists:
   Non-Class:  14.20 MB
       Class:  13.56 MB
        Both:  27.77 MB

MaxMetaspaceSize: unlimited
CompressedClassSpaceSize: 1.00 GB
Initial GC threshold: 21.00 MB
Current GC threshold: 21.00 MB
CDS: on
MetaspaceReclaimPolicy: balanced
 - commit_granule_bytes: 65536.
 - commit_granule_words: 8192.
 - virtual_space_node_default_size: 8388608.
 - enlarge_chunks_in_place: 1.
 - new_chunks_are_fully_committed: 0.
 - uncommit_free_chunks: 1.
 - use_allocation_guard: 0.
 - handle_deallocations: 1.


Internal statistics:

num_allocs_failed_limit: 0.
num_arena_births: 136.
num_arena_deaths: 0.
num_vsnodes_births: 2.
num_vsnodes_deaths: 0.
num_space_committed: 315.
num_space_uncommitted: 0.
num_chunks_returned_to_freelist: 0.
num_chunks_taken_from_freelist: 843.
num_chunk_merges: 0.
num_chunk_splits: 590.
num_chunks_enlarged: 463.
num_inconsistent_stats: 0.

CodeHeap 'non-profiled nmethods': size=120000Kb used=2590Kb max_used=2590Kb free=117409Kb
 bounds [0x00000267299f0000, 0x0000026729c80000, 0x0000026730f20000]
CodeHeap 'profiled nmethods': size=120000Kb used=11065Kb max_used=11065Kb free=108934Kb
 bounds [0x0000026721f20000, 0x00000267229f0000, 0x0000026729450000]
CodeHeap 'non-nmethods': size=5760Kb used=1191Kb max_used=1230Kb free=4568Kb
 bounds [0x0000026729450000, 0x00000267296c0000, 0x00000267299f0000]
 total_blobs=5618 nmethods=5132 adapters=398
 compilation: enabled
              stopped_count=0, restarted_count=0
 full_count=0

Compilation events (20 events):
Event: 20.222 Thread 0x0000026737ee50a0 nmethod 5121 0x00000267229e4210 code [0x00000267229e43a0, 0x00000267229e44c8]
Event: 20.222 Thread 0x0000026737ee50a0 5123       2       jdk.nio.zipfs.ZipFileSystem$ParentLookup::<init> (5 bytes)
Event: 20.222 Thread 0x0000026737ee50a0 nmethod 5123 0x00000267229e4590 code [0x00000267229e4720, 0x00000267229e4838]
Event: 20.222 Thread 0x0000026737ee50a0 5124       2       jdk.nio.zipfs.ZipFileSystem$IndexNode::<init> (10 bytes)
Event: 20.222 Thread 0x0000026737ee50a0 nmethod 5124 0x00000267229e4910 code [0x00000267229e4aa0, 0x00000267229e4bb8]
Event: 20.235 Thread 0x0000026737ee50a0 5140       2       jdk.internal.jimage.ImageReader::findLocation (14 bytes)
Event: 20.236 Thread 0x0000026737ee50a0 nmethod 5140 0x00000267229e4c90 code [0x00000267229e4e40, 0x00000267229e5058]
Event: 20.236 Thread 0x0000026737ee50a0 5141       2       jdk.internal.jimage.BasicImageReader::findLocation (57 bytes)
Event: 20.236 Thread 0x0000026737ee50a0 nmethod 5141 0x00000267229e5190 code [0x00000267229e53c0, 0x00000267229e59a8]
Event: 20.236 Thread 0x0000026737ee50a0 5142       2       java.nio.DirectByteBuffer::<init> (60 bytes)
Event: 20.237 Thread 0x0000026737ee50a0 nmethod 5142 0x00000267229e5c90 code [0x00000267229e5e40, 0x00000267229e60b8]
Event: 20.237 Thread 0x0000026737ee50a0 5143       2       jdk.internal.module.SystemModuleFinders$SystemModuleReader::read (25 bytes)
Event: 20.238 Thread 0x0000026737ee50a0 nmethod 5143 0x00000267229e6210 code [0x00000267229e6400, 0x00000267229e67f8]
Event: 20.238 Thread 0x0000026737ee50a0 5144       3       java.lang.StringBuilder::append (8 bytes)
Event: 20.238 Thread 0x0000026737ee50a0 nmethod 5144 0x00000267229e6a10 code [0x00000267229e6ba0, 0x00000267229e6ce8]
Event: 20.238 Thread 0x0000026737ee50a0 5145       2       com.sun.tools.javac.platform.JDKPlatformProvider$$Lambda$208/0x00000267392679b0::compare (12 bytes)
Event: 20.238 Thread 0x0000026737ee50a0 nmethod 5145 0x00000267229e6d90 code [0x00000267229e6f40, 0x00000267229e70e8]
Event: 20.238 Thread 0x0000026737ee50a0 5146   !   2       com.sun.tools.javac.platform.JDKPlatformProvider::lambda$static$0 (42 bytes)
Event: 20.239 Thread 0x0000026737ee50a0 nmethod 5146 0x00000267229e7210 code [0x00000267229e73c0, 0x00000267229e75c8]
Event: 20.239 Thread 0x0000026737ee50a0 5148   !   3       java.lang.String::<init> (845 bytes)

GC Heap History (14 events):
Event: 4.108 GC heap before
{Heap before GC invocations=0 (full 0):
 garbage-first heap   total 131072K, used 13312K [0x0000000081e00000, 0x0000000100000000)
  region size 1024K, 13 young (13312K), 0 survivors (0K)
 Metaspace       used 3594K, committed 3840K, reserved 1114112K
  class space    used 379K, committed 512K, reserved 1048576K
}
Event: 4.126 GC heap after
{Heap after GC invocations=1 (full 0):
 garbage-first heap   total 131072K, used 3262K [0x0000000081e00000, 0x0000000100000000)
  region size 1024K, 2 young (2048K), 2 survivors (2048K)
 Metaspace       used 3594K, committed 3840K, reserved 1114112K
  class space    used 379K, committed 512K, reserved 1048576K
}
Event: 4.975 GC heap before
{Heap before GC invocations=1 (full 0):
 garbage-first heap   total 131072K, used 15550K [0x0000000081e00000, 0x0000000100000000)
  region size 1024K, 14 young (14336K), 2 survivors (2048K)
 Metaspace       used 5767K, committed 5952K, reserved 1114112K
  class space    used 693K, committed 768K, reserved 1048576K
}
Event: 4.980 GC heap after
{Heap after GC invocations=2 (full 0):
 garbage-first heap   total 131072K, used 4089K [0x0000000081e00000, 0x0000000100000000)
  region size 1024K, 1 young (1024K), 1 survivors (1024K)
 Metaspace       used 5767K, committed 5952K, reserved 1114112K
  class space    used 693K, committed 768K, reserved 1048576K
}
Event: 7.281 GC heap before
{Heap before GC invocations=2 (full 0):
 garbage-first heap   total 131072K, used 33785K [0x0000000081e00000, 0x0000000100000000)
  region size 1024K, 30 young (30720K), 1 survivors (1024K)
 Metaspace       used 10033K, committed 10176K, reserved 1114112K
  class space    used 1228K, committed 1280K, reserved 1048576K
}
Event: 7.286 GC heap after
{Heap after GC invocations=3 (full 0):
 garbage-first heap   total 131072K, used 5423K [0x0000000081e00000, 0x0000000100000000)
  region size 1024K, 3 young (3072K), 3 survivors (3072K)
 Metaspace       used 10033K, committed 10176K, reserved 1114112K
  class space    used 1228K, committed 1280K, reserved 1048576K
}
Event: 13.336 GC heap before
{Heap before GC invocations=3 (full 0):
 garbage-first heap   total 131072K, used 80175K [0x0000000081e00000, 0x0000000100000000)
  region size 1024K, 76 young (77824K), 3 survivors (3072K)
 Metaspace       used 15750K, committed 15936K, reserved 1114112K
  class space    used 1865K, committed 1920K, reserved 1048576K
}
Event: 13.354 GC heap after
{Heap after GC invocations=4 (full 0):
 garbage-first heap   total 131072K, used 13101K [0x0000000081e00000, 0x0000000100000000)
  region size 1024K, 10 young (10240K), 10 survivors (10240K)
 Metaspace       used 15750K, committed 15936K, reserved 1114112K
  class space    used 1865K, committed 1920K, reserved 1048576K
}
Event: 17.418 GC heap before
{Heap before GC invocations=4 (full 0):
 garbage-first heap   total 131072K, used 80685K [0x0000000081e00000, 0x0000000100000000)
  region size 1024K, 76 young (77824K), 10 survivors (10240K)
 Metaspace       used 17026K, committed 17344K, reserved 1114112K
  class space    used 1958K, committed 2112K, reserved 1048576K
}
Event: 17.439 GC heap after
{Heap after GC invocations=5 (full 0):
 garbage-first heap   total 131072K, used 16840K [0x0000000081e00000, 0x0000000100000000)
  region size 1024K, 5 young (5120K), 5 survivors (5120K)
 Metaspace       used 17026K, committed 17344K, reserved 1114112K
  class space    used 1958K, committed 2112K, reserved 1048576K
}
Event: 17.537 GC heap before
{Heap before GC invocations=5 (full 0):
 garbage-first heap   total 131072K, used 58824K [0x0000000081e00000, 0x0000000100000000)
  region size 1024K, 7 young (7168K), 5 survivors (5120K)
 Metaspace       used 17317K, committed 17600K, reserved 1114112K
  class space    used 1981K, committed 2112K, reserved 1048576K
}
Event: 17.544 GC heap after
{Heap after GC invocations=6 (full 0):
 garbage-first heap   total 131072K, used 24529K [0x0000000081e00000, 0x0000000100000000)
  region size 1024K, 4 young (4096K), 4 survivors (4096K)
 Metaspace       used 17317K, committed 17600K, reserved 1114112K
  class space    used 1981K, committed 2112K, reserved 1048576K
}
Event: 17.555 GC heap before
{Heap before GC invocations=6 (full 0):
 garbage-first heap   total 131072K, used 57297K [0x0000000081e00000, 0x0000000100000000)
  region size 1024K, 5 young (5120K), 4 survivors (4096K)
 Metaspace       used 17318K, committed 17600K, reserved 1114112K
  class space    used 1981K, committed 2112K, reserved 1048576K
}
Event: 17.561 GC heap after
{Heap after GC invocations=7 (full 0):
 garbage-first heap   total 131072K, used 24806K [0x0000000081e00000, 0x0000000100000000)
  region size 1024K, 5 young (5120K), 5 survivors (5120K)
 Metaspace       used 17318K, committed 17600K, reserved 1114112K
  class space    used 1981K, committed 2112K, reserved 1048576K
}

Deoptimization events (20 events):
Event: 19.667 Thread 0x000002671a653bb0 Uncommon trap: trap_request=0xffffffde fr.pc=0x0000026729b34290 relative=0x00000000000016f0
Event: 19.667 Thread 0x000002671a653bb0 Uncommon trap: reason=class_check action=maybe_recompile pc=0x0000026729b34290 method=java.util.zip.InflaterInputStream.read([BII)I @ 100 c2
Event: 19.667 Thread 0x000002671a653bb0 DEOPT PACKING pc=0x0000026729b34290 sp=0x000000799ecfc3f0
Event: 19.667 Thread 0x000002671a653bb0 DEOPT UNPACKING pc=0x00000267294a23a3 sp=0x000000799ecfc440 mode 2
Event: 19.667 Thread 0x000002671a653bb0 Uncommon trap: trap_request=0xffffffde fr.pc=0x0000026729b34290 relative=0x00000000000016f0
Event: 19.667 Thread 0x000002671a653bb0 Uncommon trap: reason=class_check action=maybe_recompile pc=0x0000026729b34290 method=java.util.zip.InflaterInputStream.read([BII)I @ 100 c2
Event: 19.667 Thread 0x000002671a653bb0 DEOPT PACKING pc=0x0000026729b34290 sp=0x000000799ecfc330
Event: 19.667 Thread 0x000002671a653bb0 DEOPT UNPACKING pc=0x00000267294a23a3 sp=0x000000799ecfc380 mode 2
Event: 20.099 Thread 0x000002671a653bb0 Uncommon trap: trap_request=0xffffffcc fr.pc=0x0000026729c71eac relative=0x000000000000130c
Event: 20.099 Thread 0x000002671a653bb0 Uncommon trap: reason=intrinsic_or_type_checked_inlining action=make_not_entrant pc=0x0000026729c71eac method=java.util.ArrayList.toArray([Ljava/lang/Object;)[Ljava/lang/Object; @ 36 c2
Event: 20.099 Thread 0x000002671a653bb0 DEOPT PACKING pc=0x0000026729c71eac sp=0x000000799ecfc780
Event: 20.099 Thread 0x000002671a653bb0 DEOPT UNPACKING pc=0x00000267294a23a3 sp=0x000000799ecfc6c8 mode 2
Event: 20.220 Thread 0x000002671a653bb0 DEOPT PACKING pc=0x00000267229dd71e sp=0x000000799ecfbad0
Event: 20.220 Thread 0x000002671a653bb0 DEOPT UNPACKING pc=0x00000267294a2b43 sp=0x000000799ecfaf50 mode 0
Event: 20.220 Thread 0x000002671a653bb0 DEOPT PACKING pc=0x00000267229de2be sp=0x000000799ecfbad0
Event: 20.220 Thread 0x000002671a653bb0 DEOPT UNPACKING pc=0x00000267294a2b43 sp=0x000000799ecfaf68 mode 0
Event: 20.237 Thread 0x000002671a653bb0 Uncommon trap: trap_request=0xffffff45 fr.pc=0x0000026729c3cae0 relative=0x00000000000012a0
Event: 20.237 Thread 0x000002671a653bb0 Uncommon trap: reason=unstable_if action=reinterpret pc=0x0000026729c3cae0 method=java.lang.String.<init>([BIILjava/nio/charset/Charset;)V @ 329 c2
Event: 20.237 Thread 0x000002671a653bb0 DEOPT PACKING pc=0x0000026729c3cae0 sp=0x000000799ecfbd30
Event: 20.237 Thread 0x000002671a653bb0 DEOPT UNPACKING pc=0x00000267294a23a3 sp=0x000000799ecfbd08 mode 2

Classes unloaded (0 events):
No events

Classes redefined (0 events):
No events

Internal exceptions (20 events):
Event: 11.901 Thread 0x000002671a653bb0 Exception <a 'java/lang/NoSuchMethodError'{0x0000000086918528}: 'int java.lang.invoke.DirectMethodHandle$Holder.invokeSpecialIFC(java.lang.Object, java.lang.Object, java.lang.Object, java.lang.Object)'> (0x0000000086918528) 
thrown [s\open\src\hotspot\share\interpreter\linkResolver.cpp, line 759]
Event: 16.219 Thread 0x000002671a653bb0 Implicit null exception at 0x0000026729b9f76a to 0x0000026729b9f91c
Event: 16.219 Thread 0x000002671a653bb0 Implicit null exception at 0x0000026729b9cbea to 0x0000026729b9cdb0
Event: 16.220 Thread 0x000002671a653bb0 Implicit null exception at 0x0000026729a6168f to 0x0000026729a61709
Event: 16.917 Thread 0x000002671a653bb0 Exception <a 'java/lang/NoSuchMethodError'{0x00000000867e83e8}: 'java.lang.Object java.lang.invoke.DirectMethodHandle$Holder.newInvokeSpecial(java.lang.Object, java.lang.Object, java.lang.Object, java.lang.Object, java.lang.Object, java.lang.Object, java.lang.Object)'> (0x00000000867e83e8) 
thrown [s\open\src\hotspot\share\interpreter\linkResolver.cpp, line 759]
Event: 16.918 Thread 0x000002671a653bb0 Exception <a 'java/lang/NoSuchMethodError'{0x00000000867eccf8}: 'java.lang.Object java.lang.invoke.Invokers$Holder.linkToTargetMethod(java.lang.Object, java.lang.Object, java.lang.Object, java.lang.Object, java.lang.Object, java.lang.Object, java.lang.Object)'> (0x00000000867eccf8) 
thrown [s\open\src\hotspot\share\interpreter\linkResolver.cpp, line 759]
Event: 17.363 Thread 0x000002671a653bb0 Exception <a 'java/lang/NoSuchMethodError'{0x0000000085d77960}: 'java.lang.Object java.lang.invoke.DirectMethodHandle$Holder.invokeVirtual(java.lang.Object, java.lang.Object, java.lang.Object)'> (0x0000000085d77960) 
thrown [s\open\src\hotspot\share\interpreter\linkResolver.cpp, line 759]
Event: 17.364 Thread 0x000002671a653bb0 Exception <a 'java/lang/NoSuchMethodError'{0x0000000085d7ef58}: 'void java.lang.invoke.DirectMethodHandle$Holder.invokeSpecial(java.lang.Object, java.lang.Object, java.lang.Object, java.lang.Object, java.lang.Object, java.lang.Object)'> (0x0000000085d7ef58) 
thrown [s\open\src\hotspot\share\interpreter\linkResolver.cpp, line 759]
Event: 17.366 Thread 0x000002671a653bb0 Exception <a 'java/lang/NoSuchMethodError'{0x0000000085d8a850}: 'int java.lang.invoke.DirectMethodHandle$Holder.invokeVirtual(java.lang.Object, java.lang.Object)'> (0x0000000085d8a850) 
thrown [s\open\src\hotspot\share\interpreter\linkResolver.cpp, line 759]
Event: 19.637 Thread 0x000002671a653bb0 Exception <a 'java/lang/NoSuchMethodError'{0x000000008864a1b0}: 'int java.lang.invoke.DirectMethodHandle$Holder.invokeInterface(java.lang.Object, java.lang.Object)'> (0x000000008864a1b0) 
thrown [s\open\src\hotspot\share\interpreter\linkResolver.cpp, line 759]
Event: 20.067 Thread 0x000002671a653bb0 Exception <a 'sun/nio/fs/WindowsException'{0x000000008815fb58}> (0x000000008815fb58) 
thrown [s\open\src\hotspot\share\prims\jni.cpp, line 516]
Event: 20.070 Thread 0x000002671a653bb0 Exception <a 'sun/nio/fs/WindowsException'{0x0000000088176898}> (0x0000000088176898) 
thrown [s\open\src\hotspot\share\prims\jni.cpp, line 516]
Event: 20.070 Thread 0x000002671a653bb0 Exception <a 'sun/nio/fs/WindowsException'{0x0000000088177238}> (0x0000000088177238) 
thrown [s\open\src\hotspot\share\prims\jni.cpp, line 516]
Event: 20.071 Thread 0x000002671a653bb0 Exception <a 'sun/nio/fs/WindowsException'{0x0000000088177be0}> (0x0000000088177be0) 
thrown [s\open\src\hotspot\share\prims\jni.cpp, line 516]
Event: 20.071 Thread 0x000002671a653bb0 Exception <a 'sun/nio/fs/WindowsException'{0x0000000088178588}> (0x0000000088178588) 
thrown [s\open\src\hotspot\share\prims\jni.cpp, line 516]
Event: 20.071 Thread 0x000002671a653bb0 Exception <a 'sun/nio/fs/WindowsException'{0x0000000088178f38}> (0x0000000088178f38) 
thrown [s\open\src\hotspot\share\prims\jni.cpp, line 516]
Event: 20.071 Thread 0x000002671a653bb0 Exception <a 'sun/nio/fs/WindowsException'{0x0000000088179900}> (0x0000000088179900) 
thrown [s\open\src\hotspot\share\prims\jni.cpp, line 516]
Event: 20.122 Thread 0x000002671a653bb0 Exception <a 'java/lang/NoSuchMethodError'{0x000000008803f4a8}: 'int java.lang.invoke.DirectMethodHandle$Holder.invokeVirtual(java.lang.Object, java.lang.Object, java.lang.Object)'> (0x000000008803f4a8) 
thrown [s\open\src\hotspot\share\interpreter\linkResolver.cpp, line 759]
Event: 20.123 Thread 0x000002671a653bb0 Exception <a 'java/lang/NoSuchMethodError'{0x0000000088045ac8}: 'void java.lang.invoke.DirectMethodHandle$Holder.invokeInterface(java.lang.Object, java.lang.Object, java.lang.Object)'> (0x0000000088045ac8) 
thrown [s\open\src\hotspot\share\interpreter\linkResolver.cpp, line 759]
Event: 20.128 Thread 0x000002671a653bb0 Exception <a 'java/lang/NoSuchMethodError'{0x0000000088052fc8}: 'int java.lang.invoke.DirectMethodHandle$Holder.invokeStaticInit(java.lang.Object, java.lang.Object, java.lang.Object)'> (0x0000000088052fc8) 
thrown [s\open\src\hotspot\share\interpreter\linkResolver.cpp, line 759]

VM Operations (20 events):
Event: 17.537 Executing VM operation: G1TryInitiateConcMark
Event: 17.544 Executing VM operation: G1TryInitiateConcMark done
Event: 17.555 Executing VM operation: G1TryInitiateConcMark
Event: 17.561 Executing VM operation: G1TryInitiateConcMark done
Event: 18.570 Executing VM operation: Cleanup
Event: 18.570 Executing VM operation: Cleanup done
Event: 19.327 Executing VM operation: HandshakeAllThreads
Event: 19.327 Executing VM operation: HandshakeAllThreads done
Event: 19.633 Executing VM operation: HandshakeAllThreads
Event: 19.633 Executing VM operation: HandshakeAllThreads done
Event: 19.633 Executing VM operation: Cleanup
Event: 19.633 Executing VM operation: Cleanup done
Event: 19.648 Executing VM operation: HandshakeAllThreads
Event: 19.648 Executing VM operation: HandshakeAllThreads done
Event: 20.135 Executing VM operation: HandshakeAllThreads
Event: 20.135 Executing VM operation: HandshakeAllThreads done
Event: 20.140 Executing VM operation: HandshakeAllThreads
Event: 20.140 Executing VM operation: HandshakeAllThreads done
Event: 20.154 Executing VM operation: HandshakeAllThreads
Event: 20.154 Executing VM operation: HandshakeAllThreads done

Events (20 events):
Event: 20.141 loading class java/nio/file/attribute/PosixFilePermission
Event: 20.141 loading class java/nio/file/attribute/PosixFilePermission done
Event: 20.145 loading class sun/nio/fs/WindowsAclFileAttributeView
Event: 20.145 loading class sun/nio/fs/AbstractAclFileAttributeView
Event: 20.146 loading class java/nio/file/attribute/AclFileAttributeView
Event: 20.146 loading class java/nio/file/attribute/FileOwnerAttributeView
Event: 20.146 loading class java/nio/file/attribute/FileOwnerAttributeView done
Event: 20.146 loading class java/nio/file/attribute/AclFileAttributeView done
Event: 20.146 loading class sun/nio/fs/AbstractAclFileAttributeView done
Event: 20.146 loading class sun/nio/fs/WindowsAclFileAttributeView done
Event: 20.146 loading class sun/nio/fs/WindowsSecurity
Event: 20.147 loading class sun/nio/fs/WindowsSecurity done
Event: 20.148 loading class sun/nio/fs/WindowsFileStore
Event: 20.148 loading class sun/nio/fs/WindowsFileStore done
Event: 20.154 loading class java/nio/file/attribute/PosixFileAttributeView
Event: 20.154 loading class java/nio/file/attribute/PosixFileAttributeView done
Event: 20.236 loading class java/nio/file/ClosedDirectoryStreamException
Event: 20.236 loading class java/nio/file/ClosedDirectoryStreamException done
Event: 20.236 loading class java/nio/file/DirectoryIteratorException
Event: 20.236 loading class java/nio/file/DirectoryIteratorException done


Dynamic libraries:
0x00007ff78f640000 - 0x00007ff78f650000 	C:\Program Files\Java\jdk-17\bin\java.exe
0x00007ff94dbd0000 - 0x00007ff94ddc8000 	C:\WINDOWS\SYSTEM32\ntdll.dll
0x00007ff94d280000 - 0x00007ff94d342000 	C:\WINDOWS\System32\KERNEL32.DLL
0x00007ff94b600000 - 0x00007ff94b8f6000 	C:\WINDOWS\System32\KERNELBASE.dll
0x00007ff94b390000 - 0x00007ff94b490000 	C:\WINDOWS\System32\ucrtbase.dll
0x00007ff941950000 - 0x00007ff94196b000 	C:\Program Files\Java\jdk-17\bin\VCRUNTIME140.dll
0x00007ff9357c0000 - 0x00007ff9357d9000 	C:\Program Files\Java\jdk-17\bin\jli.dll
0x00007ff94c4e0000 - 0x00007ff94c591000 	C:\WINDOWS\System32\ADVAPI32.dll
0x00007ff94cd10000 - 0x00007ff94cdae000 	C:\WINDOWS\System32\msvcrt.dll
0x00007ff94d400000 - 0x00007ff94d49f000 	C:\WINDOWS\System32\sechost.dll
0x00007ff94bc50000 - 0x00007ff94bd70000 	C:\WINDOWS\System32\RPCRT4.dll
0x00007ff94b900000 - 0x00007ff94b927000 	C:\WINDOWS\System32\bcrypt.dll
0x00007ff94d8d0000 - 0x00007ff94da71000 	C:\WINDOWS\System32\USER32.dll
0x00007ff94ba90000 - 0x00007ff94bab2000 	C:\WINDOWS\System32\win32u.dll
0x00007ff93af70000 - 0x00007ff93b20b000 	C:\WINDOWS\WinSxS\amd64_microsoft.windows.common-controls_6595b64144ccf1df_6.0.19041.6456_none_60b8a6cb71f64256\COMCTL32.dll
0x00007ff94bbf0000 - 0x00007ff94bc1b000 	C:\WINDOWS\System32\GDI32.dll
0x00007ff94b4e0000 - 0x00007ff94b5f9000 	C:\WINDOWS\System32\gdi32full.dll
0x00007ff94bb50000 - 0x00007ff94bbed000 	C:\WINDOWS\System32\msvcp_win.dll
0x00007ff93a5c0000 - 0x00007ff93a5ca000 	C:\WINDOWS\SYSTEM32\VERSION.dll
0x00007ff94bc20000 - 0x00007ff94bc4f000 	C:\WINDOWS\System32\IMM32.DLL
0x00007ff947e20000 - 0x00007ff947e2c000 	C:\Program Files\Java\jdk-17\bin\vcruntime140_1.dll
0x00007ff923ea0000 - 0x00007ff923f2e000 	C:\Program Files\Java\jdk-17\bin\msvcp140.dll
0x00007ff907c00000 - 0x00007ff9087e0000 	C:\Program Files\Java\jdk-17\bin\server\jvm.dll
0x00007ff94cec0000 - 0x00007ff94cec8000 	C:\WINDOWS\System32\PSAPI.DLL
0x00007ff946300000 - 0x00007ff946309000 	C:\WINDOWS\SYSTEM32\WSOCK32.dll
0x00007ff94d500000 - 0x00007ff94d56b000 	C:\WINDOWS\System32\WS2_32.dll
0x00007ff93bec0000 - 0x00007ff93bee7000 	C:\WINDOWS\SYSTEM32\WINMM.dll
0x00007ff949a70000 - 0x00007ff949a82000 	C:\WINDOWS\SYSTEM32\kernel.appcore.dll
0x00007ff946370000 - 0x00007ff94637a000 	C:\Program Files\Java\jdk-17\bin\jimage.dll
0x00007ff949080000 - 0x00007ff949281000 	C:\WINDOWS\SYSTEM32\DBGHELP.DLL
0x00007ff936950000 - 0x00007ff936984000 	C:\WINDOWS\SYSTEM32\dbgcore.DLL
0x00007ff94bac0000 - 0x00007ff94bb42000 	C:\WINDOWS\System32\bcryptPrimitives.dll
0x00007ff9310f0000 - 0x00007ff931115000 	C:\Program Files\Java\jdk-17\bin\java.dll
0x00007ff91e2e0000 - 0x00007ff91e3b7000 	C:\Program Files\Java\jdk-17\bin\jsvml.dll
0x00007ff94bd70000 - 0x00007ff94c4e0000 	C:\WINDOWS\System32\SHELL32.dll
0x00007ff949290000 - 0x00007ff949a35000 	C:\WINDOWS\SYSTEM32\windows.storage.dll
0x00007ff94d570000 - 0x00007ff94d8c4000 	C:\WINDOWS\System32\combase.dll
0x00007ff94ac90000 - 0x00007ff94acbb000 	C:\WINDOWS\SYSTEM32\Wldp.dll
0x00007ff94ced0000 - 0x00007ff94cf9d000 	C:\WINDOWS\System32\OLEAUT32.dll
0x00007ff94dae0000 - 0x00007ff94db8d000 	C:\WINDOWS\System32\SHCORE.dll
0x00007ff94c5a0000 - 0x00007ff94c5fb000 	C:\WINDOWS\System32\shlwapi.dll
0x00007ff94b190000 - 0x00007ff94b1b4000 	C:\WINDOWS\SYSTEM32\profapi.dll
0x00007ff944290000 - 0x00007ff9442a9000 	C:\Program Files\Java\jdk-17\bin\net.dll
0x00007ff93e960000 - 0x00007ff93ea6a000 	C:\WINDOWS\SYSTEM32\WINHTTP.dll
0x00007ff94a9f0000 - 0x00007ff94aa5a000 	C:\WINDOWS\system32\mswsock.dll
0x00007ff944230000 - 0x00007ff944246000 	C:\Program Files\Java\jdk-17\bin\nio.dll
0x00007ff9310d0000 - 0x00007ff9310e8000 	C:\Program Files\Java\jdk-17\bin\zip.dll
0x0000000069ac0000 - 0x0000000069ae4000 	C:\Users\Amit\AppData\Local\Temp\jansi-2.4.0-b7f1a6b52a6b819a-jansi.dll
0x00007ff946350000 - 0x00007ff946360000 	C:\Program Files\Java\jdk-17\bin\verify.dll

dbghelp: loaded successfully - version: 4.0.5 - missing functions: none
symbol engine: initialized successfully - sym options: 0x614 - pdb path: .;C:\Program Files\Java\jdk-17\bin;C:\WINDOWS\SYSTEM32;C:\WINDOWS\WinSxS\amd64_microsoft.windows.common-controls_6595b64144ccf1df_6.0.19041.6456_none_60b8a6cb71f64256;C:\Program Files\Java\jdk-17\bin\server;C:\Users\Amit\AppData\Local\Temp

VM Arguments:
jvm_args: -Dmaven.multiModuleProjectDirectory=D:\Ecllipse-Projects\AstroGanitApiNew 
java_command: org.apache.maven.wrapper.MavenWrapperMain package
java_class_path (initial): D:\Ecllipse-Projects\AstroGanitApiNew\.mvn\wrapper\maven-wrapper.jar
Launcher Type: SUN_STANDARD

[Global flags]
     intx CICompilerCount                          = 3                                         {product} {ergonomic}
     uint ConcGCThreads                            = 1                                         {product} {ergonomic}
     uint G1ConcRefinementThreads                  = 4                                         {product} {ergonomic}
   size_t G1HeapRegionSize                         = 1048576                                   {product} {ergonomic}
    uintx GCDrainStackTargetSize                   = 64                                        {product} {ergonomic}
   size_t InitialHeapSize                          = 134217728                                 {product} {ergonomic}
   size_t MarkStackSize                            = 4194304                                   {product} {ergonomic}
   size_t MaxHeapSize                              = 2116026368                                {product} {ergonomic}
   size_t MaxNewSize                               = 1268776960                                {product} {ergonomic}
   size_t MinHeapDeltaBytes                        = 1048576                                   {product} {ergonomic}
   size_t MinHeapSize                              = 8388608                                   {product} {ergonomic}
    uintx NonNMethodCodeHeapSize                   = 5832780                                {pd product} {ergonomic}
    uintx NonProfiledCodeHeapSize                  = 122912730                              {pd product} {ergonomic}
    uintx ProfiledCodeHeapSize                     = 122912730                              {pd product} {ergonomic}
    uintx ReservedCodeCacheSize                    = 251658240                              {pd product} {ergonomic}
     bool SegmentedCodeCache                       = true                                      {product} {ergonomic}
   size_t SoftMaxHeapSize                          = 2116026368                             {manageable} {ergonomic}
     bool UseCompressedClassPointers               = true                           {product lp64_product} {ergonomic}
     bool UseCompressedOops                        = true                           {product lp64_product} {ergonomic}
     bool UseG1GC                                  = true                                      {product} {ergonomic}
     bool UseLargePagesIndividualAllocation        = false                                  {pd product} {ergonomic}

Logging:
Log output configuration:
 #0: stdout all=warning uptime,level,tags
 #1: stderr all=off uptime,level,tags

Environment Variables:
JAVA_HOME=C:\Program Files\Java\jdk-17
PATH=C:\Program Files\nodejs;C:\Program Files\Git\cmd;C:\Program Files\Git\bin;C:\Program Files\Java\jdk-17\bin;C:\Windows\System32;C:\Windows\System32\OpenSSH;C:\Program Files\MySQL\MySQL Shell 8.0\bin\;C:\Program Files\android-sdk-windows\platform-tools;C:\Users\Amit\AppData\Roaming\npm;C:\Users\Amit\AppData\Local\Programs\Microsoft VS Code\bin;D:\Maven\apache-maven-3.9.8\bin
USERNAME=Amit
OS=Windows_NT
PROCESSOR_IDENTIFIER=Intel64 Family 6 Model 61 Stepping 4, GenuineIntel



---------------  S Y S T E M  ---------------

OS:
 Windows 10 , 64 bit Build 19041 (10.0.19041.5915)
OS uptime: 28 days 11:40 hours

CPU: total 4 (initial active 4) (2 cores per cpu, 2 threads per core) family 6 model 61 stepping 4 microcode 0x2d, cx8, cmov, fxsr, ht, mmx, 3dnowpref, sse, sse2, sse3, ssse3, sse4.1, sse4.2, popcnt, lzcnt, tsc, tscinvbit, avx, avx2, aes, erms, clmul, bmi1, bmi2, rtm, adx, fma, vzeroupper, clflush

Memory: 4k page, system-wide physical 8067M (193M free)
TotalPageFile size 24037M (AvailPageFile size 4M)
current process WorkingSet (physical memory assigned to process): 221M, peak: 221M
current process commit charge ("private bytes"): 253M, peak: 253M

vm_info: Java HotSpot(TM) 64-Bit Server VM (17.0.11+7-LTS-207) for windows-amd64 JRE (17.0.11+7-LTS-207), built on Mar 11 2024 19:01:50 by "mach5one" with MS VC++ 17.6 (VS2022)

END.
