#
# There is insufficient memory for the Java Runtime Environment to continue.
# Native memory allocation (malloc) failed to allocate 32744 bytes for ChunkPool::allocate
# Possible reasons:
#   The system is out of physical RAM or swap space
#   The process is running with CompressedOops enabled, and the Java Heap may be blocking the growth of the native heap
# Possible solutions:
#   Reduce memory load on the system
#   Increase physical memory or swap space
#   Check if swap backing store is full
#   Decrease Java heap size (-Xmx/-Xms)
#   Decrease number of Java threads
#   Decrease Java thread stack sizes (-Xss)
#   Set larger code cache with -XX:ReservedCodeCacheSize=
#   JVM is running with Unscaled Compressed Oops mode in which the Java heap is
#     placed in the first 4GB address space. The Java Heap base address is the
#     maximum limit for the native heap growth. Please use -XX:HeapBaseMinAddress
#     to set the Java Heap base and to place the Java Heap above 4GB virtual address.
# This output file may be truncated or incomplete.
#
#  Out of Memory Error (arena.cpp:78), pid=13512, tid=2688
#
# JRE version: Java(TM) SE Runtime Environment (17.0.11+7) (build 17.0.11+7-LTS-207)
# Java VM: Java HotSpot(TM) 64-Bit Server VM (17.0.11+7-LTS-207, mixed mode, sharing, tiered, compressed oops, compressed class ptrs, g1 gc, windows-amd64)
# No core dump will be written. Minidumps are not enabled by default on client versions of Windows
#

---------------  S U M M A R Y ------------

Command Line: -Dfile.encoding=UTF-8 -XX:+ShowCodeDetailsInExceptionMessages com.astroganit.AstroGanitApiNewApplication

Host: Intel(R) Core(TM) i5-5300U CPU @ 2.30GHz, 4 cores, 7G,  Windows 10 , 64 bit Build 19041 (10.0.19041.5915)
Time: Wed May  6 14:45:55 2026 India Standard Time elapsed time: 3.394359 seconds (0d 0h 0m 3s)

---------------  T H R E A D  ---------------

Current thread (0x00000244fb314930):  JavaThread "C2 CompilerThread0" daemon [_thread_in_native, id=2688, stack(0x000000b779700000,0x000000b779800000)]


Current CompileTask:
C2:   3394 1757       4       jdk.internal.org.objectweb.asm.Frame::execute (2305 bytes)

Stack: [0x000000b779700000,0x000000b779800000]
Native frames: (J=compiled Java code, j=interpreted, Vv=VM code, C=native code)
V  [jvm.dll+0x679cca]
V  [jvm.dll+0x7da13d]
V  [jvm.dll+0x7dba83]
V  [jvm.dll+0x7dc0f3]
V  [jvm.dll+0x2449af]
V  [jvm.dll+0xaba8c]
V  [jvm.dll+0xabe1c]
V  [jvm.dll+0x3666a9]
V  [jvm.dll+0x56315a]
V  [jvm.dll+0x32bd90]
V  [jvm.dll+0x32b1fa]
V  [jvm.dll+0x2161df]
V  [jvm.dll+0x21560f]
V  [jvm.dll+0x1a2040]
V  [jvm.dll+0x225a2b]
V  [jvm.dll+0x223bcb]
V  [jvm.dll+0x7903ec]
V  [jvm.dll+0x78a85a]
V  [jvm.dll+0x678bb5]
C  [ucrtbase.dll+0x21bb2]
C  [KERNEL32.DLL+0x17374]
C  [ntdll.dll+0x4cc91]


---------------  P R O C E S S  ---------------

Threads class SMR info:
_java_thread_list=0x00000244d5237e60, length=15, elements={
0x00000244eca87da0, 0x00000244fb2f8480, 0x00000244fb2fac50, 0x00000244fb3098e0,
0x00000244fb30d2d0, 0x00000244fb30e340, 0x00000244fb30f3b0, 0x00000244fb314930,
0x00000244fb3191a0, 0x00000244fb32c280, 0x00000244d41ebfe0, 0x00000244d41fedc0,
0x00000244d4baab50, 0x00000244d49de560, 0x00000244d51befb0
}

Java Threads: ( => current thread )
  0x00000244eca87da0 JavaThread "main" [_thread_blocked, id=19556, stack(0x000000b778a00000,0x000000b778b00000)]
  0x00000244fb2f8480 JavaThread "Reference Handler" daemon [_thread_blocked, id=668, stack(0x000000b779100000,0x000000b779200000)]
  0x00000244fb2fac50 JavaThread "Finalizer" daemon [_thread_blocked, id=15552, stack(0x000000b779200000,0x000000b779300000)]
  0x00000244fb3098e0 JavaThread "Signal Dispatcher" daemon [_thread_blocked, id=16804, stack(0x000000b779300000,0x000000b779400000)]
  0x00000244fb30d2d0 JavaThread "Attach Listener" daemon [_thread_blocked, id=7748, stack(0x000000b779400000,0x000000b779500000)]
  0x00000244fb30e340 JavaThread "Service Thread" daemon [_thread_blocked, id=17640, stack(0x000000b779500000,0x000000b779600000)]
  0x00000244fb30f3b0 JavaThread "Monitor Deflation Thread" daemon [_thread_blocked, id=2176, stack(0x000000b779600000,0x000000b779700000)]
=>0x00000244fb314930 JavaThread "C2 CompilerThread0" daemon [_thread_in_native, id=2688, stack(0x000000b779700000,0x000000b779800000)]
  0x00000244fb3191a0 JavaThread "C1 CompilerThread0" daemon [_thread_blocked, id=20880, stack(0x000000b779800000,0x000000b779900000)]
  0x00000244fb32c280 JavaThread "Sweeper thread" daemon [_thread_blocked, id=20532, stack(0x000000b779900000,0x000000b779a00000)]
  0x00000244d41ebfe0 JavaThread "Notification Thread" daemon [_thread_blocked, id=15796, stack(0x000000b779a00000,0x000000b779b00000)]
  0x00000244d41fedc0 JavaThread "Common-Cleaner" daemon [_thread_blocked, id=14556, stack(0x000000b779c00000,0x000000b779d00000)]
  0x00000244d4baab50 JavaThread "Thread-0" [_thread_blocked, id=19724, stack(0x000000b77a000000,0x000000b77a100000)]
  0x00000244d49de560 JavaThread "restartedMain" [_thread_in_Java, id=6088, stack(0x000000b77a100000,0x000000b77a200000)]
  0x00000244d51befb0 JavaThread "background-preinit" [_thread_in_vm, id=1616, stack(0x000000b77a200000,0x000000b77a300000)]

Other Threads:
  0x00000244fb2f2500 VMThread "VM Thread" [stack: 0x000000b779000000,0x000000b779100000] [id=21480]
  0x00000244d41ee4d0 WatcherThread [stack: 0x000000b779b00000,0x000000b779c00000] [id=19412]
  0x00000244ecae0620 GCTaskThread "GC Thread#0" [stack: 0x000000b778b00000,0x000000b778c00000] [id=14776]
  0x00000244d4a97b30 GCTaskThread "GC Thread#1" [stack: 0x000000b779d00000,0x000000b779e00000] [id=9428]
  0x00000244d4af95a0 GCTaskThread "GC Thread#2" [stack: 0x000000b779e00000,0x000000b779f00000] [id=20956]
  0x00000244d4fdc9a0 GCTaskThread "GC Thread#3" [stack: 0x000000b779f00000,0x000000b77a000000] [id=4144]
  0x00000244ecaf2870 ConcurrentGCThread "G1 Main Marker" [stack: 0x000000b778c00000,0x000000b778d00000] [id=16784]
  0x00000244ecaf3190 ConcurrentGCThread "G1 Conc#0" [stack: 0x000000b778d00000,0x000000b778e00000] [id=1684]
  0x00000244fb1b00a0 ConcurrentGCThread "G1 Refine#0" [stack: 0x000000b778e00000,0x000000b778f00000] [id=2240]
  0x00000244fb1b12c0 ConcurrentGCThread "G1 Service" [stack: 0x000000b778f00000,0x000000b779000000] [id=7520]

Threads with active compile tasks:
C2 CompilerThread0     3430 1757       4       jdk.internal.org.objectweb.asm.Frame::execute (2305 bytes)

VM state: not at safepoint (normal execution)

VM Mutex/Monitor currently owned by a thread: None

Heap address: 0x0000000081e00000, size: 2018 MB, Compressed Oops mode: 32-bit

CDS archive(s) mapped at: [0x000002448f000000-0x000002448fbd0000-0x000002448fbd0000), size 12386304, SharedBaseAddress: 0x000002448f000000, ArchiveRelocationMode: 1.
Compressed class space mapped at: 0x0000024490000000-0x00000244d0000000, reserved size: 1073741824
Narrow klass base: 0x000002448f000000, Narrow klass shift: 0, Narrow klass range: 0x100000000

GC Precious Log:
 CPUs: 4 total, 4 available
 Memory: 8067M
 Large Page Support: Disabled
 NUMA Support: Disabled
 Compressed Oops: Enabled (32-bit)
 Heap Region Size: 1M
 Heap Min Capacity: 8M
 Heap Initial Capacity: 128M
 Heap Max Capacity: 2018M
 Pre-touch: Disabled
 Parallel Workers: 4
 Concurrent Workers: 1
 Concurrent Refinement Workers: 4
 Periodic GC: Disabled

Heap:
 garbage-first heap   total 131072K, used 20362K [0x0000000081e00000, 0x0000000100000000)
  region size 1024K, 14 young (14336K), 3 survivors (3072K)
 Metaspace       used 13360K, committed 13568K, reserved 1114112K
  class space    used 1803K, committed 1920K, reserved 1048576K

Heap Regions: E=young(eden), S=young(survivor), O=old, HS=humongous(starts), HC=humongous(continues), CS=collection set, F=free, OA=open archive, CA=closed archive, TAMS=top-at-mark-start (previous, next)
|   0|0x0000000081e00000, 0x0000000081f00000, 0x0000000081f00000|100%|HS|  |TAMS 0x0000000081e00000, 0x0000000081e00000| Complete 
|   1|0x0000000081f00000, 0x0000000082000000, 0x0000000082000000|100%| O|  |TAMS 0x0000000081f00000, 0x0000000081f00000| Untracked 
|   2|0x0000000082000000, 0x0000000082100000, 0x0000000082100000|100%| O|  |TAMS 0x0000000082000000, 0x0000000082000000| Untracked 
|   3|0x0000000082100000, 0x0000000082200000, 0x0000000082200000|100%| O|  |TAMS 0x0000000082100000, 0x0000000082100000| Untracked 
|   4|0x0000000082200000, 0x0000000082300000, 0x0000000082300000|100%| O|  |TAMS 0x0000000082200000, 0x0000000082200000| Untracked 
|   5|0x0000000082300000, 0x0000000082400000, 0x0000000082400000|100%| O|  |TAMS 0x0000000082300000, 0x0000000082300000| Untracked 
|   6|0x0000000082400000, 0x0000000082500000, 0x0000000082500000|100%| O|  |TAMS 0x0000000082400000, 0x0000000082400000| Untracked 
|   7|0x0000000082500000, 0x000000008256e400, 0x0000000082600000| 43%| O|  |TAMS 0x0000000082500000, 0x0000000082500000| Untracked 
|   8|0x0000000082600000, 0x0000000082600000, 0x0000000082700000|  0%| F|  |TAMS 0x0000000082600000, 0x0000000082600000| Untracked 
|   9|0x0000000082700000, 0x0000000082700000, 0x0000000082800000|  0%| F|  |TAMS 0x0000000082700000, 0x0000000082700000| Untracked 
|  10|0x0000000082800000, 0x0000000082800000, 0x0000000082900000|  0%| F|  |TAMS 0x0000000082800000, 0x0000000082800000| Untracked 
|  11|0x0000000082900000, 0x0000000082900000, 0x0000000082a00000|  0%| F|  |TAMS 0x0000000082900000, 0x0000000082900000| Untracked 
|  12|0x0000000082a00000, 0x0000000082a00000, 0x0000000082b00000|  0%| F|  |TAMS 0x0000000082a00000, 0x0000000082a00000| Untracked 
|  13|0x0000000082b00000, 0x0000000082b00000, 0x0000000082c00000|  0%| F|  |TAMS 0x0000000082b00000, 0x0000000082b00000| Untracked 
|  14|0x0000000082c00000, 0x0000000082c00000, 0x0000000082d00000|  0%| F|  |TAMS 0x0000000082c00000, 0x0000000082c00000| Untracked 
|  15|0x0000000082d00000, 0x0000000082d00000, 0x0000000082e00000|  0%| F|  |TAMS 0x0000000082d00000, 0x0000000082d00000| Untracked 
|  16|0x0000000082e00000, 0x0000000082e00000, 0x0000000082f00000|  0%| F|  |TAMS 0x0000000082e00000, 0x0000000082e00000| Untracked 
|  17|0x0000000082f00000, 0x0000000082f00000, 0x0000000083000000|  0%| F|  |TAMS 0x0000000082f00000, 0x0000000082f00000| Untracked 
|  18|0x0000000083000000, 0x0000000083000000, 0x0000000083100000|  0%| F|  |TAMS 0x0000000083000000, 0x0000000083000000| Untracked 
|  19|0x0000000083100000, 0x0000000083100000, 0x0000000083200000|  0%| F|  |TAMS 0x0000000083100000, 0x0000000083100000| Untracked 
|  20|0x0000000083200000, 0x0000000083200000, 0x0000000083300000|  0%| F|  |TAMS 0x0000000083200000, 0x0000000083200000| Untracked 
|  21|0x0000000083300000, 0x0000000083300000, 0x0000000083400000|  0%| F|  |TAMS 0x0000000083300000, 0x0000000083300000| Untracked 
|  22|0x0000000083400000, 0x0000000083400000, 0x0000000083500000|  0%| F|  |TAMS 0x0000000083400000, 0x0000000083400000| Untracked 
|  23|0x0000000083500000, 0x0000000083500000, 0x0000000083600000|  0%| F|  |TAMS 0x0000000083500000, 0x0000000083500000| Untracked 
|  24|0x0000000083600000, 0x0000000083600000, 0x0000000083700000|  0%| F|  |TAMS 0x0000000083600000, 0x0000000083600000| Untracked 
|  25|0x0000000083700000, 0x0000000083700000, 0x0000000083800000|  0%| F|  |TAMS 0x0000000083700000, 0x0000000083700000| Untracked 
|  26|0x0000000083800000, 0x0000000083800000, 0x0000000083900000|  0%| F|  |TAMS 0x0000000083800000, 0x0000000083800000| Untracked 
|  27|0x0000000083900000, 0x0000000083900000, 0x0000000083a00000|  0%| F|  |TAMS 0x0000000083900000, 0x0000000083900000| Untracked 
|  28|0x0000000083a00000, 0x0000000083a00000, 0x0000000083b00000|  0%| F|  |TAMS 0x0000000083a00000, 0x0000000083a00000| Untracked 
|  29|0x0000000083b00000, 0x0000000083b00000, 0x0000000083c00000|  0%| F|  |TAMS 0x0000000083b00000, 0x0000000083b00000| Untracked 
|  30|0x0000000083c00000, 0x0000000083c00000, 0x0000000083d00000|  0%| F|  |TAMS 0x0000000083c00000, 0x0000000083c00000| Untracked 
|  31|0x0000000083d00000, 0x0000000083d00000, 0x0000000083e00000|  0%| F|  |TAMS 0x0000000083d00000, 0x0000000083d00000| Untracked 
|  32|0x0000000083e00000, 0x0000000083e00000, 0x0000000083f00000|  0%| F|  |TAMS 0x0000000083e00000, 0x0000000083e00000| Untracked 
|  33|0x0000000083f00000, 0x0000000083f00000, 0x0000000084000000|  0%| F|  |TAMS 0x0000000083f00000, 0x0000000083f00000| Untracked 
|  34|0x0000000084000000, 0x0000000084000000, 0x0000000084100000|  0%| F|  |TAMS 0x0000000084000000, 0x0000000084000000| Untracked 
|  35|0x0000000084100000, 0x0000000084100000, 0x0000000084200000|  0%| F|  |TAMS 0x0000000084100000, 0x0000000084100000| Untracked 
|  36|0x0000000084200000, 0x0000000084200000, 0x0000000084300000|  0%| F|  |TAMS 0x0000000084200000, 0x0000000084200000| Untracked 
|  37|0x0000000084300000, 0x0000000084300000, 0x0000000084400000|  0%| F|  |TAMS 0x0000000084300000, 0x0000000084300000| Untracked 
|  38|0x0000000084400000, 0x0000000084400000, 0x0000000084500000|  0%| F|  |TAMS 0x0000000084400000, 0x0000000084400000| Untracked 
|  39|0x0000000084500000, 0x0000000084500000, 0x0000000084600000|  0%| F|  |TAMS 0x0000000084500000, 0x0000000084500000| Untracked 
|  40|0x0000000084600000, 0x0000000084600000, 0x0000000084700000|  0%| F|  |TAMS 0x0000000084600000, 0x0000000084600000| Untracked 
|  41|0x0000000084700000, 0x0000000084700000, 0x0000000084800000|  0%| F|  |TAMS 0x0000000084700000, 0x0000000084700000| Untracked 
|  42|0x0000000084800000, 0x0000000084800000, 0x0000000084900000|  0%| F|  |TAMS 0x0000000084800000, 0x0000000084800000| Untracked 
|  43|0x0000000084900000, 0x0000000084900000, 0x0000000084a00000|  0%| F|  |TAMS 0x0000000084900000, 0x0000000084900000| Untracked 
|  44|0x0000000084a00000, 0x0000000084a00000, 0x0000000084b00000|  0%| F|  |TAMS 0x0000000084a00000, 0x0000000084a00000| Untracked 
|  45|0x0000000084b00000, 0x0000000084b00000, 0x0000000084c00000|  0%| F|  |TAMS 0x0000000084b00000, 0x0000000084b00000| Untracked 
|  46|0x0000000084c00000, 0x0000000084c00000, 0x0000000084d00000|  0%| F|  |TAMS 0x0000000084c00000, 0x0000000084c00000| Untracked 
|  47|0x0000000084d00000, 0x0000000084d00000, 0x0000000084e00000|  0%| F|  |TAMS 0x0000000084d00000, 0x0000000084d00000| Untracked 
|  48|0x0000000084e00000, 0x0000000084e00000, 0x0000000084f00000|  0%| F|  |TAMS 0x0000000084e00000, 0x0000000084e00000| Untracked 
|  49|0x0000000084f00000, 0x0000000084f00000, 0x0000000085000000|  0%| F|  |TAMS 0x0000000084f00000, 0x0000000084f00000| Untracked 
|  50|0x0000000085000000, 0x0000000085000000, 0x0000000085100000|  0%| F|  |TAMS 0x0000000085000000, 0x0000000085000000| Untracked 
|  51|0x0000000085100000, 0x0000000085100000, 0x0000000085200000|  0%| F|  |TAMS 0x0000000085100000, 0x0000000085100000| Untracked 
|  52|0x0000000085200000, 0x0000000085200000, 0x0000000085300000|  0%| F|  |TAMS 0x0000000085200000, 0x0000000085200000| Untracked 
|  53|0x0000000085300000, 0x0000000085300000, 0x0000000085400000|  0%| F|  |TAMS 0x0000000085300000, 0x0000000085300000| Untracked 
|  54|0x0000000085400000, 0x0000000085400000, 0x0000000085500000|  0%| F|  |TAMS 0x0000000085400000, 0x0000000085400000| Untracked 
|  55|0x0000000085500000, 0x0000000085500000, 0x0000000085600000|  0%| F|  |TAMS 0x0000000085500000, 0x0000000085500000| Untracked 
|  56|0x0000000085600000, 0x0000000085600000, 0x0000000085700000|  0%| F|  |TAMS 0x0000000085600000, 0x0000000085600000| Untracked 
|  57|0x0000000085700000, 0x0000000085700000, 0x0000000085800000|  0%| F|  |TAMS 0x0000000085700000, 0x0000000085700000| Untracked 
|  58|0x0000000085800000, 0x0000000085800000, 0x0000000085900000|  0%| F|  |TAMS 0x0000000085800000, 0x0000000085800000| Untracked 
|  59|0x0000000085900000, 0x0000000085900000, 0x0000000085a00000|  0%| F|  |TAMS 0x0000000085900000, 0x0000000085900000| Untracked 
|  60|0x0000000085a00000, 0x0000000085a00000, 0x0000000085b00000|  0%| F|  |TAMS 0x0000000085a00000, 0x0000000085a00000| Untracked 
|  61|0x0000000085b00000, 0x0000000085b00000, 0x0000000085c00000|  0%| F|  |TAMS 0x0000000085b00000, 0x0000000085b00000| Untracked 
|  62|0x0000000085c00000, 0x0000000085c00000, 0x0000000085d00000|  0%| F|  |TAMS 0x0000000085c00000, 0x0000000085c00000| Untracked 
|  63|0x0000000085d00000, 0x0000000085d00000, 0x0000000085e00000|  0%| F|  |TAMS 0x0000000085d00000, 0x0000000085d00000| Untracked 
|  64|0x0000000085e00000, 0x0000000085e00000, 0x0000000085f00000|  0%| F|  |TAMS 0x0000000085e00000, 0x0000000085e00000| Untracked 
|  65|0x0000000085f00000, 0x0000000085f00000, 0x0000000086000000|  0%| F|  |TAMS 0x0000000085f00000, 0x0000000085f00000| Untracked 
|  66|0x0000000086000000, 0x0000000086000000, 0x0000000086100000|  0%| F|  |TAMS 0x0000000086000000, 0x0000000086000000| Untracked 
|  67|0x0000000086100000, 0x0000000086100000, 0x0000000086200000|  0%| F|  |TAMS 0x0000000086100000, 0x0000000086100000| Untracked 
|  68|0x0000000086200000, 0x0000000086200000, 0x0000000086300000|  0%| F|  |TAMS 0x0000000086200000, 0x0000000086200000| Untracked 
|  69|0x0000000086300000, 0x0000000086300000, 0x0000000086400000|  0%| F|  |TAMS 0x0000000086300000, 0x0000000086300000| Untracked 
|  70|0x0000000086400000, 0x0000000086400000, 0x0000000086500000|  0%| F|  |TAMS 0x0000000086400000, 0x0000000086400000| Untracked 
|  71|0x0000000086500000, 0x0000000086500000, 0x0000000086600000|  0%| F|  |TAMS 0x0000000086500000, 0x0000000086500000| Untracked 
|  72|0x0000000086600000, 0x0000000086600000, 0x0000000086700000|  0%| F|  |TAMS 0x0000000086600000, 0x0000000086600000| Untracked 
|  73|0x0000000086700000, 0x0000000086700000, 0x0000000086800000|  0%| F|  |TAMS 0x0000000086700000, 0x0000000086700000| Untracked 
|  74|0x0000000086800000, 0x0000000086800000, 0x0000000086900000|  0%| F|  |TAMS 0x0000000086800000, 0x0000000086800000| Untracked 
|  75|0x0000000086900000, 0x0000000086900000, 0x0000000086a00000|  0%| F|  |TAMS 0x0000000086900000, 0x0000000086900000| Untracked 
|  76|0x0000000086a00000, 0x0000000086a00000, 0x0000000086b00000|  0%| F|  |TAMS 0x0000000086a00000, 0x0000000086a00000| Untracked 
|  77|0x0000000086b00000, 0x0000000086b00000, 0x0000000086c00000|  0%| F|  |TAMS 0x0000000086b00000, 0x0000000086b00000| Untracked 
|  78|0x0000000086c00000, 0x0000000086c00000, 0x0000000086d00000|  0%| F|  |TAMS 0x0000000086c00000, 0x0000000086c00000| Untracked 
|  79|0x0000000086d00000, 0x0000000086d00000, 0x0000000086e00000|  0%| F|  |TAMS 0x0000000086d00000, 0x0000000086d00000| Untracked 
|  80|0x0000000086e00000, 0x0000000086e00000, 0x0000000086f00000|  0%| F|  |TAMS 0x0000000086e00000, 0x0000000086e00000| Untracked 
|  81|0x0000000086f00000, 0x0000000086f00000, 0x0000000087000000|  0%| F|  |TAMS 0x0000000086f00000, 0x0000000086f00000| Untracked 
|  82|0x0000000087000000, 0x0000000087000000, 0x0000000087100000|  0%| F|  |TAMS 0x0000000087000000, 0x0000000087000000| Untracked 
|  83|0x0000000087100000, 0x0000000087100000, 0x0000000087200000|  0%| F|  |TAMS 0x0000000087100000, 0x0000000087100000| Untracked 
|  84|0x0000000087200000, 0x0000000087200000, 0x0000000087300000|  0%| F|  |TAMS 0x0000000087200000, 0x0000000087200000| Untracked 
|  85|0x0000000087300000, 0x0000000087300000, 0x0000000087400000|  0%| F|  |TAMS 0x0000000087300000, 0x0000000087300000| Untracked 
|  86|0x0000000087400000, 0x0000000087400000, 0x0000000087500000|  0%| F|  |TAMS 0x0000000087400000, 0x0000000087400000| Untracked 
|  87|0x0000000087500000, 0x0000000087500000, 0x0000000087600000|  0%| F|  |TAMS 0x0000000087500000, 0x0000000087500000| Untracked 
|  88|0x0000000087600000, 0x0000000087600000, 0x0000000087700000|  0%| F|  |TAMS 0x0000000087600000, 0x0000000087600000| Untracked 
|  89|0x0000000087700000, 0x0000000087700000, 0x0000000087800000|  0%| F|  |TAMS 0x0000000087700000, 0x0000000087700000| Untracked 
|  90|0x0000000087800000, 0x0000000087800000, 0x0000000087900000|  0%| F|  |TAMS 0x0000000087800000, 0x0000000087800000| Untracked 
|  91|0x0000000087900000, 0x0000000087900000, 0x0000000087a00000|  0%| F|  |TAMS 0x0000000087900000, 0x0000000087900000| Untracked 
|  92|0x0000000087a00000, 0x0000000087a00000, 0x0000000087b00000|  0%| F|  |TAMS 0x0000000087a00000, 0x0000000087a00000| Untracked 
|  93|0x0000000087b00000, 0x0000000087b00000, 0x0000000087c00000|  0%| F|  |TAMS 0x0000000087b00000, 0x0000000087b00000| Untracked 
|  94|0x0000000087c00000, 0x0000000087c00000, 0x0000000087d00000|  0%| F|  |TAMS 0x0000000087c00000, 0x0000000087c00000| Untracked 
|  95|0x0000000087d00000, 0x0000000087d00000, 0x0000000087e00000|  0%| F|  |TAMS 0x0000000087d00000, 0x0000000087d00000| Untracked 
|  96|0x0000000087e00000, 0x0000000087e00000, 0x0000000087f00000|  0%| F|  |TAMS 0x0000000087e00000, 0x0000000087e00000| Untracked 
|  97|0x0000000087f00000, 0x0000000087f00000, 0x0000000088000000|  0%| F|  |TAMS 0x0000000087f00000, 0x0000000087f00000| Untracked 
|  98|0x0000000088000000, 0x0000000088074700, 0x0000000088100000| 45%| S|CS|TAMS 0x0000000088000000, 0x0000000088000000| Complete 
|  99|0x0000000088100000, 0x0000000088200000, 0x0000000088200000|100%| S|CS|TAMS 0x0000000088100000, 0x0000000088100000| Complete 
| 100|0x0000000088200000, 0x0000000088300000, 0x0000000088300000|100%| S|CS|TAMS 0x0000000088200000, 0x0000000088200000| Complete 
| 101|0x0000000088300000, 0x0000000088300000, 0x0000000088400000|  0%| F|  |TAMS 0x0000000088300000, 0x0000000088300000| Untracked 
| 102|0x0000000088400000, 0x0000000088400000, 0x0000000088500000|  0%| F|  |TAMS 0x0000000088400000, 0x0000000088400000| Untracked 
| 103|0x0000000088500000, 0x0000000088500000, 0x0000000088600000|  0%| F|  |TAMS 0x0000000088500000, 0x0000000088500000| Untracked 
| 104|0x0000000088600000, 0x0000000088600000, 0x0000000088700000|  0%| F|  |TAMS 0x0000000088600000, 0x0000000088600000| Untracked 
| 105|0x0000000088700000, 0x0000000088700000, 0x0000000088800000|  0%| F|  |TAMS 0x0000000088700000, 0x0000000088700000| Untracked 
| 106|0x0000000088800000, 0x0000000088800000, 0x0000000088900000|  0%| F|  |TAMS 0x0000000088800000, 0x0000000088800000| Untracked 
| 107|0x0000000088900000, 0x0000000088900000, 0x0000000088a00000|  0%| F|  |TAMS 0x0000000088900000, 0x0000000088900000| Untracked 
| 108|0x0000000088a00000, 0x0000000088a00000, 0x0000000088b00000|  0%| F|  |TAMS 0x0000000088a00000, 0x0000000088a00000| Untracked 
| 109|0x0000000088b00000, 0x0000000088b00000, 0x0000000088c00000|  0%| F|  |TAMS 0x0000000088b00000, 0x0000000088b00000| Untracked 
| 110|0x0000000088c00000, 0x0000000088c00000, 0x0000000088d00000|  0%| F|  |TAMS 0x0000000088c00000, 0x0000000088c00000| Untracked 
| 111|0x0000000088d00000, 0x0000000088d00000, 0x0000000088e00000|  0%| F|  |TAMS 0x0000000088d00000, 0x0000000088d00000| Untracked 
| 112|0x0000000088e00000, 0x0000000088e00000, 0x0000000088f00000|  0%| F|  |TAMS 0x0000000088e00000, 0x0000000088e00000| Untracked 
| 113|0x0000000088f00000, 0x0000000088f00000, 0x0000000089000000|  0%| F|  |TAMS 0x0000000088f00000, 0x0000000088f00000| Untracked 
| 114|0x0000000089000000, 0x0000000089000000, 0x0000000089100000|  0%| F|  |TAMS 0x0000000089000000, 0x0000000089000000| Untracked 
| 115|0x0000000089100000, 0x0000000089100000, 0x0000000089200000|  0%| F|  |TAMS 0x0000000089100000, 0x0000000089100000| Untracked 
| 116|0x0000000089200000, 0x0000000089200000, 0x0000000089300000|  0%| F|  |TAMS 0x0000000089200000, 0x0000000089200000| Untracked 
| 117|0x0000000089300000, 0x00000000893e8db8, 0x0000000089400000| 90%| E|  |TAMS 0x0000000089300000, 0x0000000089300000| Complete 
| 118|0x0000000089400000, 0x0000000089500000, 0x0000000089500000|100%| E|CS|TAMS 0x0000000089400000, 0x0000000089400000| Complete 
| 119|0x0000000089500000, 0x0000000089600000, 0x0000000089600000|100%| E|CS|TAMS 0x0000000089500000, 0x0000000089500000| Complete 
| 120|0x0000000089600000, 0x0000000089700000, 0x0000000089700000|100%| E|CS|TAMS 0x0000000089600000, 0x0000000089600000| Complete 
| 121|0x0000000089700000, 0x0000000089800000, 0x0000000089800000|100%| E|CS|TAMS 0x0000000089700000, 0x0000000089700000| Complete 
| 122|0x0000000089800000, 0x0000000089900000, 0x0000000089900000|100%| E|CS|TAMS 0x0000000089800000, 0x0000000089800000| Complete 
| 123|0x0000000089900000, 0x0000000089a00000, 0x0000000089a00000|100%| E|CS|TAMS 0x0000000089900000, 0x0000000089900000| Complete 
| 124|0x0000000089a00000, 0x0000000089b00000, 0x0000000089b00000|100%| E|CS|TAMS 0x0000000089a00000, 0x0000000089a00000| Complete 
| 125|0x0000000089b00000, 0x0000000089c00000, 0x0000000089c00000|100%| E|CS|TAMS 0x0000000089b00000, 0x0000000089b00000| Complete 
| 126|0x0000000089c00000, 0x0000000089d00000, 0x0000000089d00000|100%| E|CS|TAMS 0x0000000089c00000, 0x0000000089c00000| Complete 
| 127|0x0000000089d00000, 0x0000000089e00000, 0x0000000089e00000|100%| E|CS|TAMS 0x0000000089d00000, 0x0000000089d00000| Complete 

Card table byte_map: [0x00000244f4740000,0x00000244f4b40000] _byte_map_base: 0x00000244f4331000

Marking Bits (Prev, Next): (CMBitMap*) 0x00000244ecae1b60, (CMBitMap*) 0x00000244ecae1ba0
 Prev Bits: [0x00000244f4f40000, 0x00000244f6ec8000)
 Next Bits: [0x00000244f6ed0000, 0x00000244f8e58000)

Polling page: 0x00000244eaa70000

Metaspace:

Usage:
  Non-class:     11.29 MB used.
      Class:      1.76 MB used.
       Both:     13.06 MB used.

Virtual space:
  Non-class space:       64.00 MB reserved,      11.38 MB ( 18%) committed,  1 nodes.
      Class space:        1.00 GB reserved,       1.88 MB ( <1%) committed,  1 nodes.
             Both:        1.06 GB reserved,      13.25 MB (  1%) committed. 

Chunk freelists:
   Non-Class:  4.45 MB
       Class:  14.08 MB
        Both:  18.53 MB

MaxMetaspaceSize: unlimited
CompressedClassSpaceSize: 1.00 GB
Initial GC threshold: 21.00 MB
Current GC threshold: 21.00 MB
CDS: on
MetaspaceReclaimPolicy: balanced
 - commit_granule_bytes: 65536.
 - commit_granule_words: 8192.
 - virtual_space_node_default_size: 8388608.
 - enlarge_chunks_in_place: 1.
 - new_chunks_are_fully_committed: 0.
 - uncommit_free_chunks: 1.
 - use_allocation_guard: 0.
 - handle_deallocations: 1.


Internal statistics:

num_allocs_failed_limit: 0.
num_arena_births: 192.
num_arena_deaths: 0.
num_vsnodes_births: 2.
num_vsnodes_deaths: 0.
num_space_committed: 212.
num_space_uncommitted: 0.
num_chunks_returned_to_freelist: 0.
num_chunks_taken_from_freelist: 603.
num_chunk_merges: 0.
num_chunk_splits: 407.
num_chunks_enlarged: 323.
num_inconsistent_stats: 0.

CodeHeap 'non-profiled nmethods': size=120000Kb used=658Kb max_used=658Kb free=119341Kb
 bounds [0x0000024487ad0000, 0x0000024487d40000, 0x000002448f000000]
CodeHeap 'profiled nmethods': size=120000Kb used=3768Kb max_used=3768Kb free=116231Kb
 bounds [0x0000024480000000, 0x00000244803b0000, 0x0000024487530000]
CodeHeap 'non-nmethods': size=5760Kb used=1181Kb max_used=1205Kb free=4578Kb
 bounds [0x0000024487530000, 0x00000244877a0000, 0x0000024487ad0000]
 total_blobs=2399 nmethods=1926 adapters=385
 compilation: enabled
              stopped_count=0, restarted_count=0
 full_count=0

Compilation events (20 events):
Event: 3.365 Thread 0x00000244fb3191a0 1901       3       java.util.concurrent.locks.ReentrantLock::unlock (10 bytes)
Event: 3.365 Thread 0x00000244fb3191a0 nmethod 1901 0x0000024480394b90 code [0x0000024480394d60, 0x0000024480395038]
Event: 3.365 Thread 0x00000244fb3191a0 1902       3       java.util.concurrent.locks.ReentrantLock$Sync::tryRelease (51 bytes)
Event: 3.366 Thread 0x00000244fb3191a0 nmethod 1902 0x0000024480395190 code [0x0000024480395340, 0x0000024480395688]
Event: 3.366 Thread 0x00000244fb3191a0 1904       3       org.springframework.util.ClassUtils::resolvePrimitiveIfNecessary (37 bytes)
Event: 3.367 Thread 0x00000244fb3191a0 nmethod 1904 0x0000024480395790 code [0x0000024480395960, 0x0000024480395db8]
Event: 3.368 Thread 0x00000244fb3191a0 1905   !   3       java.lang.invoke.InnerClassLambdaMetafactory::generateInnerClass (618 bytes)
Event: 3.375 Thread 0x00000244fb3191a0 nmethod 1905 0x0000024480395f10 code [0x0000024480396420, 0x0000024480398d88]
Event: 3.375 Thread 0x00000244fb3191a0 1906       3       java.lang.invoke.InnerClassLambdaMetafactory::generateConstructor (154 bytes)
Event: 3.376 Thread 0x00000244fb3191a0 nmethod 1906 0x0000024480399d90 code [0x000002448039a060, 0x000002448039b008]
Event: 3.376 Thread 0x00000244fb3191a0 1907       3       java.util.stream.StreamOpFlag::fromCharacteristics (37 bytes)
Event: 3.376 Thread 0x00000244fb3191a0 nmethod 1907 0x000002448039b590 code [0x000002448039b740, 0x000002448039ba78]
Event: 3.376 Thread 0x00000244fb3191a0 1908       3       java.util.stream.AbstractPipeline::<init> (55 bytes)
Event: 3.376 Thread 0x00000244fb3191a0 nmethod 1908 0x000002448039bb90 code [0x000002448039bd40, 0x000002448039c018]
Event: 3.378 Thread 0x00000244fb3191a0 1909       3       java.lang.Module::allows (60 bytes)
Event: 3.378 Thread 0x00000244fb3191a0 nmethod 1909 0x000002448039c110 code [0x000002448039c300, 0x000002448039c948]
Event: 3.379 Thread 0x00000244fb3191a0 1911       3       java.util.concurrent.ConcurrentMap::computeIfAbsent (51 bytes)
Event: 3.380 Thread 0x00000244fb3191a0 nmethod 1911 0x000002448039ca90 code [0x000002448039cc80, 0x000002448039d258]
Event: 3.380 Thread 0x00000244fb3191a0 1910       3       org.springframework.core.annotation.AnnotationTypeMappings::get (14 bytes)
Event: 3.380 Thread 0x00000244fb3191a0 nmethod 1910 0x000002448039d410 code [0x000002448039d5c0, 0x000002448039d888]

GC Heap History (6 events):
Event: 0.896 GC heap before
{Heap before GC invocations=0 (full 0):
 garbage-first heap   total 131072K, used 13312K [0x0000000081e00000, 0x0000000100000000)
  region size 1024K, 13 young (13312K), 0 survivors (0K)
 Metaspace       used 2630K, committed 2816K, reserved 1114112K
  class space    used 257K, committed 320K, reserved 1048576K
}
Event: 0.903 GC heap after
{Heap after GC invocations=1 (full 0):
 garbage-first heap   total 131072K, used 7408K [0x0000000081e00000, 0x0000000100000000)
  region size 1024K, 2 young (2048K), 2 survivors (2048K)
 Metaspace       used 2630K, committed 2816K, reserved 1114112K
  class space    used 257K, committed 320K, reserved 1048576K
}
Event: 1.269 GC heap before
{Heap before GC invocations=1 (full 0):
 garbage-first heap   total 131072K, used 16624K [0x0000000081e00000, 0x0000000100000000)
  region size 1024K, 11 young (11264K), 2 survivors (2048K)
 Metaspace       used 4544K, committed 4672K, reserved 1114112K
  class space    used 513K, committed 576K, reserved 1048576K
}
Event: 1.276 GC heap after
{Heap after GC invocations=2 (full 0):
 garbage-first heap   total 131072K, used 8195K [0x0000000081e00000, 0x0000000100000000)
  region size 1024K, 1 young (1024K), 1 survivors (1024K)
 Metaspace       used 4544K, committed 4672K, reserved 1114112K
  class space    used 513K, committed 576K, reserved 1048576K
}
Event: 3.066 GC heap before
{Heap before GC invocations=2 (full 0):
 garbage-first heap   total 131072K, used 34819K [0x0000000081e00000, 0x0000000100000000)
  region size 1024K, 27 young (27648K), 1 survivors (1024K)
 Metaspace       used 11081K, committed 11328K, reserved 1114112K
  class space    used 1417K, committed 1536K, reserved 1048576K
}
Event: 3.073 GC heap after
{Heap after GC invocations=3 (full 0):
 garbage-first heap   total 131072K, used 10122K [0x0000000081e00000, 0x0000000100000000)
  region size 1024K, 3 young (3072K), 3 survivors (3072K)
 Metaspace       used 11081K, committed 11328K, reserved 1114112K
  class space    used 1417K, committed 1536K, reserved 1048576K
}

Deoptimization events (20 events):
Event: 2.021 Thread 0x00000244d49de560 DEOPT PACKING pc=0x0000024487b27e78 sp=0x000000b77a1fd600
Event: 2.021 Thread 0x00000244d49de560 DEOPT UNPACKING pc=0x00000244875823a3 sp=0x000000b77a1fd588 mode 2
Event: 2.110 Thread 0x00000244d49de560 Uncommon trap: trap_request=0xffffff45 fr.pc=0x0000024487b5359c relative=0x0000000000000f7c
Event: 2.110 Thread 0x00000244d49de560 Uncommon trap: reason=unstable_if action=reinterpret pc=0x0000024487b5359c method=java.util.concurrent.ConcurrentHashMap.putVal(Ljava/lang/Object;Ljava/lang/Object;Z)Ljava/lang/Object; @ 148 c2
Event: 2.110 Thread 0x00000244d49de560 DEOPT PACKING pc=0x0000024487b5359c sp=0x000000b77a1fd200
Event: 2.110 Thread 0x00000244d49de560 DEOPT UNPACKING pc=0x00000244875823a3 sp=0x000000b77a1fd180 mode 2
Event: 2.356 Thread 0x00000244d51befb0 DEOPT PACKING pc=0x00000244801040fd sp=0x000000b77a2fde40
Event: 2.356 Thread 0x00000244d51befb0 DEOPT UNPACKING pc=0x0000024487582b43 sp=0x000000b77a2fd2c8 mode 0
Event: 3.091 Thread 0x00000244d49de560 Uncommon trap: trap_request=0xffffff45 fr.pc=0x0000024487b38260 relative=0x00000000000002c0
Event: 3.091 Thread 0x00000244d49de560 Uncommon trap: reason=unstable_if action=reinterpret pc=0x0000024487b38260 method=jdk.internal.org.objectweb.asm.SymbolTable.put(Ljdk/internal/org/objectweb/asm/SymbolTable$Entry;)Ljdk/internal/org/objectweb/asm/SymbolTable$Entry; @ 13 c2
Event: 3.091 Thread 0x00000244d49de560 DEOPT PACKING pc=0x0000024487b38260 sp=0x000000b77a1fd000
Event: 3.091 Thread 0x00000244d49de560 DEOPT UNPACKING pc=0x00000244875823a3 sp=0x000000b77a1fcf80 mode 2
Event: 3.254 Thread 0x00000244d51befb0 Uncommon trap: trap_request=0xffffff45 fr.pc=0x0000024487b3bd38 relative=0x0000000000000178
Event: 3.254 Thread 0x00000244d51befb0 Uncommon trap: reason=unstable_if action=reinterpret pc=0x0000024487b3bd38 method=java.util.concurrent.ConcurrentHashMap.addCount(JI)V @ 34 c2
Event: 3.254 Thread 0x00000244d51befb0 DEOPT PACKING pc=0x0000024487b3bd38 sp=0x000000b77a2fe7d0
Event: 3.254 Thread 0x00000244d51befb0 DEOPT UNPACKING pc=0x00000244875823a3 sp=0x000000b77a2fe710 mode 2
Event: 3.358 Thread 0x00000244d49de560 Uncommon trap: trap_request=0xffffffc6 fr.pc=0x0000024487b27e34 relative=0x0000000000000454
Event: 3.358 Thread 0x00000244d49de560 Uncommon trap: reason=bimorphic_or_optimized_type_check action=maybe_recompile pc=0x0000024487b27e34 method=java.util.HashMap.getNode(Ljava/lang/Object;)Ljava/util/HashMap$Node; @ 63 c2
Event: 3.358 Thread 0x00000244d49de560 DEOPT PACKING pc=0x0000024487b27e34 sp=0x000000b77a1fd670
Event: 3.358 Thread 0x00000244d49de560 DEOPT UNPACKING pc=0x00000244875823a3 sp=0x000000b77a1fd5e8 mode 2

Classes unloaded (0 events):
No events

Classes redefined (0 events):
No events

Internal exceptions (20 events):
Event: 1.655 Thread 0x00000244d49de560 Exception <a 'java/lang/NoSuchMethodError'{0x00000000895b0580}: 'java.lang.Object java.lang.invoke.DirectMethodHandle$Holder.newInvokeSpecial(java.lang.Object, java.lang.Object, java.lang.Object, java.lang.Object, java.lang.Object, java.lang.Object, int)'> (0x00000000895b0580) 
thrown [s\open\src\hotspot\share\interpreter\linkResolver.cpp, line 759]
Event: 1.655 Thread 0x00000244d49de560 Exception <a 'java/lang/NoSuchMethodError'{0x00000000895b55c0}: 'java.lang.Object java.lang.invoke.DirectMethodHandle$Holder.invokeSpecial(java.lang.Object, java.lang.Object, java.lang.Object, java.lang.Object, java.lang.Object, java.lang.Object, java.lang.Object, int)'> (0x00000000895b55c0) 
thrown [s\open\src\hotspot\share\interpreter\linkResolver.cpp, line 759]
Event: 1.713 Thread 0x00000244d49de560 Exception <a 'java/lang/NoSuchMethodError'{0x00000000893ee408}: 'int java.lang.invoke.DirectMethodHandle$Holder.invokeInterface(java.lang.Object, java.lang.Object)'> (0x00000000893ee408) 
thrown [s\open\src\hotspot\share\interpreter\linkResolver.cpp, line 759]
Event: 1.770 Thread 0x00000244d49de560 Exception <a 'java/lang/NoSuchMethodError'{0x00000000891023b0}: 'java.lang.Object java.lang.invoke.DirectMethodHandle$Holder.invokeSpecial(java.lang.Object, java.lang.Object, java.lang.Object, int, java.lang.Object)'> (0x00000000891023b0) 
thrown [s\open\src\hotspot\share\interpreter\linkResolver.cpp, line 759]
Event: 1.775 Thread 0x00000244d49de560 Exception <a 'java/lang/NoSuchMethodError'{0x000000008910aa10}: 'java.lang.Object java.lang.invoke.DirectMethodHandle$Holder.newInvokeSpecial(java.lang.Object, java.lang.Object, java.lang.Object, int, java.lang.Object)'> (0x000000008910aa10) 
thrown [s\open\src\hotspot\share\interpreter\linkResolver.cpp, line 759]
Event: 1.776 Thread 0x00000244d49de560 Exception <a 'java/lang/NoSuchMethodError'{0x00000000891123e0}: 'java.lang.Object java.lang.invoke.Invokers$Holder.linkToTargetMethod(java.lang.Object, java.lang.Object, int, java.lang.Object, java.lang.Object)'> (0x00000000891123e0) 
thrown [s\open\src\hotspot\share\interpreter\linkResolver.cpp, line 759]
Event: 1.778 Thread 0x00000244d49de560 Exception <a 'java/lang/NoSuchMethodError'{0x0000000089121ab8}: 'java.lang.Object java.lang.invoke.DirectMethodHandle$Holder.newInvokeSpecial(java.lang.Object, int, java.lang.Object)'> (0x0000000089121ab8) 
thrown [s\open\src\hotspot\share\interpreter\linkResolver.cpp, line 759]
Event: 1.779 Thread 0x00000244d49de560 Exception <a 'java/lang/NoSuchMethodError'{0x00000000891269d8}: 'int java.lang.invoke.DirectMethodHandle$Holder.invokeSpecialIFC(java.lang.Object, java.lang.Object, java.lang.Object, java.lang.Object)'> (0x00000000891269d8) 
thrown [s\open\src\hotspot\share\interpreter\linkResolver.cpp, line 759]
Event: 1.852 Thread 0x00000244d49de560 Exception <a 'java/lang/NoSuchMethodError'{0x00000000890c0878}: 'void java.lang.invoke.DirectMethodHandle$Holder.invokeInterface(java.lang.Object, java.lang.Object, java.lang.Object)'> (0x00000000890c0878) 
thrown [s\open\src\hotspot\share\interpreter\linkResolver.cpp, line 759]
Event: 1.895 Thread 0x00000244d49de560 Exception <a 'java/lang/NoSuchMethodError'{0x0000000088f8b3a0}: 'void java.lang.invoke.DirectMethodHandle$Holder.invokeStaticInit(java.lang.Object, java.lang.Object, java.lang.Object)'> (0x0000000088f8b3a0) 
thrown [s\open\src\hotspot\share\interpreter\linkResolver.cpp, line 759]
Event: 1.911 Thread 0x00000244d49de560 Exception <a 'java/lang/NoSuchMethodError'{0x0000000088fd1bc8}: 'java.lang.Object java.lang.invoke.DirectMethodHandle$Holder.invokeStatic(java.lang.Object, java.lang.Object, long, java.lang.Object)'> (0x0000000088fd1bc8) 
thrown [s\open\src\hotspot\share\interpreter\linkResolver.cpp, line 759]
Event: 1.912 Thread 0x00000244d49de560 Exception <a 'java/lang/NoSuchMethodError'{0x0000000088fd5660}: 'java.lang.Object java.lang.invoke.DirectMethodHandle$Holder.invokeStaticInit(java.lang.Object, java.lang.Object, long, java.lang.Object)'> (0x0000000088fd5660) 
thrown [s\open\src\hotspot\share\interpreter\linkResolver.cpp, line 759]
Event: 1.912 Thread 0x00000244d49de560 Exception <a 'java/lang/NoSuchMethodError'{0x0000000088fdbda8}: 'java.lang.Object java.lang.invoke.DirectMethodHandle$Holder.newInvokeSpecial(java.lang.Object, java.lang.Object, long)'> (0x0000000088fdbda8) 
thrown [s\open\src\hotspot\share\interpreter\linkResolver.cpp, line 759]
Event: 1.913 Thread 0x00000244d49de560 Exception <a 'java/lang/NoSuchMethodError'{0x0000000088fdf918}: 'java.lang.Object java.lang.invoke.Invokers$Holder.linkToTargetMethod(java.lang.Object, long, java.lang.Object)'> (0x0000000088fdf918) 
thrown [s\open\src\hotspot\share\interpreter\linkResolver.cpp, line 759]
Event: 1.938 Thread 0x00000244d49de560 Exception <a 'java/lang/NoSuchMethodError'{0x0000000088e34010}: 'void java.lang.invoke.DirectMethodHandle$Holder.invokeSpecial(java.lang.Object, java.lang.Object, java.lang.Object, java.lang.Object, java.lang.Object)'> (0x0000000088e34010) 
thrown [s\open\src\hotspot\share\interpreter\linkResolver.cpp, line 759]
Event: 1.942 Thread 0x00000244d49de560 Exception <a 'java/lang/NoSuchMethodError'{0x0000000088e3c5a0}: 'void java.lang.invoke.DirectMethodHandle$Holder.invokeVirtual(java.lang.Object, java.lang.Object, java.lang.Object, java.lang.Object)'> (0x0000000088e3c5a0) 
thrown [s\open\src\hotspot\share\interpreter\linkResolver.cpp, line 759]
Event: 2.020 Thread 0x00000244d49de560 Exception <a 'java/lang/NoSuchMethodError'{0x0000000088d9aa70}: 'void java.lang.invoke.DirectMethodHandle$Holder.invokeSpecial(java.lang.Object, java.lang.Object, java.lang.Object)'> (0x0000000088d9aa70) 
thrown [s\open\src\hotspot\share\interpreter\linkResolver.cpp, line 759]
Event: 2.022 Thread 0x00000244d49de560 Exception <a 'java/lang/NoSuchMethodError'{0x0000000088da9300}: 'java.lang.Object java.lang.invoke.DirectMethodHandle$Holder.invokeVirtual(java.lang.Object, java.lang.Object, java.lang.Object)'> (0x0000000088da9300) 
thrown [s\open\src\hotspot\share\interpreter\linkResolver.cpp, line 759]
Event: 2.032 Thread 0x00000244d49de560 Exception <a 'java/lang/NoSuchMethodError'{0x0000000088de1268}: 'void java.lang.invoke.DirectMethodHandle$Holder.invokeStatic(java.lang.Object, java.lang.Object, int)'> (0x0000000088de1268) 
thrown [s\open\src\hotspot\share\interpreter\linkResolver.cpp, line 759]
Event: 2.056 Thread 0x00000244d49de560 Exception <a 'java/lang/IncompatibleClassChangeError'{0x0000000088c3b890}: Found class java.lang.Object, but interface was expected> (0x0000000088c3b890) 
thrown [s\open\src\hotspot\share\interpreter\linkResolver.cpp, line 826]

VM Operations (20 events):
Event: 1.269 Executing VM operation: G1CollectForAllocation
Event: 1.276 Executing VM operation: G1CollectForAllocation done
Event: 1.382 Executing VM operation: HandshakeAllThreads
Event: 1.382 Executing VM operation: HandshakeAllThreads done
Event: 1.731 Executing VM operation: HandshakeAllThreads
Event: 1.731 Executing VM operation: HandshakeAllThreads done
Event: 2.014 Executing VM operation: HandshakeAllThreads
Event: 2.014 Executing VM operation: HandshakeAllThreads done
Event: 2.023 Executing VM operation: ICBufferFull
Event: 2.023 Executing VM operation: ICBufferFull done
Event: 3.027 Executing VM operation: Cleanup
Event: 3.028 Executing VM operation: Cleanup done
Event: 3.066 Executing VM operation: G1CollectForAllocation
Event: 3.073 Executing VM operation: G1CollectForAllocation done
Event: 3.303 Executing VM operation: HandshakeAllThreads
Event: 3.303 Executing VM operation: HandshakeAllThreads done
Event: 3.363 Executing VM operation: HandshakeAllThreads
Event: 3.363 Executing VM operation: HandshakeAllThreads done
Event: 3.387 Executing VM operation: HandshakeAllThreads
Event: 3.387 Executing VM operation: HandshakeAllThreads done

Events (20 events):
Event: 3.366 loading class jdk/internal/loader/BootLoader$PackageHelper
Event: 3.366 loading class jdk/internal/loader/BootLoader$PackageHelper done
Event: 3.380 loading class sun/reflect/annotation/TypeAnnotation$TypeAnnotationTarget
Event: 3.380 loading class sun/reflect/annotation/TypeAnnotation$TypeAnnotationTarget done
Event: 3.380 loading class sun/reflect/annotation/TypeAnnotationParser
Event: 3.381 loading class sun/reflect/annotation/TypeAnnotationParser done
Event: 3.381 loading class sun/reflect/annotation/TypeAnnotation
Event: 3.381 loading class sun/reflect/annotation/TypeAnnotation done
Event: 3.381 loading class sun/reflect/annotation/TypeAnnotation$LocationInfo
Event: 3.381 loading class sun/reflect/annotation/TypeAnnotation$LocationInfo done
Event: 3.381 loading class sun/reflect/annotation/TypeAnnotation$LocationInfo$Location
Event: 3.381 loading class sun/reflect/annotation/TypeAnnotation$LocationInfo$Location done
Event: 3.381 loading class sun/reflect/annotation/AnnotatedTypeFactory
Event: 3.381 loading class sun/reflect/annotation/AnnotatedTypeFactory done
Event: 3.381 loading class sun/reflect/annotation/AnnotatedTypeFactory$AnnotatedTypeBaseImpl
Event: 3.382 loading class sun/reflect/annotation/AnnotatedTypeFactory$AnnotatedTypeBaseImpl done
Event: 3.382 loading class java/lang/reflect/AnnotatedParameterizedType
Event: 3.382 loading class java/lang/reflect/AnnotatedParameterizedType done
Event: 3.382 loading class java/lang/reflect/AnnotatedArrayType
Event: 3.382 loading class java/lang/reflect/AnnotatedArrayType done


Dynamic libraries:
0x00007ff7023d0000 - 0x00007ff7023e0000 	C:\Program Files\Java\jdk-17\bin\javaw.exe
0x00007ffd8d9d0000 - 0x00007ffd8dbc8000 	C:\WINDOWS\SYSTEM32\ntdll.dll
0x00007ffd8d7a0000 - 0x00007ffd8d862000 	C:\WINDOWS\System32\KERNEL32.DLL
0x00007ffd8b350000 - 0x00007ffd8b646000 	C:\WINDOWS\System32\KERNELBASE.dll
0x00007ffd8b060000 - 0x00007ffd8b160000 	C:\WINDOWS\System32\ucrtbase.dll
0x00007ffd6f740000 - 0x00007ffd6f759000 	C:\Program Files\Java\jdk-17\bin\jli.dll
0x00007ffd8cd90000 - 0x00007ffd8ce41000 	C:\WINDOWS\System32\ADVAPI32.dll
0x00007ffd65980000 - 0x00007ffd6599b000 	C:\Program Files\Java\jdk-17\bin\VCRUNTIME140.dll
0x00007ffd8c1b0000 - 0x00007ffd8c24e000 	C:\WINDOWS\System32\msvcrt.dll
0x00007ffd8bb90000 - 0x00007ffd8bc2f000 	C:\WINDOWS\System32\sechost.dll
0x00007ffd8d870000 - 0x00007ffd8d990000 	C:\WINDOWS\System32\RPCRT4.dll
0x00007ffd8b280000 - 0x00007ffd8b2a7000 	C:\WINDOWS\System32\bcrypt.dll
0x00007ffd8caf0000 - 0x00007ffd8cc91000 	C:\WINDOWS\System32\USER32.dll
0x00007ffd8b9c0000 - 0x00007ffd8b9e2000 	C:\WINDOWS\System32\win32u.dll
0x00007ffd8d390000 - 0x00007ffd8d3bb000 	C:\WINDOWS\System32\GDI32.dll
0x00007ffd8b160000 - 0x00007ffd8b279000 	C:\WINDOWS\System32\gdi32full.dll
0x00007ffd8b2b0000 - 0x00007ffd8b34d000 	C:\WINDOWS\System32\msvcp_win.dll
0x00007ffd7aef0000 - 0x00007ffd7b18b000 	C:\WINDOWS\WinSxS\amd64_microsoft.windows.common-controls_6595b64144ccf1df_6.0.19041.6456_none_60b8a6cb71f64256\COMCTL32.dll
0x00007ffd7a7d0000 - 0x00007ffd7a7da000 	C:\WINDOWS\SYSTEM32\VERSION.dll
0x00007ffd8bc30000 - 0x00007ffd8bc5f000 	C:\WINDOWS\System32\IMM32.DLL
0x00007ffd75550000 - 0x00007ffd7555c000 	C:\Program Files\Java\jdk-17\bin\vcruntime140_1.dll
0x00007ffd61080000 - 0x00007ffd6110e000 	C:\Program Files\Java\jdk-17\bin\msvcp140.dll
0x00007ffd3b2b0000 - 0x00007ffd3be90000 	C:\Program Files\Java\jdk-17\bin\server\jvm.dll
0x00007ffd8d3d0000 - 0x00007ffd8d3d8000 	C:\WINDOWS\System32\PSAPI.DLL
0x00007ffd874c0000 - 0x00007ffd874c9000 	C:\WINDOWS\SYSTEM32\WSOCK32.dll
0x00007ffd7bc10000 - 0x00007ffd7bc37000 	C:\WINDOWS\SYSTEM32\WINMM.dll
0x00007ffd8d320000 - 0x00007ffd8d38b000 	C:\WINDOWS\System32\WS2_32.dll
0x00007ffd89870000 - 0x00007ffd89882000 	C:\WINDOWS\SYSTEM32\kernel.appcore.dll
0x00007ffd87900000 - 0x00007ffd8790a000 	C:\Program Files\Java\jdk-17\bin\jimage.dll
0x00007ffd89630000 - 0x00007ffd89831000 	C:\WINDOWS\SYSTEM32\DBGHELP.DLL
0x00007ffd772f0000 - 0x00007ffd77324000 	C:\WINDOWS\SYSTEM32\dbgcore.DLL
0x00007ffd8b6a0000 - 0x00007ffd8b722000 	C:\WINDOWS\System32\bcryptPrimitives.dll
0x00007ffd70a90000 - 0x00007ffd70ab5000 	C:\Program Files\Java\jdk-17\bin\java.dll
0x00007ffd5ea00000 - 0x00007ffd5ead7000 	C:\Program Files\Java\jdk-17\bin\jsvml.dll
0x00007ffd8c250000 - 0x00007ffd8c9c0000 	C:\WINDOWS\System32\SHELL32.dll
0x00007ffd88e80000 - 0x00007ffd89625000 	C:\WINDOWS\SYSTEM32\windows.storage.dll
0x00007ffd8be50000 - 0x00007ffd8c1a4000 	C:\WINDOWS\System32\combase.dll
0x00007ffd8aa90000 - 0x00007ffd8aabb000 	C:\WINDOWS\SYSTEM32\Wldp.dll
0x00007ffd8bd80000 - 0x00007ffd8be4d000 	C:\WINDOWS\System32\OLEAUT32.dll
0x00007ffd8c9c0000 - 0x00007ffd8ca6d000 	C:\WINDOWS\System32\SHCORE.dll
0x00007ffd8d3e0000 - 0x00007ffd8d43b000 	C:\WINDOWS\System32\shlwapi.dll
0x00007ffd8af90000 - 0x00007ffd8afb4000 	C:\WINDOWS\SYSTEM32\profapi.dll
0x00007ffd70b80000 - 0x00007ffd70b99000 	C:\Program Files\Java\jdk-17\bin\net.dll
0x00007ffd80fa0000 - 0x00007ffd810aa000 	C:\WINDOWS\SYSTEM32\WINHTTP.dll
0x00007ffd8a7f0000 - 0x00007ffd8a85a000 	C:\WINDOWS\system32\mswsock.dll
0x00007ffd70a70000 - 0x00007ffd70a86000 	C:\Program Files\Java\jdk-17\bin\nio.dll
0x00007ffd70840000 - 0x00007ffd70858000 	C:\Program Files\Java\jdk-17\bin\zip.dll
0x00007ffd76d20000 - 0x00007ffd76d2a000 	C:\Program Files\Java\jdk-17\bin\management.dll
0x00007ffd75640000 - 0x00007ffd7564b000 	C:\Program Files\Java\jdk-17\bin\management_ext.dll

dbghelp: loaded successfully - version: 4.0.5 - missing functions: none
symbol engine: initialized successfully - sym options: 0x614 - pdb path: .;C:\Program Files\Java\jdk-17\bin;C:\WINDOWS\SYSTEM32;C:\WINDOWS\WinSxS\amd64_microsoft.windows.common-controls_6595b64144ccf1df_6.0.19041.6456_none_60b8a6cb71f64256;C:\Program Files\Java\jdk-17\bin\server

VM Arguments:
jvm_args: -Dfile.encoding=UTF-8 -XX:+ShowCodeDetailsInExceptionMessages 
java_command: com.astroganit.AstroGanitApiNewApplication
java_class_path (initial): D:\Ecllipse-Projects\AstroGanitApiNew\target\classes;C:\Users\Amit\.m2\repository\org\springframework\boot\spring-boot-starter-data-jpa\3.2.4\spring-boot-starter-data-jpa-3.2.4.jar;C:\Users\Amit\.m2\repository\org\springframework\boot\spring-boot-starter-aop\3.2.4\spring-boot-starter-aop-3.2.4.jar;C:\Users\Amit\.m2\repository\org\aspectj\aspectjweaver\1.9.21\aspectjweaver-1.9.21.jar;C:\Users\Amit\.m2\repository\org\springframework\boot\spring-boot-starter-jdbc\3.2.4\spring-boot-starter-jdbc-3.2.4.jar;C:\Users\Amit\.m2\repository\com\zaxxer\HikariCP\5.0.1\HikariCP-5.0.1.jar;C:\Users\Amit\.m2\repository\org\springframework\spring-jdbc\6.1.5\spring-jdbc-6.1.5.jar;C:\Users\Amit\.m2\repository\org\hibernate\orm\hibernate-core\6.4.4.Final\hibernate-core-6.4.4.Final.jar;C:\Users\Amit\.m2\repository\jakarta\persistence\jakarta.persistence-api\3.1.0\jakarta.persistence-api-3.1.0.jar;C:\Users\Amit\.m2\repository\jakarta\transaction\jakarta.transaction-api\2.0.1\jakarta.transaction-api-2.0.1.jar;C:\Users\Amit\.m2\repository\org\jboss\logging\jboss-logging\3.5.3.Final\jboss-logging-3.5.3.Final.jar;C:\Users\Amit\.m2\repository\org\hibernate\common\hibernate-commons-annotations\6.0.6.Final\hibernate-commons-annotations-6.0.6.Final.jar;C:\Users\Amit\.m2\repository\io\smallrye\jandex\3.1.2\jandex-3.1.2.jar;C:\Users\Amit\.m2\repository\net\bytebuddy\byte-buddy\1.14.12\byte-buddy-1.14.12.jar;C:\Users\Amit\.m2\repository\jakarta\inject\jakarta.inject-api\2.0.1\jakarta.inject-api-2.0.1.jar;C:\Users\Amit\.m2\repository\org\antlr\antlr4-runtime\4.13.0\antlr4-runtime-4.13.0.jar;C:\Users\Amit\.m2\repository\org\springframework\data\spring-data-jpa\3.2.4\spring-data-jpa-3.2.4.jar;C:\Users\Amit\.m2\repository\org\springframework\data\spring-data-commons\3.2.4\spring-data-commons-3.2.4.jar;C:\Users\Amit\.m2\repository\org\springframework\spring-orm\6.1.5\spring-orm-6.1.5.jar;C:\Users\Amit\.m2\repository\org\springframework\spring-context\6.1.5\spring-context-6.1.5
Launcher Type: SUN_STANDARD

[Global flags]
     intx CICompilerCount                          = 3                                         {product} {ergonomic}
     uint ConcGCThreads                            = 1                                         {product} {ergonomic}
     uint G1ConcRefinementThreads                  = 4                                         {product} {ergonomic}
   size_t G1HeapRegionSize                         = 1048576                                   {product} {ergonomic}
    uintx GCDrainStackTargetSize                   = 64                                        {product} {ergonomic}
   size_t InitialHeapSize                          = 134217728                                 {product} {ergonomic}
   size_t MarkStackSize                            = 4194304                                   {product} {ergonomic}
   size_t MaxHeapSize                              = 2116026368                                {product} {ergonomic}
   size_t MaxNewSize                               = 1268776960                                {product} {ergonomic}
   size_t MinHeapDeltaBytes                        = 1048576                                   {product} {ergonomic}
   size_t MinHeapSize                              = 8388608                                   {product} {ergonomic}
    uintx NonNMethodCodeHeapSize                   = 5832780                                {pd product} {ergonomic}
    uintx NonProfiledCodeHeapSize                  = 122912730                              {pd product} {ergonomic}
    uintx ProfiledCodeHeapSize                     = 122912730                              {pd product} {ergonomic}
    uintx ReservedCodeCacheSize                    = 251658240                              {pd product} {ergonomic}
     bool SegmentedCodeCache                       = true                                      {product} {ergonomic}
     bool ShowCodeDetailsInExceptionMessages       = true                                   {manageable} {command line}
   size_t SoftMaxHeapSize                          = 2116026368                             {manageable} {ergonomic}
     bool UseCompressedClassPointers               = true                           {product lp64_product} {ergonomic}
     bool UseCompressedOops                        = true                           {product lp64_product} {ergonomic}
     bool UseG1GC                                  = true                                      {product} {ergonomic}
     bool UseLargePagesIndividualAllocation        = false                                  {pd product} {ergonomic}

Logging:
Log output configuration:
 #0: stdout all=warning uptime,level,tags
 #1: stderr all=off uptime,level,tags

Environment Variables:
JAVA_HOME=C:\Program Files\Java\jdk-17
PATH=C:/Program Files/Java/jdk-17/bin/server;C:/Program Files/Java/jdk-17/bin;C:\Program Files\nodejs;C:\Program Files\Git\cmd;C:\Program Files\Git\bin;C:\Program Files\Java\jdk-17\bin;C:\Windows\System32;C:\Windows\System32\OpenSSH;C:\Program Files\MySQL\MySQL Shell 8.0\bin\;C:\Program Files\nodejs;C:\Program Files\Git\cmd;C:\Program Files\Git\bin;C:\Program Files\Java\jdk-17\bin;C:\Windows\System32;C:\Windows\System32\OpenSSH;;C:\Program Files\android-sdk-windows\platform-tools;C:\Users\Amit\AppData\Roaming\npm;C:\Users\Amit\AppData\Local\Programs\Microsoft VS Code\bin;D:\Maven\apache-maven-3.9.8\bin;;C:\WINDOWS\system32;
USERNAME=Amit
OS=Windows_NT
PROCESSOR_IDENTIFIER=Intel64 Family 6 Model 61 Stepping 4, GenuineIntel



---------------  S Y S T E M  ---------------

OS:
 Windows 10 , 64 bit Build 19041 (10.0.19041.5915)
OS uptime: 4 days 20:17 hours

CPU: total 4 (initial active 4) (2 cores per cpu, 2 threads per core) family 6 model 61 stepping 4 microcode 0x2d, cx8, cmov, fxsr, ht, mmx, 3dnowpref, sse, sse2, sse3, ssse3, sse4.1, sse4.2, popcnt, lzcnt, tsc, tscinvbit, avx, avx2, aes, erms, clmul, bmi1, bmi2, rtm, adx, fma, vzeroupper, clflush

Memory: 4k page, system-wide physical 8067M (381M free)
TotalPageFile size 24037M (AvailPageFile size 2M)
current process WorkingSet (physical memory assigned to process): 115M, peak: 115M
current process commit charge ("private bytes"): 245M, peak: 245M

vm_info: Java HotSpot(TM) 64-Bit Server VM (17.0.11+7-LTS-207) for windows-amd64 JRE (17.0.11+7-LTS-207), built on Mar 11 2024 19:01:50 by "mach5one" with MS VC++ 17.6 (VS2022)

END.
